[2024-09-12T22:32:41.673+0000] {local_task_job_runner.py:120} INFO - ::group::Pre task execution logs
[2024-09-12T22:32:41.685+0000] {taskinstance.py:2076} INFO - Dependencies all met for dep_context=non-requeueable deps ti=<TaskInstance: example_python_operator_hook.call_api_task manual__2024-09-12T22:32:40.289778+00:00 [queued]>
[2024-09-12T22:32:41.690+0000] {taskinstance.py:2076} INFO - Dependencies all met for dep_context=requeueable deps ti=<TaskInstance: example_python_operator_hook.call_api_task manual__2024-09-12T22:32:40.289778+00:00 [queued]>
[2024-09-12T22:32:41.691+0000] {taskinstance.py:2306} INFO - Starting attempt 1 of 2
[2024-09-12T22:32:41.701+0000] {taskinstance.py:2330} INFO - Executing <Task(PythonOperator): call_api_task> on 2024-09-12 22:32:40.289778+00:00
[2024-09-12T22:32:41.708+0000] {logging_mixin.py:188} WARNING - /home/***/.local/lib/python3.12/site-packages/***/task/task_runner/standard_task_runner.py:61 DeprecationWarning: This process (pid=2131) is multi-threaded, use of fork() may lead to deadlocks in the child.
[2024-09-12T22:32:41.707+0000] {standard_task_runner.py:90} INFO - Running: ['***', 'tasks', 'run', 'example_python_operator_hook', 'call_api_task', 'manual__2024-09-12T22:32:40.289778+00:00', '--job-id', '102', '--raw', '--subdir', 'DAGS_FOLDER/example_python_operator_hook.py', '--cfg-path', '/tmp/tmp0ybhr2h2']
[2024-09-12T22:32:41.708+0000] {standard_task_runner.py:63} INFO - Started process 2133 to run task
[2024-09-12T22:32:41.708+0000] {standard_task_runner.py:91} INFO - Job 102: Subtask call_api_task
[2024-09-12T22:32:41.737+0000] {task_command.py:426} INFO - Running <TaskInstance: example_python_operator_hook.call_api_task manual__2024-09-12T22:32:40.289778+00:00 [running]> on host 1ab47b72986b
[2024-09-12T22:32:41.797+0000] {taskinstance.py:2648} INFO - Exporting env vars: AIRFLOW_CTX_DAG_OWNER='***' AIRFLOW_CTX_DAG_ID='example_python_operator_hook' AIRFLOW_CTX_TASK_ID='call_api_task' AIRFLOW_CTX_EXECUTION_DATE='2024-09-12T22:32:40.289778+00:00' AIRFLOW_CTX_TRY_NUMBER='1' AIRFLOW_CTX_DAG_RUN_ID='manual__2024-09-12T22:32:40.289778+00:00'
[2024-09-12T22:32:41.798+0000] {taskinstance.py:430} INFO - ::endgroup::
[2024-09-12T22:32:41.812+0000] {base.py:84} INFO - Using connection ID 'ingestion_api' for task execution.
[2024-09-12T22:32:42.007+0000] {logging_mixin.py:188} INFO - DataFrame saved to PostgreSQL successfully.
[2024-09-12T22:32:42.012+0000] {connection.py:274} WARNING - Connection schemes (type: google_cloud_platform) shall not contain '_' according to RFC3986.
[2024-09-12T22:32:42.017+0000] {base.py:84} INFO - Using connection ID 'google_cloud_default' for task execution.
[2024-09-12T22:32:42.520+0000] {logging_mixin.py:188} INFO - File uploaded to weather_bucket_it_skolan/weather_data.csv
[2024-09-12T22:32:42.522+0000] {python.py:237} INFO - Done. Returned value was: {'clouds': {0: 50, 1: 50, 2: 65}, 'datetime': {0: '2024-09-09', 1: '2024-09-10', 2: '2024-09-11'}, 'dewpt': {0: 12.3, 1: 12.4, 2: 11.7}, 'dhi': {0: 41, 1: 41, 2: 40}, 'dni': {0: 344, 1: 341, 2: 337}, 'ghi': {0: 183, 1: 180, 2: 177}, 'max_dhi': {0: 100, 1: 100, 2: 99}, 'max_dni': {0: 812, 1: 810, 2: 808}, 'max_ghi': {0: 567, 1: 561, 2: 554}, 'max_temp': {0: 23, 1: 19, 2: 16}, 'max_temp_ts': {0: 1725876000, 1: 1725976800, 2: 1726034400}, 'max_uv': {0: 2.9, 1: 3.7, 2: 1.2}, 'max_wind_dir': {0: 123, 1: 172, 2: 173}, 'max_wind_spd': {0: 9.0, 1: 8.5, 2: 6.8}, 'max_wind_spd_ts': {0: 1725890400, 1: 1725930000, 2: 1726059600}, 'min_temp': {0: 16, 1: 13, 2: 9}, 'min_temp_ts': {0: 1725854400, 1: 1726002000, 2: 1726088400}, 'precip': {0: 6.1, 1: 16.0, 2: 24.0}, 'precip_gpm': {0: 6.1, 1: 16.0, 2: 24.0}, 'pres': {0: 1006, 1: 996, 2: 997}, 'revision_status': {0: 'interim', 1: 'interim', 2: 'interim'}, 'rh': {0: 64, 1: 77, 2: 87}, 'slp': {0: 1007, 1: 997, 2: 998}, 'snow': {0: 0, 1: 0, 2: 0}, 'snow_depth': {0: None, 1: None, 2: None}, 'solar_rad': {0: 175, 1: 137, 2: 34}, 't_dhi': {0: 982, 1: 973, 2: 963}, 't_dni': {0: 8258, 1: 8180, 2: 8100}, 't_ghi': {0: 4397, 1: 4326, 2: 4254}, 't_solar_rad': {0: 4194, 1: 3290, 2: 810}, 'temp': {0: 19.8, 1: 16.8, 2: 13.9}, 'ts': {0: 1725832800, 1: 1725919200, 2: 1726005600}, 'wind_dir': {0: 123, 1: 172, 2: 173}, 'wind_gust_spd': {0: 12.4, 1: 13.2, 2: 12.8}, 'wind_spd': {0: 6.1, 1: 4.9, 2: 4.1}}
[2024-09-12T22:32:42.523+0000] {taskinstance.py:441} INFO - ::group::Post task execution logs
[2024-09-12T22:32:42.543+0000] {taskinstance.py:1206} INFO - Marking task as SUCCESS. dag_id=example_python_operator_hook, task_id=call_api_task, run_id=manual__2024-09-12T22:32:40.289778+00:00, execution_date=20240912T223240, start_date=20240912T223241, end_date=20240912T223242
[2024-09-12T22:32:42.563+0000] {local_task_job_runner.py:240} INFO - Task exited with return code 0
[2024-09-12T22:32:42.578+0000] {taskinstance.py:3498} INFO - 1 downstream tasks scheduled from follow-on schedule check
[2024-09-12T22:32:42.579+0000] {local_task_job_runner.py:222} INFO - ::endgroup::
