[2024-09-15T17:02:37.613+0000] {local_task_job_runner.py:120} INFO - ::group::Pre task execution logs
[2024-09-15T17:02:37.624+0000] {taskinstance.py:2076} INFO - Dependencies all met for dep_context=non-requeueable deps ti=<TaskInstance: example_python_operator_hook.get_dataframe_task manual__2024-09-15T17:02:36.028829+00:00 [queued]>
[2024-09-15T17:02:37.630+0000] {taskinstance.py:2076} INFO - Dependencies all met for dep_context=requeueable deps ti=<TaskInstance: example_python_operator_hook.get_dataframe_task manual__2024-09-15T17:02:36.028829+00:00 [queued]>
[2024-09-15T17:02:37.630+0000] {taskinstance.py:2306} INFO - Starting attempt 1 of 2
[2024-09-15T17:02:37.640+0000] {taskinstance.py:2330} INFO - Executing <Task(PythonOperator): get_dataframe_task> on 2024-09-15 17:02:36.028829+00:00
[2024-09-15T17:02:37.646+0000] {standard_task_runner.py:90} INFO - Running: ['***', 'tasks', 'run', 'example_python_operator_hook', 'get_dataframe_task', 'manual__2024-09-15T17:02:36.028829+00:00', '--job-id', '194', '--raw', '--subdir', 'DAGS_FOLDER/example_python_operator_hook.py', '--cfg-path', '/tmp/tmp5hvo_1ir']
[2024-09-15T17:02:37.648+0000] {standard_task_runner.py:91} INFO - Job 194: Subtask get_dataframe_task
[2024-09-15T17:02:37.649+0000] {logging_mixin.py:188} WARNING - /home/***/.local/lib/python3.12/site-packages/***/task/task_runner/standard_task_runner.py:61 DeprecationWarning: This process (pid=598) is multi-threaded, use of fork() may lead to deadlocks in the child.
[2024-09-15T17:02:37.650+0000] {standard_task_runner.py:63} INFO - Started process 606 to run task
[2024-09-15T17:02:37.675+0000] {task_command.py:426} INFO - Running <TaskInstance: example_python_operator_hook.get_dataframe_task manual__2024-09-15T17:02:36.028829+00:00 [running]> on host 81bcc4ceaa16
[2024-09-15T17:02:37.732+0000] {taskinstance.py:2648} INFO - Exporting env vars: AIRFLOW_CTX_DAG_OWNER='***' AIRFLOW_CTX_DAG_ID='example_python_operator_hook' AIRFLOW_CTX_TASK_ID='get_dataframe_task' AIRFLOW_CTX_EXECUTION_DATE='2024-09-15T17:02:36.028829+00:00' AIRFLOW_CTX_TRY_NUMBER='1' AIRFLOW_CTX_DAG_RUN_ID='manual__2024-09-15T17:02:36.028829+00:00'
[2024-09-15T17:02:37.732+0000] {taskinstance.py:430} INFO - ::endgroup::
[2024-09-15T17:02:37.743+0000] {python.py:237} INFO - Done. Returned value was:    column1 column2
0        1       a
1        2       b
2        3       c
[2024-09-15T17:02:37.747+0000] {taskinstance.py:441} INFO - ::group::Post task execution logs
[2024-09-15T17:02:37.770+0000] {taskinstance.py:1206} INFO - Marking task as SUCCESS. dag_id=example_python_operator_hook, task_id=get_dataframe_task, run_id=manual__2024-09-15T17:02:36.028829+00:00, execution_date=20240915T170236, start_date=20240915T170237, end_date=20240915T170237
[2024-09-15T17:02:37.823+0000] {local_task_job_runner.py:240} INFO - Task exited with return code 0
[2024-09-15T17:02:37.838+0000] {taskinstance.py:3498} INFO - 1 downstream tasks scheduled from follow-on schedule check
[2024-09-15T17:02:37.840+0000] {local_task_job_runner.py:222} INFO - ::endgroup::
