[2024-09-09T10:12:26.176+0000] {processor.py:186} INFO - Started process (PID=97) to work on /home/airflow/.local/lib/python3.12/site-packages/airflow/example_dags/example_branch_labels.py
[2024-09-09T10:12:26.176+0000] {processor.py:914} INFO - Processing file /home/airflow/.local/lib/python3.12/site-packages/airflow/example_dags/example_branch_labels.py for tasks to queue
[2024-09-09T10:12:26.178+0000] {logging_mixin.py:190} INFO - [2024-09-09T10:12:26.178+0000] {dagbag.py:587} INFO - Filling up the DagBag from /home/airflow/.local/lib/python3.12/site-packages/airflow/example_dags/example_branch_labels.py
[2024-09-09T10:12:26.185+0000] {processor.py:925} INFO - DAG(s) 'example_branch_labels' retrieved from /home/airflow/.local/lib/python3.12/site-packages/airflow/example_dags/example_branch_labels.py
[2024-09-09T10:12:26.199+0000] {logging_mixin.py:190} INFO - [2024-09-09T10:12:26.199+0000] {dag.py:3211} INFO - Sync 1 DAGs
[2024-09-09T10:12:26.216+0000] {logging_mixin.py:190} INFO - [2024-09-09T10:12:26.216+0000] {dag.py:4138} INFO - Setting next_dagrun for example_branch_labels to 2024-09-08 00:00:00+00:00, run_after=2024-09-09 00:00:00+00:00
[2024-09-09T10:12:26.229+0000] {processor.py:208} INFO - Processing /home/airflow/.local/lib/python3.12/site-packages/airflow/example_dags/example_branch_labels.py took 0.057 seconds
[2024-09-09T10:12:57.177+0000] {processor.py:186} INFO - Started process (PID=159) to work on /home/airflow/.local/lib/python3.12/site-packages/airflow/example_dags/example_branch_labels.py
[2024-09-09T10:12:57.177+0000] {processor.py:914} INFO - Processing file /home/airflow/.local/lib/python3.12/site-packages/airflow/example_dags/example_branch_labels.py for tasks to queue
[2024-09-09T10:12:57.179+0000] {logging_mixin.py:190} INFO - [2024-09-09T10:12:57.179+0000] {dagbag.py:587} INFO - Filling up the DagBag from /home/airflow/.local/lib/python3.12/site-packages/airflow/example_dags/example_branch_labels.py
[2024-09-09T10:12:57.185+0000] {processor.py:925} INFO - DAG(s) 'example_branch_labels' retrieved from /home/airflow/.local/lib/python3.12/site-packages/airflow/example_dags/example_branch_labels.py
[2024-09-09T10:12:57.199+0000] {logging_mixin.py:190} INFO - [2024-09-09T10:12:57.198+0000] {dag.py:3211} INFO - Sync 1 DAGs
[2024-09-09T10:12:57.219+0000] {logging_mixin.py:190} INFO - [2024-09-09T10:12:57.218+0000] {dag.py:4138} INFO - Setting next_dagrun for example_branch_labels to 2024-09-08 00:00:00+00:00, run_after=2024-09-09 00:00:00+00:00
[2024-09-09T10:12:57.230+0000] {processor.py:208} INFO - Processing /home/airflow/.local/lib/python3.12/site-packages/airflow/example_dags/example_branch_labels.py took 0.057 seconds
[2024-09-09T10:13:27.966+0000] {processor.py:186} INFO - Started process (PID=221) to work on /home/airflow/.local/lib/python3.12/site-packages/airflow/example_dags/example_branch_labels.py
[2024-09-09T10:13:27.966+0000] {processor.py:914} INFO - Processing file /home/airflow/.local/lib/python3.12/site-packages/airflow/example_dags/example_branch_labels.py for tasks to queue
[2024-09-09T10:13:27.968+0000] {logging_mixin.py:190} INFO - [2024-09-09T10:13:27.968+0000] {dagbag.py:587} INFO - Filling up the DagBag from /home/airflow/.local/lib/python3.12/site-packages/airflow/example_dags/example_branch_labels.py
[2024-09-09T10:13:27.974+0000] {processor.py:925} INFO - DAG(s) 'example_branch_labels' retrieved from /home/airflow/.local/lib/python3.12/site-packages/airflow/example_dags/example_branch_labels.py
[2024-09-09T10:13:27.990+0000] {logging_mixin.py:190} INFO - [2024-09-09T10:13:27.990+0000] {dag.py:3211} INFO - Sync 1 DAGs
[2024-09-09T10:13:28.008+0000] {logging_mixin.py:190} INFO - [2024-09-09T10:13:28.008+0000] {dag.py:4138} INFO - Setting next_dagrun for example_branch_labels to 2024-09-08 00:00:00+00:00, run_after=2024-09-09 00:00:00+00:00
[2024-09-09T10:13:28.022+0000] {processor.py:208} INFO - Processing /home/airflow/.local/lib/python3.12/site-packages/airflow/example_dags/example_branch_labels.py took 0.060 seconds
[2024-09-09T10:13:58.821+0000] {processor.py:186} INFO - Started process (PID=283) to work on /home/airflow/.local/lib/python3.12/site-packages/airflow/example_dags/example_branch_labels.py
[2024-09-09T10:13:58.822+0000] {processor.py:914} INFO - Processing file /home/airflow/.local/lib/python3.12/site-packages/airflow/example_dags/example_branch_labels.py for tasks to queue
[2024-09-09T10:13:58.823+0000] {logging_mixin.py:190} INFO - [2024-09-09T10:13:58.823+0000] {dagbag.py:587} INFO - Filling up the DagBag from /home/airflow/.local/lib/python3.12/site-packages/airflow/example_dags/example_branch_labels.py
[2024-09-09T10:13:58.829+0000] {processor.py:925} INFO - DAG(s) 'example_branch_labels' retrieved from /home/airflow/.local/lib/python3.12/site-packages/airflow/example_dags/example_branch_labels.py
[2024-09-09T10:13:58.843+0000] {logging_mixin.py:190} INFO - [2024-09-09T10:13:58.843+0000] {dag.py:3211} INFO - Sync 1 DAGs
[2024-09-09T10:13:58.861+0000] {logging_mixin.py:190} INFO - [2024-09-09T10:13:58.861+0000] {dag.py:4138} INFO - Setting next_dagrun for example_branch_labels to 2024-09-08 00:00:00+00:00, run_after=2024-09-09 00:00:00+00:00
[2024-09-09T10:13:58.875+0000] {processor.py:208} INFO - Processing /home/airflow/.local/lib/python3.12/site-packages/airflow/example_dags/example_branch_labels.py took 0.058 seconds
[2024-09-09T10:14:29.518+0000] {processor.py:186} INFO - Started process (PID=345) to work on /home/airflow/.local/lib/python3.12/site-packages/airflow/example_dags/example_branch_labels.py
[2024-09-09T10:14:29.519+0000] {processor.py:914} INFO - Processing file /home/airflow/.local/lib/python3.12/site-packages/airflow/example_dags/example_branch_labels.py for tasks to queue
[2024-09-09T10:14:29.520+0000] {logging_mixin.py:190} INFO - [2024-09-09T10:14:29.520+0000] {dagbag.py:587} INFO - Filling up the DagBag from /home/airflow/.local/lib/python3.12/site-packages/airflow/example_dags/example_branch_labels.py
[2024-09-09T10:14:29.526+0000] {processor.py:925} INFO - DAG(s) 'example_branch_labels' retrieved from /home/airflow/.local/lib/python3.12/site-packages/airflow/example_dags/example_branch_labels.py
[2024-09-09T10:14:29.540+0000] {logging_mixin.py:190} INFO - [2024-09-09T10:14:29.540+0000] {dag.py:3211} INFO - Sync 1 DAGs
[2024-09-09T10:14:29.559+0000] {logging_mixin.py:190} INFO - [2024-09-09T10:14:29.558+0000] {dag.py:4138} INFO - Setting next_dagrun for example_branch_labels to 2024-09-08 00:00:00+00:00, run_after=2024-09-09 00:00:00+00:00
[2024-09-09T10:14:29.570+0000] {processor.py:208} INFO - Processing /home/airflow/.local/lib/python3.12/site-packages/airflow/example_dags/example_branch_labels.py took 0.056 seconds
