[2024-09-09T10:12:24.926+0000] {processor.py:186} INFO - Started process (PID=78) to work on /home/airflow/.local/lib/python3.12/site-packages/airflow/example_dags/example_python_decorator.py
[2024-09-09T10:12:24.926+0000] {processor.py:914} INFO - Processing file /home/airflow/.local/lib/python3.12/site-packages/airflow/example_dags/example_python_decorator.py for tasks to queue
[2024-09-09T10:12:24.928+0000] {logging_mixin.py:190} INFO - [2024-09-09T10:12:24.928+0000] {dagbag.py:587} INFO - Filling up the DagBag from /home/airflow/.local/lib/python3.12/site-packages/airflow/example_dags/example_python_decorator.py
[2024-09-09T10:12:24.942+0000] {processor.py:925} INFO - DAG(s) 'example_python_decorator' retrieved from /home/airflow/.local/lib/python3.12/site-packages/airflow/example_dags/example_python_decorator.py
[2024-09-09T10:12:25.026+0000] {logging_mixin.py:190} INFO - [2024-09-09T10:12:25.026+0000] {dag.py:3211} INFO - Sync 1 DAGs
[2024-09-09T10:12:25.040+0000] {logging_mixin.py:190} INFO - [2024-09-09T10:12:25.039+0000] {dag.py:4138} INFO - Setting next_dagrun for example_python_decorator to None, run_after=None
[2024-09-09T10:12:25.054+0000] {processor.py:208} INFO - Processing /home/airflow/.local/lib/python3.12/site-packages/airflow/example_dags/example_python_decorator.py took 0.133 seconds
[2024-09-09T10:12:56.032+0000] {processor.py:186} INFO - Started process (PID=140) to work on /home/airflow/.local/lib/python3.12/site-packages/airflow/example_dags/example_python_decorator.py
[2024-09-09T10:12:56.033+0000] {processor.py:914} INFO - Processing file /home/airflow/.local/lib/python3.12/site-packages/airflow/example_dags/example_python_decorator.py for tasks to queue
[2024-09-09T10:12:56.034+0000] {logging_mixin.py:190} INFO - [2024-09-09T10:12:56.034+0000] {dagbag.py:587} INFO - Filling up the DagBag from /home/airflow/.local/lib/python3.12/site-packages/airflow/example_dags/example_python_decorator.py
[2024-09-09T10:12:56.044+0000] {processor.py:925} INFO - DAG(s) 'example_python_decorator' retrieved from /home/airflow/.local/lib/python3.12/site-packages/airflow/example_dags/example_python_decorator.py
[2024-09-09T10:12:56.063+0000] {logging_mixin.py:190} INFO - [2024-09-09T10:12:56.063+0000] {dag.py:3211} INFO - Sync 1 DAGs
[2024-09-09T10:12:56.074+0000] {logging_mixin.py:190} INFO - [2024-09-09T10:12:56.074+0000] {dag.py:4138} INFO - Setting next_dagrun for example_python_decorator to None, run_after=None
[2024-09-09T10:12:56.087+0000] {processor.py:208} INFO - Processing /home/airflow/.local/lib/python3.12/site-packages/airflow/example_dags/example_python_decorator.py took 0.058 seconds
[2024-09-09T10:13:26.799+0000] {processor.py:186} INFO - Started process (PID=202) to work on /home/airflow/.local/lib/python3.12/site-packages/airflow/example_dags/example_python_decorator.py
[2024-09-09T10:13:26.800+0000] {processor.py:914} INFO - Processing file /home/airflow/.local/lib/python3.12/site-packages/airflow/example_dags/example_python_decorator.py for tasks to queue
[2024-09-09T10:13:26.801+0000] {logging_mixin.py:190} INFO - [2024-09-09T10:13:26.801+0000] {dagbag.py:587} INFO - Filling up the DagBag from /home/airflow/.local/lib/python3.12/site-packages/airflow/example_dags/example_python_decorator.py
[2024-09-09T10:13:26.810+0000] {processor.py:925} INFO - DAG(s) 'example_python_decorator' retrieved from /home/airflow/.local/lib/python3.12/site-packages/airflow/example_dags/example_python_decorator.py
[2024-09-09T10:13:26.826+0000] {logging_mixin.py:190} INFO - [2024-09-09T10:13:26.826+0000] {dag.py:3211} INFO - Sync 1 DAGs
[2024-09-09T10:13:26.836+0000] {logging_mixin.py:190} INFO - [2024-09-09T10:13:26.836+0000] {dag.py:4138} INFO - Setting next_dagrun for example_python_decorator to None, run_after=None
[2024-09-09T10:13:26.850+0000] {processor.py:208} INFO - Processing /home/airflow/.local/lib/python3.12/site-packages/airflow/example_dags/example_python_decorator.py took 0.055 seconds
[2024-09-09T10:13:57.618+0000] {processor.py:186} INFO - Started process (PID=264) to work on /home/airflow/.local/lib/python3.12/site-packages/airflow/example_dags/example_python_decorator.py
[2024-09-09T10:13:57.619+0000] {processor.py:914} INFO - Processing file /home/airflow/.local/lib/python3.12/site-packages/airflow/example_dags/example_python_decorator.py for tasks to queue
[2024-09-09T10:13:57.620+0000] {logging_mixin.py:190} INFO - [2024-09-09T10:13:57.620+0000] {dagbag.py:587} INFO - Filling up the DagBag from /home/airflow/.local/lib/python3.12/site-packages/airflow/example_dags/example_python_decorator.py
[2024-09-09T10:13:57.630+0000] {processor.py:925} INFO - DAG(s) 'example_python_decorator' retrieved from /home/airflow/.local/lib/python3.12/site-packages/airflow/example_dags/example_python_decorator.py
[2024-09-09T10:13:57.647+0000] {logging_mixin.py:190} INFO - [2024-09-09T10:13:57.646+0000] {dag.py:3211} INFO - Sync 1 DAGs
[2024-09-09T10:13:57.660+0000] {logging_mixin.py:190} INFO - [2024-09-09T10:13:57.660+0000] {dag.py:4138} INFO - Setting next_dagrun for example_python_decorator to None, run_after=None
[2024-09-09T10:13:57.676+0000] {processor.py:208} INFO - Processing /home/airflow/.local/lib/python3.12/site-packages/airflow/example_dags/example_python_decorator.py took 0.061 seconds
[2024-09-09T10:14:28.450+0000] {processor.py:186} INFO - Started process (PID=326) to work on /home/airflow/.local/lib/python3.12/site-packages/airflow/example_dags/example_python_decorator.py
[2024-09-09T10:14:28.451+0000] {processor.py:914} INFO - Processing file /home/airflow/.local/lib/python3.12/site-packages/airflow/example_dags/example_python_decorator.py for tasks to queue
[2024-09-09T10:14:28.455+0000] {logging_mixin.py:190} INFO - [2024-09-09T10:14:28.455+0000] {dagbag.py:587} INFO - Filling up the DagBag from /home/airflow/.local/lib/python3.12/site-packages/airflow/example_dags/example_python_decorator.py
[2024-09-09T10:14:28.466+0000] {processor.py:925} INFO - DAG(s) 'example_python_decorator' retrieved from /home/airflow/.local/lib/python3.12/site-packages/airflow/example_dags/example_python_decorator.py
[2024-09-09T10:14:28.482+0000] {logging_mixin.py:190} INFO - [2024-09-09T10:14:28.482+0000] {dag.py:3211} INFO - Sync 1 DAGs
[2024-09-09T10:14:28.492+0000] {logging_mixin.py:190} INFO - [2024-09-09T10:14:28.492+0000] {dag.py:4138} INFO - Setting next_dagrun for example_python_decorator to None, run_after=None
[2024-09-09T10:14:28.506+0000] {processor.py:208} INFO - Processing /home/airflow/.local/lib/python3.12/site-packages/airflow/example_dags/example_python_decorator.py took 0.061 seconds
