[2024-09-09T10:12:25.290+0000] {processor.py:186} INFO - Started process (PID=83) to work on /home/airflow/.local/lib/python3.12/site-packages/airflow/example_dags/example_python_operator.py
[2024-09-09T10:12:25.290+0000] {processor.py:914} INFO - Processing file /home/airflow/.local/lib/python3.12/site-packages/airflow/example_dags/example_python_operator.py for tasks to queue
[2024-09-09T10:12:25.292+0000] {logging_mixin.py:190} INFO - [2024-09-09T10:12:25.292+0000] {dagbag.py:587} INFO - Filling up the DagBag from /home/airflow/.local/lib/python3.12/site-packages/airflow/example_dags/example_python_operator.py
[2024-09-09T10:12:25.300+0000] {processor.py:925} INFO - DAG(s) 'example_python_operator' retrieved from /home/airflow/.local/lib/python3.12/site-packages/airflow/example_dags/example_python_operator.py
[2024-09-09T10:12:25.377+0000] {logging_mixin.py:190} INFO - [2024-09-09T10:12:25.376+0000] {dag.py:3211} INFO - Sync 1 DAGs
[2024-09-09T10:12:25.387+0000] {logging_mixin.py:190} INFO - [2024-09-09T10:12:25.387+0000] {dag.py:4138} INFO - Setting next_dagrun for example_python_operator to None, run_after=None
[2024-09-09T10:12:25.401+0000] {processor.py:208} INFO - Processing /home/airflow/.local/lib/python3.12/site-packages/airflow/example_dags/example_python_operator.py took 0.115 seconds
[2024-09-09T10:12:56.400+0000] {processor.py:186} INFO - Started process (PID=145) to work on /home/airflow/.local/lib/python3.12/site-packages/airflow/example_dags/example_python_operator.py
[2024-09-09T10:12:56.400+0000] {processor.py:914} INFO - Processing file /home/airflow/.local/lib/python3.12/site-packages/airflow/example_dags/example_python_operator.py for tasks to queue
[2024-09-09T10:12:56.402+0000] {logging_mixin.py:190} INFO - [2024-09-09T10:12:56.402+0000] {dagbag.py:587} INFO - Filling up the DagBag from /home/airflow/.local/lib/python3.12/site-packages/airflow/example_dags/example_python_operator.py
[2024-09-09T10:12:56.410+0000] {processor.py:925} INFO - DAG(s) 'example_python_operator' retrieved from /home/airflow/.local/lib/python3.12/site-packages/airflow/example_dags/example_python_operator.py
[2024-09-09T10:12:56.425+0000] {logging_mixin.py:190} INFO - [2024-09-09T10:12:56.425+0000] {dag.py:3211} INFO - Sync 1 DAGs
[2024-09-09T10:12:56.435+0000] {logging_mixin.py:190} INFO - [2024-09-09T10:12:56.435+0000] {dag.py:4138} INFO - Setting next_dagrun for example_python_operator to None, run_after=None
[2024-09-09T10:12:56.449+0000] {processor.py:208} INFO - Processing /home/airflow/.local/lib/python3.12/site-packages/airflow/example_dags/example_python_operator.py took 0.053 seconds
[2024-09-09T10:13:27.168+0000] {processor.py:186} INFO - Started process (PID=207) to work on /home/airflow/.local/lib/python3.12/site-packages/airflow/example_dags/example_python_operator.py
[2024-09-09T10:13:27.169+0000] {processor.py:914} INFO - Processing file /home/airflow/.local/lib/python3.12/site-packages/airflow/example_dags/example_python_operator.py for tasks to queue
[2024-09-09T10:13:27.170+0000] {logging_mixin.py:190} INFO - [2024-09-09T10:13:27.170+0000] {dagbag.py:587} INFO - Filling up the DagBag from /home/airflow/.local/lib/python3.12/site-packages/airflow/example_dags/example_python_operator.py
[2024-09-09T10:13:27.178+0000] {processor.py:925} INFO - DAG(s) 'example_python_operator' retrieved from /home/airflow/.local/lib/python3.12/site-packages/airflow/example_dags/example_python_operator.py
[2024-09-09T10:13:27.193+0000] {logging_mixin.py:190} INFO - [2024-09-09T10:13:27.193+0000] {dag.py:3211} INFO - Sync 1 DAGs
[2024-09-09T10:13:27.204+0000] {logging_mixin.py:190} INFO - [2024-09-09T10:13:27.204+0000] {dag.py:4138} INFO - Setting next_dagrun for example_python_operator to None, run_after=None
[2024-09-09T10:13:27.217+0000] {processor.py:208} INFO - Processing /home/airflow/.local/lib/python3.12/site-packages/airflow/example_dags/example_python_operator.py took 0.053 seconds
[2024-09-09T10:13:57.991+0000] {processor.py:186} INFO - Started process (PID=269) to work on /home/airflow/.local/lib/python3.12/site-packages/airflow/example_dags/example_python_operator.py
[2024-09-09T10:13:57.992+0000] {processor.py:914} INFO - Processing file /home/airflow/.local/lib/python3.12/site-packages/airflow/example_dags/example_python_operator.py for tasks to queue
[2024-09-09T10:13:57.994+0000] {logging_mixin.py:190} INFO - [2024-09-09T10:13:57.993+0000] {dagbag.py:587} INFO - Filling up the DagBag from /home/airflow/.local/lib/python3.12/site-packages/airflow/example_dags/example_python_operator.py
[2024-09-09T10:13:58.001+0000] {processor.py:925} INFO - DAG(s) 'example_python_operator' retrieved from /home/airflow/.local/lib/python3.12/site-packages/airflow/example_dags/example_python_operator.py
[2024-09-09T10:13:58.018+0000] {logging_mixin.py:190} INFO - [2024-09-09T10:13:58.018+0000] {dag.py:3211} INFO - Sync 1 DAGs
[2024-09-09T10:13:58.028+0000] {logging_mixin.py:190} INFO - [2024-09-09T10:13:58.028+0000] {dag.py:4138} INFO - Setting next_dagrun for example_python_operator to None, run_after=None
[2024-09-09T10:13:58.041+0000] {processor.py:208} INFO - Processing /home/airflow/.local/lib/python3.12/site-packages/airflow/example_dags/example_python_operator.py took 0.054 seconds
[2024-09-09T10:14:28.804+0000] {processor.py:186} INFO - Started process (PID=331) to work on /home/airflow/.local/lib/python3.12/site-packages/airflow/example_dags/example_python_operator.py
[2024-09-09T10:14:28.804+0000] {processor.py:914} INFO - Processing file /home/airflow/.local/lib/python3.12/site-packages/airflow/example_dags/example_python_operator.py for tasks to queue
[2024-09-09T10:14:28.806+0000] {logging_mixin.py:190} INFO - [2024-09-09T10:14:28.805+0000] {dagbag.py:587} INFO - Filling up the DagBag from /home/airflow/.local/lib/python3.12/site-packages/airflow/example_dags/example_python_operator.py
[2024-09-09T10:14:28.813+0000] {processor.py:925} INFO - DAG(s) 'example_python_operator' retrieved from /home/airflow/.local/lib/python3.12/site-packages/airflow/example_dags/example_python_operator.py
[2024-09-09T10:14:28.828+0000] {logging_mixin.py:190} INFO - [2024-09-09T10:14:28.828+0000] {dag.py:3211} INFO - Sync 1 DAGs
[2024-09-09T10:14:28.840+0000] {logging_mixin.py:190} INFO - [2024-09-09T10:14:28.840+0000] {dag.py:4138} INFO - Setting next_dagrun for example_python_operator to None, run_after=None
[2024-09-09T10:14:28.853+0000] {processor.py:208} INFO - Processing /home/airflow/.local/lib/python3.12/site-packages/airflow/example_dags/example_python_operator.py took 0.053 seconds
