[2024-09-09T10:12:23.452+0000] {processor.py:186} INFO - Started process (PID=46) to work on /home/airflow/.local/lib/python3.12/site-packages/airflow/example_dags/example_latest_only_with_trigger.py
[2024-09-09T10:12:23.453+0000] {processor.py:914} INFO - Processing file /home/airflow/.local/lib/python3.12/site-packages/airflow/example_dags/example_latest_only_with_trigger.py for tasks to queue
[2024-09-09T10:12:23.455+0000] {logging_mixin.py:190} INFO - [2024-09-09T10:12:23.455+0000] {dagbag.py:587} INFO - Filling up the DagBag from /home/airflow/.local/lib/python3.12/site-packages/airflow/example_dags/example_latest_only_with_trigger.py
[2024-09-09T10:12:23.462+0000] {processor.py:925} INFO - DAG(s) 'latest_only_with_trigger' retrieved from /home/airflow/.local/lib/python3.12/site-packages/airflow/example_dags/example_latest_only_with_trigger.py
[2024-09-09T10:12:23.485+0000] {logging_mixin.py:190} INFO - [2024-09-09T10:12:23.485+0000] {dag.py:3211} INFO - Sync 1 DAGs
[2024-09-09T10:12:23.509+0000] {logging_mixin.py:190} INFO - [2024-09-09T10:12:23.508+0000] {dag.py:4138} INFO - Setting next_dagrun for latest_only_with_trigger to 2024-09-09 04:00:00+00:00, run_after=2024-09-09 08:00:00+00:00
[2024-09-09T10:12:23.522+0000] {processor.py:208} INFO - Processing /home/airflow/.local/lib/python3.12/site-packages/airflow/example_dags/example_latest_only_with_trigger.py took 0.075 seconds
[2024-09-09T10:12:53.685+0000] {processor.py:186} INFO - Started process (PID=108) to work on /home/airflow/.local/lib/python3.12/site-packages/airflow/example_dags/example_latest_only_with_trigger.py
[2024-09-09T10:12:53.685+0000] {processor.py:914} INFO - Processing file /home/airflow/.local/lib/python3.12/site-packages/airflow/example_dags/example_latest_only_with_trigger.py for tasks to queue
[2024-09-09T10:12:53.688+0000] {logging_mixin.py:190} INFO - [2024-09-09T10:12:53.687+0000] {dagbag.py:587} INFO - Filling up the DagBag from /home/airflow/.local/lib/python3.12/site-packages/airflow/example_dags/example_latest_only_with_trigger.py
[2024-09-09T10:12:53.693+0000] {processor.py:925} INFO - DAG(s) 'latest_only_with_trigger' retrieved from /home/airflow/.local/lib/python3.12/site-packages/airflow/example_dags/example_latest_only_with_trigger.py
[2024-09-09T10:12:53.709+0000] {logging_mixin.py:190} INFO - [2024-09-09T10:12:53.709+0000] {dag.py:3211} INFO - Sync 1 DAGs
[2024-09-09T10:12:53.728+0000] {logging_mixin.py:190} INFO - [2024-09-09T10:12:53.728+0000] {dag.py:4138} INFO - Setting next_dagrun for latest_only_with_trigger to 2024-09-09 04:00:00+00:00, run_after=2024-09-09 08:00:00+00:00
[2024-09-09T10:12:53.742+0000] {processor.py:208} INFO - Processing /home/airflow/.local/lib/python3.12/site-packages/airflow/example_dags/example_latest_only_with_trigger.py took 0.062 seconds
[2024-09-09T10:13:24.660+0000] {processor.py:186} INFO - Started process (PID=170) to work on /home/airflow/.local/lib/python3.12/site-packages/airflow/example_dags/example_latest_only_with_trigger.py
[2024-09-09T10:13:24.660+0000] {processor.py:914} INFO - Processing file /home/airflow/.local/lib/python3.12/site-packages/airflow/example_dags/example_latest_only_with_trigger.py for tasks to queue
[2024-09-09T10:13:24.662+0000] {logging_mixin.py:190} INFO - [2024-09-09T10:13:24.661+0000] {dagbag.py:587} INFO - Filling up the DagBag from /home/airflow/.local/lib/python3.12/site-packages/airflow/example_dags/example_latest_only_with_trigger.py
[2024-09-09T10:13:24.667+0000] {processor.py:925} INFO - DAG(s) 'latest_only_with_trigger' retrieved from /home/airflow/.local/lib/python3.12/site-packages/airflow/example_dags/example_latest_only_with_trigger.py
[2024-09-09T10:13:24.683+0000] {logging_mixin.py:190} INFO - [2024-09-09T10:13:24.683+0000] {dag.py:3211} INFO - Sync 1 DAGs
[2024-09-09T10:13:24.701+0000] {logging_mixin.py:190} INFO - [2024-09-09T10:13:24.701+0000] {dag.py:4138} INFO - Setting next_dagrun for latest_only_with_trigger to 2024-09-09 04:00:00+00:00, run_after=2024-09-09 08:00:00+00:00
[2024-09-09T10:13:24.713+0000] {processor.py:208} INFO - Processing /home/airflow/.local/lib/python3.12/site-packages/airflow/example_dags/example_latest_only_with_trigger.py took 0.057 seconds
[2024-09-09T10:13:55.475+0000] {processor.py:186} INFO - Started process (PID=238) to work on /home/airflow/.local/lib/python3.12/site-packages/airflow/example_dags/example_latest_only_with_trigger.py
[2024-09-09T10:13:55.476+0000] {processor.py:914} INFO - Processing file /home/airflow/.local/lib/python3.12/site-packages/airflow/example_dags/example_latest_only_with_trigger.py for tasks to queue
[2024-09-09T10:13:55.477+0000] {logging_mixin.py:190} INFO - [2024-09-09T10:13:55.477+0000] {dagbag.py:587} INFO - Filling up the DagBag from /home/airflow/.local/lib/python3.12/site-packages/airflow/example_dags/example_latest_only_with_trigger.py
[2024-09-09T10:13:55.483+0000] {processor.py:925} INFO - DAG(s) 'latest_only_with_trigger' retrieved from /home/airflow/.local/lib/python3.12/site-packages/airflow/example_dags/example_latest_only_with_trigger.py
[2024-09-09T10:13:55.501+0000] {logging_mixin.py:190} INFO - [2024-09-09T10:13:55.500+0000] {dag.py:3211} INFO - Sync 1 DAGs
[2024-09-09T10:13:55.520+0000] {logging_mixin.py:190} INFO - [2024-09-09T10:13:55.519+0000] {dag.py:4138} INFO - Setting next_dagrun for latest_only_with_trigger to 2024-09-09 04:00:00+00:00, run_after=2024-09-09 08:00:00+00:00
[2024-09-09T10:13:55.534+0000] {processor.py:208} INFO - Processing /home/airflow/.local/lib/python3.12/site-packages/airflow/example_dags/example_latest_only_with_trigger.py took 0.064 seconds
[2024-09-09T10:14:26.313+0000] {processor.py:186} INFO - Started process (PID=300) to work on /home/airflow/.local/lib/python3.12/site-packages/airflow/example_dags/example_latest_only_with_trigger.py
[2024-09-09T10:14:26.313+0000] {processor.py:914} INFO - Processing file /home/airflow/.local/lib/python3.12/site-packages/airflow/example_dags/example_latest_only_with_trigger.py for tasks to queue
[2024-09-09T10:14:26.315+0000] {logging_mixin.py:190} INFO - [2024-09-09T10:14:26.315+0000] {dagbag.py:587} INFO - Filling up the DagBag from /home/airflow/.local/lib/python3.12/site-packages/airflow/example_dags/example_latest_only_with_trigger.py
[2024-09-09T10:14:26.320+0000] {processor.py:925} INFO - DAG(s) 'latest_only_with_trigger' retrieved from /home/airflow/.local/lib/python3.12/site-packages/airflow/example_dags/example_latest_only_with_trigger.py
[2024-09-09T10:14:26.334+0000] {logging_mixin.py:190} INFO - [2024-09-09T10:14:26.334+0000] {dag.py:3211} INFO - Sync 1 DAGs
[2024-09-09T10:14:26.350+0000] {logging_mixin.py:190} INFO - [2024-09-09T10:14:26.350+0000] {dag.py:4138} INFO - Setting next_dagrun for latest_only_with_trigger to 2024-09-09 04:00:00+00:00, run_after=2024-09-09 08:00:00+00:00
[2024-09-09T10:14:26.363+0000] {processor.py:208} INFO - Processing /home/airflow/.local/lib/python3.12/site-packages/airflow/example_dags/example_latest_only_with_trigger.py took 0.053 seconds
