[2024-09-09T10:12:24.158+0000] {processor.py:186} INFO - Started process (PID=58) to work on /home/airflow/.local/lib/python3.12/site-packages/airflow/example_dags/example_external_task_marker_dag.py
[2024-09-09T10:12:24.159+0000] {processor.py:914} INFO - Processing file /home/airflow/.local/lib/python3.12/site-packages/airflow/example_dags/example_external_task_marker_dag.py for tasks to queue
[2024-09-09T10:12:24.160+0000] {logging_mixin.py:190} INFO - [2024-09-09T10:12:24.160+0000] {dagbag.py:587} INFO - Filling up the DagBag from /home/airflow/.local/lib/python3.12/site-packages/airflow/example_dags/example_external_task_marker_dag.py
[2024-09-09T10:12:24.169+0000] {processor.py:925} INFO - DAG(s) 'example_external_task_marker_child', 'example_external_task_marker_parent' retrieved from /home/airflow/.local/lib/python3.12/site-packages/airflow/example_dags/example_external_task_marker_dag.py
[2024-09-09T10:12:24.186+0000] {logging_mixin.py:190} INFO - [2024-09-09T10:12:24.186+0000] {dag.py:3211} INFO - Sync 2 DAGs
[2024-09-09T10:12:24.199+0000] {logging_mixin.py:190} INFO - [2024-09-09T10:12:24.199+0000] {dag.py:4138} INFO - Setting next_dagrun for example_external_task_marker_child to None, run_after=None
[2024-09-09T10:12:24.203+0000] {logging_mixin.py:190} INFO - [2024-09-09T10:12:24.202+0000] {dag.py:4138} INFO - Setting next_dagrun for example_external_task_marker_parent to None, run_after=None
[2024-09-09T10:12:24.214+0000] {processor.py:208} INFO - Processing /home/airflow/.local/lib/python3.12/site-packages/airflow/example_dags/example_external_task_marker_dag.py took 0.060 seconds
[2024-09-09T10:12:54.298+0000] {processor.py:186} INFO - Started process (PID=120) to work on /home/airflow/.local/lib/python3.12/site-packages/airflow/example_dags/example_external_task_marker_dag.py
[2024-09-09T10:12:54.299+0000] {processor.py:914} INFO - Processing file /home/airflow/.local/lib/python3.12/site-packages/airflow/example_dags/example_external_task_marker_dag.py for tasks to queue
[2024-09-09T10:12:54.300+0000] {logging_mixin.py:190} INFO - [2024-09-09T10:12:54.300+0000] {dagbag.py:587} INFO - Filling up the DagBag from /home/airflow/.local/lib/python3.12/site-packages/airflow/example_dags/example_external_task_marker_dag.py
[2024-09-09T10:12:54.305+0000] {processor.py:925} INFO - DAG(s) 'example_external_task_marker_parent', 'example_external_task_marker_child' retrieved from /home/airflow/.local/lib/python3.12/site-packages/airflow/example_dags/example_external_task_marker_dag.py
[2024-09-09T10:12:54.322+0000] {logging_mixin.py:190} INFO - [2024-09-09T10:12:54.322+0000] {dag.py:3211} INFO - Sync 2 DAGs
[2024-09-09T10:12:54.333+0000] {logging_mixin.py:190} INFO - [2024-09-09T10:12:54.333+0000] {dag.py:4138} INFO - Setting next_dagrun for example_external_task_marker_child to None, run_after=None
[2024-09-09T10:12:54.336+0000] {logging_mixin.py:190} INFO - [2024-09-09T10:12:54.336+0000] {dag.py:4138} INFO - Setting next_dagrun for example_external_task_marker_parent to None, run_after=None
[2024-09-09T10:12:54.348+0000] {processor.py:208} INFO - Processing /home/airflow/.local/lib/python3.12/site-packages/airflow/example_dags/example_external_task_marker_dag.py took 0.053 seconds
[2024-09-09T10:13:25.233+0000] {processor.py:186} INFO - Started process (PID=188) to work on /home/airflow/.local/lib/python3.12/site-packages/airflow/example_dags/example_external_task_marker_dag.py
[2024-09-09T10:13:25.233+0000] {processor.py:914} INFO - Processing file /home/airflow/.local/lib/python3.12/site-packages/airflow/example_dags/example_external_task_marker_dag.py for tasks to queue
[2024-09-09T10:13:25.235+0000] {logging_mixin.py:190} INFO - [2024-09-09T10:13:25.235+0000] {dagbag.py:587} INFO - Filling up the DagBag from /home/airflow/.local/lib/python3.12/site-packages/airflow/example_dags/example_external_task_marker_dag.py
[2024-09-09T10:13:25.241+0000] {processor.py:925} INFO - DAG(s) 'example_external_task_marker_child', 'example_external_task_marker_parent' retrieved from /home/airflow/.local/lib/python3.12/site-packages/airflow/example_dags/example_external_task_marker_dag.py
[2024-09-09T10:13:25.257+0000] {logging_mixin.py:190} INFO - [2024-09-09T10:13:25.257+0000] {dag.py:3211} INFO - Sync 2 DAGs
[2024-09-09T10:13:25.268+0000] {logging_mixin.py:190} INFO - [2024-09-09T10:13:25.268+0000] {dag.py:4138} INFO - Setting next_dagrun for example_external_task_marker_child to None, run_after=None
[2024-09-09T10:13:25.271+0000] {logging_mixin.py:190} INFO - [2024-09-09T10:13:25.271+0000] {dag.py:4138} INFO - Setting next_dagrun for example_external_task_marker_parent to None, run_after=None
[2024-09-09T10:13:25.282+0000] {processor.py:208} INFO - Processing /home/airflow/.local/lib/python3.12/site-packages/airflow/example_dags/example_external_task_marker_dag.py took 0.052 seconds
[2024-09-09T10:13:56.068+0000] {processor.py:186} INFO - Started process (PID=250) to work on /home/airflow/.local/lib/python3.12/site-packages/airflow/example_dags/example_external_task_marker_dag.py
[2024-09-09T10:13:56.068+0000] {processor.py:914} INFO - Processing file /home/airflow/.local/lib/python3.12/site-packages/airflow/example_dags/example_external_task_marker_dag.py for tasks to queue
[2024-09-09T10:13:56.070+0000] {logging_mixin.py:190} INFO - [2024-09-09T10:13:56.069+0000] {dagbag.py:587} INFO - Filling up the DagBag from /home/airflow/.local/lib/python3.12/site-packages/airflow/example_dags/example_external_task_marker_dag.py
[2024-09-09T10:13:56.075+0000] {processor.py:925} INFO - DAG(s) 'example_external_task_marker_parent', 'example_external_task_marker_child' retrieved from /home/airflow/.local/lib/python3.12/site-packages/airflow/example_dags/example_external_task_marker_dag.py
[2024-09-09T10:13:56.092+0000] {logging_mixin.py:190} INFO - [2024-09-09T10:13:56.091+0000] {dag.py:3211} INFO - Sync 2 DAGs
[2024-09-09T10:13:56.103+0000] {logging_mixin.py:190} INFO - [2024-09-09T10:13:56.103+0000] {dag.py:4138} INFO - Setting next_dagrun for example_external_task_marker_child to None, run_after=None
[2024-09-09T10:13:56.106+0000] {logging_mixin.py:190} INFO - [2024-09-09T10:13:56.106+0000] {dag.py:4138} INFO - Setting next_dagrun for example_external_task_marker_parent to None, run_after=None
[2024-09-09T10:13:56.118+0000] {processor.py:208} INFO - Processing /home/airflow/.local/lib/python3.12/site-packages/airflow/example_dags/example_external_task_marker_dag.py took 0.054 seconds
[2024-09-09T10:14:26.874+0000] {processor.py:186} INFO - Started process (PID=312) to work on /home/airflow/.local/lib/python3.12/site-packages/airflow/example_dags/example_external_task_marker_dag.py
[2024-09-09T10:14:26.875+0000] {processor.py:914} INFO - Processing file /home/airflow/.local/lib/python3.12/site-packages/airflow/example_dags/example_external_task_marker_dag.py for tasks to queue
[2024-09-09T10:14:26.876+0000] {logging_mixin.py:190} INFO - [2024-09-09T10:14:26.876+0000] {dagbag.py:587} INFO - Filling up the DagBag from /home/airflow/.local/lib/python3.12/site-packages/airflow/example_dags/example_external_task_marker_dag.py
[2024-09-09T10:14:26.882+0000] {processor.py:925} INFO - DAG(s) 'example_external_task_marker_child', 'example_external_task_marker_parent' retrieved from /home/airflow/.local/lib/python3.12/site-packages/airflow/example_dags/example_external_task_marker_dag.py
[2024-09-09T10:14:26.898+0000] {logging_mixin.py:190} INFO - [2024-09-09T10:14:26.898+0000] {dag.py:3211} INFO - Sync 2 DAGs
[2024-09-09T10:14:26.910+0000] {logging_mixin.py:190} INFO - [2024-09-09T10:14:26.910+0000] {dag.py:4138} INFO - Setting next_dagrun for example_external_task_marker_child to None, run_after=None
[2024-09-09T10:14:26.913+0000] {logging_mixin.py:190} INFO - [2024-09-09T10:14:26.913+0000] {dag.py:4138} INFO - Setting next_dagrun for example_external_task_marker_parent to None, run_after=None
[2024-09-09T10:14:26.925+0000] {processor.py:208} INFO - Processing /home/airflow/.local/lib/python3.12/site-packages/airflow/example_dags/example_external_task_marker_dag.py took 0.055 seconds
