[2024-09-09T10:12:25.264+0000] {processor.py:186} INFO - Started process (PID=82) to work on /home/airflow/.local/lib/python3.12/site-packages/airflow/example_dags/example_latest_only.py
[2024-09-09T10:12:25.265+0000] {processor.py:914} INFO - Processing file /home/airflow/.local/lib/python3.12/site-packages/airflow/example_dags/example_latest_only.py for tasks to queue
[2024-09-09T10:12:25.266+0000] {logging_mixin.py:190} INFO - [2024-09-09T10:12:25.266+0000] {dagbag.py:587} INFO - Filling up the DagBag from /home/airflow/.local/lib/python3.12/site-packages/airflow/example_dags/example_latest_only.py
[2024-09-09T10:12:25.271+0000] {processor.py:925} INFO - DAG(s) 'latest_only' retrieved from /home/airflow/.local/lib/python3.12/site-packages/airflow/example_dags/example_latest_only.py
[2024-09-09T10:12:25.287+0000] {logging_mixin.py:190} INFO - [2024-09-09T10:12:25.287+0000] {dag.py:3211} INFO - Sync 1 DAGs
[2024-09-09T10:12:25.304+0000] {logging_mixin.py:190} INFO - [2024-09-09T10:12:25.304+0000] {dag.py:4138} INFO - Setting next_dagrun for latest_only to 2024-09-09 04:00:00+00:00, run_after=2024-09-09 08:00:00+00:00
[2024-09-09T10:12:25.319+0000] {processor.py:208} INFO - Processing /home/airflow/.local/lib/python3.12/site-packages/airflow/example_dags/example_latest_only.py took 0.059 seconds
[2024-09-09T10:12:56.326+0000] {processor.py:186} INFO - Started process (PID=144) to work on /home/airflow/.local/lib/python3.12/site-packages/airflow/example_dags/example_latest_only.py
[2024-09-09T10:12:56.326+0000] {processor.py:914} INFO - Processing file /home/airflow/.local/lib/python3.12/site-packages/airflow/example_dags/example_latest_only.py for tasks to queue
[2024-09-09T10:12:56.328+0000] {logging_mixin.py:190} INFO - [2024-09-09T10:12:56.327+0000] {dagbag.py:587} INFO - Filling up the DagBag from /home/airflow/.local/lib/python3.12/site-packages/airflow/example_dags/example_latest_only.py
[2024-09-09T10:12:56.332+0000] {processor.py:925} INFO - DAG(s) 'latest_only' retrieved from /home/airflow/.local/lib/python3.12/site-packages/airflow/example_dags/example_latest_only.py
[2024-09-09T10:12:56.344+0000] {logging_mixin.py:190} INFO - [2024-09-09T10:12:56.344+0000] {dag.py:3211} INFO - Sync 1 DAGs
[2024-09-09T10:12:56.360+0000] {logging_mixin.py:190} INFO - [2024-09-09T10:12:56.360+0000] {dag.py:4138} INFO - Setting next_dagrun for latest_only to 2024-09-09 04:00:00+00:00, run_after=2024-09-09 08:00:00+00:00
[2024-09-09T10:12:56.374+0000] {processor.py:208} INFO - Processing /home/airflow/.local/lib/python3.12/site-packages/airflow/example_dags/example_latest_only.py took 0.051 seconds
[2024-09-09T10:13:27.092+0000] {processor.py:186} INFO - Started process (PID=206) to work on /home/airflow/.local/lib/python3.12/site-packages/airflow/example_dags/example_latest_only.py
[2024-09-09T10:13:27.093+0000] {processor.py:914} INFO - Processing file /home/airflow/.local/lib/python3.12/site-packages/airflow/example_dags/example_latest_only.py for tasks to queue
[2024-09-09T10:13:27.095+0000] {logging_mixin.py:190} INFO - [2024-09-09T10:13:27.094+0000] {dagbag.py:587} INFO - Filling up the DagBag from /home/airflow/.local/lib/python3.12/site-packages/airflow/example_dags/example_latest_only.py
[2024-09-09T10:13:27.099+0000] {processor.py:925} INFO - DAG(s) 'latest_only' retrieved from /home/airflow/.local/lib/python3.12/site-packages/airflow/example_dags/example_latest_only.py
[2024-09-09T10:13:27.112+0000] {logging_mixin.py:190} INFO - [2024-09-09T10:13:27.112+0000] {dag.py:3211} INFO - Sync 1 DAGs
[2024-09-09T10:13:27.128+0000] {logging_mixin.py:190} INFO - [2024-09-09T10:13:27.128+0000] {dag.py:4138} INFO - Setting next_dagrun for latest_only to 2024-09-09 04:00:00+00:00, run_after=2024-09-09 08:00:00+00:00
[2024-09-09T10:13:27.140+0000] {processor.py:208} INFO - Processing /home/airflow/.local/lib/python3.12/site-packages/airflow/example_dags/example_latest_only.py took 0.051 seconds
[2024-09-09T10:13:57.913+0000] {processor.py:186} INFO - Started process (PID=268) to work on /home/airflow/.local/lib/python3.12/site-packages/airflow/example_dags/example_latest_only.py
[2024-09-09T10:13:57.914+0000] {processor.py:914} INFO - Processing file /home/airflow/.local/lib/python3.12/site-packages/airflow/example_dags/example_latest_only.py for tasks to queue
[2024-09-09T10:13:57.916+0000] {logging_mixin.py:190} INFO - [2024-09-09T10:13:57.915+0000] {dagbag.py:587} INFO - Filling up the DagBag from /home/airflow/.local/lib/python3.12/site-packages/airflow/example_dags/example_latest_only.py
[2024-09-09T10:13:57.920+0000] {processor.py:925} INFO - DAG(s) 'latest_only' retrieved from /home/airflow/.local/lib/python3.12/site-packages/airflow/example_dags/example_latest_only.py
[2024-09-09T10:13:57.933+0000] {logging_mixin.py:190} INFO - [2024-09-09T10:13:57.933+0000] {dag.py:3211} INFO - Sync 1 DAGs
[2024-09-09T10:13:57.950+0000] {logging_mixin.py:190} INFO - [2024-09-09T10:13:57.950+0000] {dag.py:4138} INFO - Setting next_dagrun for latest_only to 2024-09-09 04:00:00+00:00, run_after=2024-09-09 08:00:00+00:00
[2024-09-09T10:13:57.964+0000] {processor.py:208} INFO - Processing /home/airflow/.local/lib/python3.12/site-packages/airflow/example_dags/example_latest_only.py took 0.054 seconds
[2024-09-09T10:14:28.730+0000] {processor.py:186} INFO - Started process (PID=330) to work on /home/airflow/.local/lib/python3.12/site-packages/airflow/example_dags/example_latest_only.py
[2024-09-09T10:14:28.731+0000] {processor.py:914} INFO - Processing file /home/airflow/.local/lib/python3.12/site-packages/airflow/example_dags/example_latest_only.py for tasks to queue
[2024-09-09T10:14:28.732+0000] {logging_mixin.py:190} INFO - [2024-09-09T10:14:28.732+0000] {dagbag.py:587} INFO - Filling up the DagBag from /home/airflow/.local/lib/python3.12/site-packages/airflow/example_dags/example_latest_only.py
[2024-09-09T10:14:28.737+0000] {processor.py:925} INFO - DAG(s) 'latest_only' retrieved from /home/airflow/.local/lib/python3.12/site-packages/airflow/example_dags/example_latest_only.py
[2024-09-09T10:14:28.750+0000] {logging_mixin.py:190} INFO - [2024-09-09T10:14:28.749+0000] {dag.py:3211} INFO - Sync 1 DAGs
[2024-09-09T10:14:28.765+0000] {logging_mixin.py:190} INFO - [2024-09-09T10:14:28.765+0000] {dag.py:4138} INFO - Setting next_dagrun for latest_only to 2024-09-09 04:00:00+00:00, run_after=2024-09-09 08:00:00+00:00
[2024-09-09T10:14:28.777+0000] {processor.py:208} INFO - Processing /home/airflow/.local/lib/python3.12/site-packages/airflow/example_dags/example_latest_only.py took 0.051 seconds
