[2024-09-09T10:12:24.111+0000] {processor.py:186} INFO - Started process (PID=57) to work on /home/airflow/.local/lib/python3.12/site-packages/airflow/example_dags/example_task_group.py
[2024-09-09T10:12:24.112+0000] {processor.py:914} INFO - Processing file /home/airflow/.local/lib/python3.12/site-packages/airflow/example_dags/example_task_group.py for tasks to queue
[2024-09-09T10:12:24.114+0000] {logging_mixin.py:190} INFO - [2024-09-09T10:12:24.113+0000] {dagbag.py:587} INFO - Filling up the DagBag from /home/airflow/.local/lib/python3.12/site-packages/airflow/example_dags/example_task_group.py
[2024-09-09T10:12:24.122+0000] {processor.py:925} INFO - DAG(s) 'example_task_group' retrieved from /home/airflow/.local/lib/python3.12/site-packages/airflow/example_dags/example_task_group.py
[2024-09-09T10:12:24.143+0000] {logging_mixin.py:190} INFO - [2024-09-09T10:12:24.143+0000] {dag.py:3211} INFO - Sync 1 DAGs
[2024-09-09T10:12:24.161+0000] {logging_mixin.py:190} INFO - [2024-09-09T10:12:24.161+0000] {dag.py:4138} INFO - Setting next_dagrun for example_task_group to 2024-09-08 00:00:00+00:00, run_after=2024-09-09 00:00:00+00:00
[2024-09-09T10:12:24.175+0000] {processor.py:208} INFO - Processing /home/airflow/.local/lib/python3.12/site-packages/airflow/example_dags/example_task_group.py took 0.068 seconds
[2024-09-09T10:12:54.221+0000] {processor.py:186} INFO - Started process (PID=119) to work on /home/airflow/.local/lib/python3.12/site-packages/airflow/example_dags/example_task_group.py
[2024-09-09T10:12:54.222+0000] {processor.py:914} INFO - Processing file /home/airflow/.local/lib/python3.12/site-packages/airflow/example_dags/example_task_group.py for tasks to queue
[2024-09-09T10:12:54.223+0000] {logging_mixin.py:190} INFO - [2024-09-09T10:12:54.223+0000] {dagbag.py:587} INFO - Filling up the DagBag from /home/airflow/.local/lib/python3.12/site-packages/airflow/example_dags/example_task_group.py
[2024-09-09T10:12:54.229+0000] {processor.py:925} INFO - DAG(s) 'example_task_group' retrieved from /home/airflow/.local/lib/python3.12/site-packages/airflow/example_dags/example_task_group.py
[2024-09-09T10:12:54.243+0000] {logging_mixin.py:190} INFO - [2024-09-09T10:12:54.243+0000] {dag.py:3211} INFO - Sync 1 DAGs
[2024-09-09T10:12:54.260+0000] {logging_mixin.py:190} INFO - [2024-09-09T10:12:54.260+0000] {dag.py:4138} INFO - Setting next_dagrun for example_task_group to 2024-09-08 00:00:00+00:00, run_after=2024-09-09 00:00:00+00:00
[2024-09-09T10:12:54.273+0000] {processor.py:208} INFO - Processing /home/airflow/.local/lib/python3.12/site-packages/airflow/example_dags/example_task_group.py took 0.056 seconds
[2024-09-09T10:13:25.158+0000] {processor.py:186} INFO - Started process (PID=187) to work on /home/airflow/.local/lib/python3.12/site-packages/airflow/example_dags/example_task_group.py
[2024-09-09T10:13:25.158+0000] {processor.py:914} INFO - Processing file /home/airflow/.local/lib/python3.12/site-packages/airflow/example_dags/example_task_group.py for tasks to queue
[2024-09-09T10:13:25.160+0000] {logging_mixin.py:190} INFO - [2024-09-09T10:13:25.159+0000] {dagbag.py:587} INFO - Filling up the DagBag from /home/airflow/.local/lib/python3.12/site-packages/airflow/example_dags/example_task_group.py
[2024-09-09T10:13:25.166+0000] {processor.py:925} INFO - DAG(s) 'example_task_group' retrieved from /home/airflow/.local/lib/python3.12/site-packages/airflow/example_dags/example_task_group.py
[2024-09-09T10:13:25.181+0000] {logging_mixin.py:190} INFO - [2024-09-09T10:13:25.181+0000] {dag.py:3211} INFO - Sync 1 DAGs
[2024-09-09T10:13:25.197+0000] {logging_mixin.py:190} INFO - [2024-09-09T10:13:25.197+0000] {dag.py:4138} INFO - Setting next_dagrun for example_task_group to 2024-09-08 00:00:00+00:00, run_after=2024-09-09 00:00:00+00:00
[2024-09-09T10:13:25.210+0000] {processor.py:208} INFO - Processing /home/airflow/.local/lib/python3.12/site-packages/airflow/example_dags/example_task_group.py took 0.056 seconds
[2024-09-09T10:13:55.991+0000] {processor.py:186} INFO - Started process (PID=249) to work on /home/airflow/.local/lib/python3.12/site-packages/airflow/example_dags/example_task_group.py
[2024-09-09T10:13:55.991+0000] {processor.py:914} INFO - Processing file /home/airflow/.local/lib/python3.12/site-packages/airflow/example_dags/example_task_group.py for tasks to queue
[2024-09-09T10:13:55.992+0000] {logging_mixin.py:190} INFO - [2024-09-09T10:13:55.992+0000] {dagbag.py:587} INFO - Filling up the DagBag from /home/airflow/.local/lib/python3.12/site-packages/airflow/example_dags/example_task_group.py
[2024-09-09T10:13:55.998+0000] {processor.py:925} INFO - DAG(s) 'example_task_group' retrieved from /home/airflow/.local/lib/python3.12/site-packages/airflow/example_dags/example_task_group.py
[2024-09-09T10:13:56.013+0000] {logging_mixin.py:190} INFO - [2024-09-09T10:13:56.013+0000] {dag.py:3211} INFO - Sync 1 DAGs
[2024-09-09T10:13:56.032+0000] {logging_mixin.py:190} INFO - [2024-09-09T10:13:56.031+0000] {dag.py:4138} INFO - Setting next_dagrun for example_task_group to 2024-09-08 00:00:00+00:00, run_after=2024-09-09 00:00:00+00:00
[2024-09-09T10:13:56.045+0000] {processor.py:208} INFO - Processing /home/airflow/.local/lib/python3.12/site-packages/airflow/example_dags/example_task_group.py took 0.058 seconds
[2024-09-09T10:14:26.801+0000] {processor.py:186} INFO - Started process (PID=311) to work on /home/airflow/.local/lib/python3.12/site-packages/airflow/example_dags/example_task_group.py
[2024-09-09T10:14:26.801+0000] {processor.py:914} INFO - Processing file /home/airflow/.local/lib/python3.12/site-packages/airflow/example_dags/example_task_group.py for tasks to queue
[2024-09-09T10:14:26.803+0000] {logging_mixin.py:190} INFO - [2024-09-09T10:14:26.802+0000] {dagbag.py:587} INFO - Filling up the DagBag from /home/airflow/.local/lib/python3.12/site-packages/airflow/example_dags/example_task_group.py
[2024-09-09T10:14:26.808+0000] {processor.py:925} INFO - DAG(s) 'example_task_group' retrieved from /home/airflow/.local/lib/python3.12/site-packages/airflow/example_dags/example_task_group.py
[2024-09-09T10:14:26.823+0000] {logging_mixin.py:190} INFO - [2024-09-09T10:14:26.823+0000] {dag.py:3211} INFO - Sync 1 DAGs
[2024-09-09T10:14:26.840+0000] {logging_mixin.py:190} INFO - [2024-09-09T10:14:26.840+0000] {dag.py:4138} INFO - Setting next_dagrun for example_task_group to 2024-09-08 00:00:00+00:00, run_after=2024-09-09 00:00:00+00:00
[2024-09-09T10:14:26.853+0000] {processor.py:208} INFO - Processing /home/airflow/.local/lib/python3.12/site-packages/airflow/example_dags/example_task_group.py took 0.056 seconds
