[2024-09-09T10:12:26.376+0000] {processor.py:186} INFO - Started process (PID=101) to work on /home/airflow/.local/lib/python3.12/site-packages/airflow/example_dags/example_task_group_decorator.py
[2024-09-09T10:12:26.377+0000] {processor.py:914} INFO - Processing file /home/airflow/.local/lib/python3.12/site-packages/airflow/example_dags/example_task_group_decorator.py for tasks to queue
[2024-09-09T10:12:26.378+0000] {logging_mixin.py:190} INFO - [2024-09-09T10:12:26.378+0000] {dagbag.py:587} INFO - Filling up the DagBag from /home/airflow/.local/lib/python3.12/site-packages/airflow/example_dags/example_task_group_decorator.py
[2024-09-09T10:12:26.389+0000] {processor.py:925} INFO - DAG(s) 'example_task_group_decorator' retrieved from /home/airflow/.local/lib/python3.12/site-packages/airflow/example_dags/example_task_group_decorator.py
[2024-09-09T10:12:26.407+0000] {logging_mixin.py:190} INFO - [2024-09-09T10:12:26.407+0000] {dag.py:3211} INFO - Sync 1 DAGs
[2024-09-09T10:12:26.423+0000] {logging_mixin.py:190} INFO - [2024-09-09T10:12:26.423+0000] {dag.py:4138} INFO - Setting next_dagrun for example_task_group_decorator to 2024-09-08 00:00:00+00:00, run_after=2024-09-09 00:00:00+00:00
[2024-09-09T10:12:26.435+0000] {processor.py:208} INFO - Processing /home/airflow/.local/lib/python3.12/site-packages/airflow/example_dags/example_task_group_decorator.py took 0.063 seconds
[2024-09-09T10:12:57.344+0000] {processor.py:186} INFO - Started process (PID=163) to work on /home/airflow/.local/lib/python3.12/site-packages/airflow/example_dags/example_task_group_decorator.py
[2024-09-09T10:12:57.345+0000] {processor.py:914} INFO - Processing file /home/airflow/.local/lib/python3.12/site-packages/airflow/example_dags/example_task_group_decorator.py for tasks to queue
[2024-09-09T10:12:57.346+0000] {logging_mixin.py:190} INFO - [2024-09-09T10:12:57.346+0000] {dagbag.py:587} INFO - Filling up the DagBag from /home/airflow/.local/lib/python3.12/site-packages/airflow/example_dags/example_task_group_decorator.py
[2024-09-09T10:12:57.357+0000] {processor.py:925} INFO - DAG(s) 'example_task_group_decorator' retrieved from /home/airflow/.local/lib/python3.12/site-packages/airflow/example_dags/example_task_group_decorator.py
[2024-09-09T10:12:57.375+0000] {logging_mixin.py:190} INFO - [2024-09-09T10:12:57.374+0000] {dag.py:3211} INFO - Sync 1 DAGs
[2024-09-09T10:12:57.391+0000] {logging_mixin.py:190} INFO - [2024-09-09T10:12:57.391+0000] {dag.py:4138} INFO - Setting next_dagrun for example_task_group_decorator to 2024-09-08 00:00:00+00:00, run_after=2024-09-09 00:00:00+00:00
[2024-09-09T10:12:57.404+0000] {processor.py:208} INFO - Processing /home/airflow/.local/lib/python3.12/site-packages/airflow/example_dags/example_task_group_decorator.py took 0.063 seconds
[2024-09-09T10:13:28.143+0000] {processor.py:186} INFO - Started process (PID=225) to work on /home/airflow/.local/lib/python3.12/site-packages/airflow/example_dags/example_task_group_decorator.py
[2024-09-09T10:13:28.144+0000] {processor.py:914} INFO - Processing file /home/airflow/.local/lib/python3.12/site-packages/airflow/example_dags/example_task_group_decorator.py for tasks to queue
[2024-09-09T10:13:28.145+0000] {logging_mixin.py:190} INFO - [2024-09-09T10:13:28.145+0000] {dagbag.py:587} INFO - Filling up the DagBag from /home/airflow/.local/lib/python3.12/site-packages/airflow/example_dags/example_task_group_decorator.py
[2024-09-09T10:13:28.156+0000] {processor.py:925} INFO - DAG(s) 'example_task_group_decorator' retrieved from /home/airflow/.local/lib/python3.12/site-packages/airflow/example_dags/example_task_group_decorator.py
[2024-09-09T10:13:28.176+0000] {logging_mixin.py:190} INFO - [2024-09-09T10:13:28.175+0000] {dag.py:3211} INFO - Sync 1 DAGs
[2024-09-09T10:13:28.192+0000] {logging_mixin.py:190} INFO - [2024-09-09T10:13:28.192+0000] {dag.py:4138} INFO - Setting next_dagrun for example_task_group_decorator to 2024-09-08 00:00:00+00:00, run_after=2024-09-09 00:00:00+00:00
[2024-09-09T10:13:28.206+0000] {processor.py:208} INFO - Processing /home/airflow/.local/lib/python3.12/site-packages/airflow/example_dags/example_task_group_decorator.py took 0.066 seconds
[2024-09-09T10:13:58.988+0000] {processor.py:186} INFO - Started process (PID=287) to work on /home/airflow/.local/lib/python3.12/site-packages/airflow/example_dags/example_task_group_decorator.py
[2024-09-09T10:13:58.989+0000] {processor.py:914} INFO - Processing file /home/airflow/.local/lib/python3.12/site-packages/airflow/example_dags/example_task_group_decorator.py for tasks to queue
[2024-09-09T10:13:58.990+0000] {logging_mixin.py:190} INFO - [2024-09-09T10:13:58.990+0000] {dagbag.py:587} INFO - Filling up the DagBag from /home/airflow/.local/lib/python3.12/site-packages/airflow/example_dags/example_task_group_decorator.py
[2024-09-09T10:13:59.001+0000] {processor.py:925} INFO - DAG(s) 'example_task_group_decorator' retrieved from /home/airflow/.local/lib/python3.12/site-packages/airflow/example_dags/example_task_group_decorator.py
[2024-09-09T10:13:59.019+0000] {logging_mixin.py:190} INFO - [2024-09-09T10:13:59.019+0000] {dag.py:3211} INFO - Sync 1 DAGs
[2024-09-09T10:13:59.036+0000] {logging_mixin.py:190} INFO - [2024-09-09T10:13:59.036+0000] {dag.py:4138} INFO - Setting next_dagrun for example_task_group_decorator to 2024-09-08 00:00:00+00:00, run_after=2024-09-09 00:00:00+00:00
[2024-09-09T10:13:59.048+0000] {processor.py:208} INFO - Processing /home/airflow/.local/lib/python3.12/site-packages/airflow/example_dags/example_task_group_decorator.py took 0.063 seconds
[2024-09-09T10:14:29.692+0000] {processor.py:186} INFO - Started process (PID=349) to work on /home/airflow/.local/lib/python3.12/site-packages/airflow/example_dags/example_task_group_decorator.py
[2024-09-09T10:14:29.692+0000] {processor.py:914} INFO - Processing file /home/airflow/.local/lib/python3.12/site-packages/airflow/example_dags/example_task_group_decorator.py for tasks to queue
[2024-09-09T10:14:29.694+0000] {logging_mixin.py:190} INFO - [2024-09-09T10:14:29.694+0000] {dagbag.py:587} INFO - Filling up the DagBag from /home/airflow/.local/lib/python3.12/site-packages/airflow/example_dags/example_task_group_decorator.py
[2024-09-09T10:14:29.705+0000] {processor.py:925} INFO - DAG(s) 'example_task_group_decorator' retrieved from /home/airflow/.local/lib/python3.12/site-packages/airflow/example_dags/example_task_group_decorator.py
[2024-09-09T10:14:29.723+0000] {logging_mixin.py:190} INFO - [2024-09-09T10:14:29.723+0000] {dag.py:3211} INFO - Sync 1 DAGs
[2024-09-09T10:14:29.740+0000] {logging_mixin.py:190} INFO - [2024-09-09T10:14:29.740+0000] {dag.py:4138} INFO - Setting next_dagrun for example_task_group_decorator to 2024-09-08 00:00:00+00:00, run_after=2024-09-09 00:00:00+00:00
[2024-09-09T10:14:29.752+0000] {processor.py:208} INFO - Processing /home/airflow/.local/lib/python3.12/site-packages/airflow/example_dags/example_task_group_decorator.py took 0.065 seconds
