[2024-09-09T10:12:25.884+0000] {processor.py:186} INFO - Started process (PID=91) to work on /home/airflow/.local/lib/python3.12/site-packages/airflow/example_dags/example_branch_python_dop_operator_3.py
[2024-09-09T10:12:25.885+0000] {processor.py:914} INFO - Processing file /home/airflow/.local/lib/python3.12/site-packages/airflow/example_dags/example_branch_python_dop_operator_3.py for tasks to queue
[2024-09-09T10:12:25.887+0000] {logging_mixin.py:190} INFO - [2024-09-09T10:12:25.887+0000] {dagbag.py:587} INFO - Filling up the DagBag from /home/airflow/.local/lib/python3.12/site-packages/airflow/example_dags/example_branch_python_dop_operator_3.py
[2024-09-09T10:12:25.893+0000] {processor.py:925} INFO - DAG(s) 'example_branch_dop_operator_v3' retrieved from /home/airflow/.local/lib/python3.12/site-packages/airflow/example_dags/example_branch_python_dop_operator_3.py
[2024-09-09T10:12:25.908+0000] {logging_mixin.py:190} INFO - [2024-09-09T10:12:25.908+0000] {dag.py:3211} INFO - Sync 1 DAGs
[2024-09-09T10:12:25.929+0000] {logging_mixin.py:190} INFO - [2024-09-09T10:12:25.929+0000] {dag.py:4138} INFO - Setting next_dagrun for example_branch_dop_operator_v3 to 2024-09-09 10:11:00+00:00, run_after=2024-09-09 10:12:00+00:00
[2024-09-09T10:12:25.942+0000] {processor.py:208} INFO - Processing /home/airflow/.local/lib/python3.12/site-packages/airflow/example_dags/example_branch_python_dop_operator_3.py took 0.061 seconds
[2024-09-09T10:12:56.939+0000] {processor.py:186} INFO - Started process (PID=153) to work on /home/airflow/.local/lib/python3.12/site-packages/airflow/example_dags/example_branch_python_dop_operator_3.py
[2024-09-09T10:12:56.940+0000] {processor.py:914} INFO - Processing file /home/airflow/.local/lib/python3.12/site-packages/airflow/example_dags/example_branch_python_dop_operator_3.py for tasks to queue
[2024-09-09T10:12:56.942+0000] {logging_mixin.py:190} INFO - [2024-09-09T10:12:56.941+0000] {dagbag.py:587} INFO - Filling up the DagBag from /home/airflow/.local/lib/python3.12/site-packages/airflow/example_dags/example_branch_python_dop_operator_3.py
[2024-09-09T10:12:56.950+0000] {processor.py:925} INFO - DAG(s) 'example_branch_dop_operator_v3' retrieved from /home/airflow/.local/lib/python3.12/site-packages/airflow/example_dags/example_branch_python_dop_operator_3.py
[2024-09-09T10:12:56.967+0000] {logging_mixin.py:190} INFO - [2024-09-09T10:12:56.967+0000] {dag.py:3211} INFO - Sync 1 DAGs
[2024-09-09T10:12:56.990+0000] {logging_mixin.py:190} INFO - [2024-09-09T10:12:56.989+0000] {dag.py:4138} INFO - Setting next_dagrun for example_branch_dop_operator_v3 to 2024-09-09 10:11:00+00:00, run_after=2024-09-09 10:12:00+00:00
[2024-09-09T10:12:57.003+0000] {processor.py:208} INFO - Processing /home/airflow/.local/lib/python3.12/site-packages/airflow/example_dags/example_branch_python_dop_operator_3.py took 0.068 seconds
[2024-09-09T10:13:27.732+0000] {processor.py:186} INFO - Started process (PID=215) to work on /home/airflow/.local/lib/python3.12/site-packages/airflow/example_dags/example_branch_python_dop_operator_3.py
[2024-09-09T10:13:27.733+0000] {processor.py:914} INFO - Processing file /home/airflow/.local/lib/python3.12/site-packages/airflow/example_dags/example_branch_python_dop_operator_3.py for tasks to queue
[2024-09-09T10:13:27.734+0000] {logging_mixin.py:190} INFO - [2024-09-09T10:13:27.734+0000] {dagbag.py:587} INFO - Filling up the DagBag from /home/airflow/.local/lib/python3.12/site-packages/airflow/example_dags/example_branch_python_dop_operator_3.py
[2024-09-09T10:13:27.741+0000] {processor.py:925} INFO - DAG(s) 'example_branch_dop_operator_v3' retrieved from /home/airflow/.local/lib/python3.12/site-packages/airflow/example_dags/example_branch_python_dop_operator_3.py
[2024-09-09T10:13:27.755+0000] {logging_mixin.py:190} INFO - [2024-09-09T10:13:27.755+0000] {dag.py:3211} INFO - Sync 1 DAGs
[2024-09-09T10:13:27.774+0000] {logging_mixin.py:190} INFO - [2024-09-09T10:13:27.774+0000] {dag.py:4138} INFO - Setting next_dagrun for example_branch_dop_operator_v3 to 2024-09-09 10:12:00+00:00, run_after=2024-09-09 10:13:00+00:00
[2024-09-09T10:13:27.788+0000] {processor.py:208} INFO - Processing /home/airflow/.local/lib/python3.12/site-packages/airflow/example_dags/example_branch_python_dop_operator_3.py took 0.061 seconds
[2024-09-09T10:13:58.526+0000] {processor.py:186} INFO - Started process (PID=277) to work on /home/airflow/.local/lib/python3.12/site-packages/airflow/example_dags/example_branch_python_dop_operator_3.py
[2024-09-09T10:13:58.526+0000] {processor.py:914} INFO - Processing file /home/airflow/.local/lib/python3.12/site-packages/airflow/example_dags/example_branch_python_dop_operator_3.py for tasks to queue
[2024-09-09T10:13:58.528+0000] {logging_mixin.py:190} INFO - [2024-09-09T10:13:58.527+0000] {dagbag.py:587} INFO - Filling up the DagBag from /home/airflow/.local/lib/python3.12/site-packages/airflow/example_dags/example_branch_python_dop_operator_3.py
[2024-09-09T10:13:58.533+0000] {processor.py:925} INFO - DAG(s) 'example_branch_dop_operator_v3' retrieved from /home/airflow/.local/lib/python3.12/site-packages/airflow/example_dags/example_branch_python_dop_operator_3.py
[2024-09-09T10:13:58.546+0000] {logging_mixin.py:190} INFO - [2024-09-09T10:13:58.546+0000] {dag.py:3211} INFO - Sync 1 DAGs
[2024-09-09T10:13:58.565+0000] {logging_mixin.py:190} INFO - [2024-09-09T10:13:58.565+0000] {dag.py:4138} INFO - Setting next_dagrun for example_branch_dop_operator_v3 to 2024-09-09 10:12:00+00:00, run_after=2024-09-09 10:13:00+00:00
[2024-09-09T10:13:58.579+0000] {processor.py:208} INFO - Processing /home/airflow/.local/lib/python3.12/site-packages/airflow/example_dags/example_branch_python_dop_operator_3.py took 0.057 seconds
[2024-09-09T10:14:29.295+0000] {processor.py:186} INFO - Started process (PID=339) to work on /home/airflow/.local/lib/python3.12/site-packages/airflow/example_dags/example_branch_python_dop_operator_3.py
[2024-09-09T10:14:29.295+0000] {processor.py:914} INFO - Processing file /home/airflow/.local/lib/python3.12/site-packages/airflow/example_dags/example_branch_python_dop_operator_3.py for tasks to queue
[2024-09-09T10:14:29.296+0000] {logging_mixin.py:190} INFO - [2024-09-09T10:14:29.296+0000] {dagbag.py:587} INFO - Filling up the DagBag from /home/airflow/.local/lib/python3.12/site-packages/airflow/example_dags/example_branch_python_dop_operator_3.py
[2024-09-09T10:14:29.303+0000] {processor.py:925} INFO - DAG(s) 'example_branch_dop_operator_v3' retrieved from /home/airflow/.local/lib/python3.12/site-packages/airflow/example_dags/example_branch_python_dop_operator_3.py
[2024-09-09T10:14:29.316+0000] {logging_mixin.py:190} INFO - [2024-09-09T10:14:29.316+0000] {dag.py:3211} INFO - Sync 1 DAGs
[2024-09-09T10:14:29.335+0000] {logging_mixin.py:190} INFO - [2024-09-09T10:14:29.335+0000] {dag.py:4138} INFO - Setting next_dagrun for example_branch_dop_operator_v3 to 2024-09-09 10:13:00+00:00, run_after=2024-09-09 10:14:00+00:00
[2024-09-09T10:14:29.348+0000] {processor.py:208} INFO - Processing /home/airflow/.local/lib/python3.12/site-packages/airflow/example_dags/example_branch_python_dop_operator_3.py took 0.056 seconds
