[2024-09-09T10:12:24.446+0000] {processor.py:186} INFO - Started process (PID=65) to work on /home/airflow/.local/lib/python3.12/site-packages/airflow/example_dags/example_complex.py
[2024-09-09T10:12:24.447+0000] {processor.py:914} INFO - Processing file /home/airflow/.local/lib/python3.12/site-packages/airflow/example_dags/example_complex.py for tasks to queue
[2024-09-09T10:12:24.449+0000] {logging_mixin.py:190} INFO - [2024-09-09T10:12:24.448+0000] {dagbag.py:587} INFO - Filling up the DagBag from /home/airflow/.local/lib/python3.12/site-packages/airflow/example_dags/example_complex.py
[2024-09-09T10:12:24.461+0000] {processor.py:925} INFO - DAG(s) 'example_complex' retrieved from /home/airflow/.local/lib/python3.12/site-packages/airflow/example_dags/example_complex.py
[2024-09-09T10:12:24.487+0000] {logging_mixin.py:190} INFO - [2024-09-09T10:12:24.487+0000] {dag.py:3211} INFO - Sync 1 DAGs
[2024-09-09T10:12:24.499+0000] {logging_mixin.py:190} INFO - [2024-09-09T10:12:24.499+0000] {dag.py:4138} INFO - Setting next_dagrun for example_complex to None, run_after=None
[2024-09-09T10:12:24.514+0000] {processor.py:208} INFO - Processing /home/airflow/.local/lib/python3.12/site-packages/airflow/example_dags/example_complex.py took 0.073 seconds
[2024-09-09T10:12:54.587+0000] {processor.py:186} INFO - Started process (PID=126) to work on /home/airflow/.local/lib/python3.12/site-packages/airflow/example_dags/example_complex.py
[2024-09-09T10:12:54.587+0000] {processor.py:914} INFO - Processing file /home/airflow/.local/lib/python3.12/site-packages/airflow/example_dags/example_complex.py for tasks to queue
[2024-09-09T10:12:54.589+0000] {logging_mixin.py:190} INFO - [2024-09-09T10:12:54.588+0000] {dagbag.py:587} INFO - Filling up the DagBag from /home/airflow/.local/lib/python3.12/site-packages/airflow/example_dags/example_complex.py
[2024-09-09T10:12:54.597+0000] {processor.py:925} INFO - DAG(s) 'example_complex' retrieved from /home/airflow/.local/lib/python3.12/site-packages/airflow/example_dags/example_complex.py
[2024-09-09T10:12:54.619+0000] {logging_mixin.py:190} INFO - [2024-09-09T10:12:54.619+0000] {dag.py:3211} INFO - Sync 1 DAGs
[2024-09-09T10:12:54.629+0000] {logging_mixin.py:190} INFO - [2024-09-09T10:12:54.629+0000] {dag.py:4138} INFO - Setting next_dagrun for example_complex to None, run_after=None
[2024-09-09T10:12:54.641+0000] {processor.py:208} INFO - Processing /home/airflow/.local/lib/python3.12/site-packages/airflow/example_dags/example_complex.py took 0.058 seconds
[2024-09-09T10:13:25.486+0000] {processor.py:186} INFO - Started process (PID=195) to work on /home/airflow/.local/lib/python3.12/site-packages/airflow/example_dags/example_complex.py
[2024-09-09T10:13:25.486+0000] {processor.py:914} INFO - Processing file /home/airflow/.local/lib/python3.12/site-packages/airflow/example_dags/example_complex.py for tasks to queue
[2024-09-09T10:13:25.487+0000] {logging_mixin.py:190} INFO - [2024-09-09T10:13:25.487+0000] {dagbag.py:587} INFO - Filling up the DagBag from /home/airflow/.local/lib/python3.12/site-packages/airflow/example_dags/example_complex.py
[2024-09-09T10:13:25.495+0000] {processor.py:925} INFO - DAG(s) 'example_complex' retrieved from /home/airflow/.local/lib/python3.12/site-packages/airflow/example_dags/example_complex.py
[2024-09-09T10:13:25.520+0000] {logging_mixin.py:190} INFO - [2024-09-09T10:13:25.519+0000] {dag.py:3211} INFO - Sync 1 DAGs
[2024-09-09T10:13:25.529+0000] {logging_mixin.py:190} INFO - [2024-09-09T10:13:25.529+0000] {dag.py:4138} INFO - Setting next_dagrun for example_complex to None, run_after=None
[2024-09-09T10:13:25.544+0000] {processor.py:208} INFO - Processing /home/airflow/.local/lib/python3.12/site-packages/airflow/example_dags/example_complex.py took 0.062 seconds
[2024-09-09T10:13:56.305+0000] {processor.py:186} INFO - Started process (PID=257) to work on /home/airflow/.local/lib/python3.12/site-packages/airflow/example_dags/example_complex.py
[2024-09-09T10:13:56.306+0000] {processor.py:914} INFO - Processing file /home/airflow/.local/lib/python3.12/site-packages/airflow/example_dags/example_complex.py for tasks to queue
[2024-09-09T10:13:56.307+0000] {logging_mixin.py:190} INFO - [2024-09-09T10:13:56.307+0000] {dagbag.py:587} INFO - Filling up the DagBag from /home/airflow/.local/lib/python3.12/site-packages/airflow/example_dags/example_complex.py
[2024-09-09T10:13:56.315+0000] {processor.py:925} INFO - DAG(s) 'example_complex' retrieved from /home/airflow/.local/lib/python3.12/site-packages/airflow/example_dags/example_complex.py
[2024-09-09T10:13:56.339+0000] {logging_mixin.py:190} INFO - [2024-09-09T10:13:56.339+0000] {dag.py:3211} INFO - Sync 1 DAGs
[2024-09-09T10:13:56.349+0000] {logging_mixin.py:190} INFO - [2024-09-09T10:13:56.349+0000] {dag.py:4138} INFO - Setting next_dagrun for example_complex to None, run_after=None
[2024-09-09T10:13:56.363+0000] {processor.py:208} INFO - Processing /home/airflow/.local/lib/python3.12/site-packages/airflow/example_dags/example_complex.py took 0.061 seconds
[2024-09-09T10:14:27.145+0000] {processor.py:186} INFO - Started process (PID=319) to work on /home/airflow/.local/lib/python3.12/site-packages/airflow/example_dags/example_complex.py
[2024-09-09T10:14:27.146+0000] {processor.py:914} INFO - Processing file /home/airflow/.local/lib/python3.12/site-packages/airflow/example_dags/example_complex.py for tasks to queue
[2024-09-09T10:14:27.147+0000] {logging_mixin.py:190} INFO - [2024-09-09T10:14:27.147+0000] {dagbag.py:587} INFO - Filling up the DagBag from /home/airflow/.local/lib/python3.12/site-packages/airflow/example_dags/example_complex.py
[2024-09-09T10:14:27.155+0000] {processor.py:925} INFO - DAG(s) 'example_complex' retrieved from /home/airflow/.local/lib/python3.12/site-packages/airflow/example_dags/example_complex.py
[2024-09-09T10:14:27.182+0000] {logging_mixin.py:190} INFO - [2024-09-09T10:14:27.181+0000] {dag.py:3211} INFO - Sync 1 DAGs
[2024-09-09T10:14:27.192+0000] {logging_mixin.py:190} INFO - [2024-09-09T10:14:27.192+0000] {dag.py:4138} INFO - Setting next_dagrun for example_complex to None, run_after=None
[2024-09-09T10:14:27.205+0000] {processor.py:208} INFO - Processing /home/airflow/.local/lib/python3.12/site-packages/airflow/example_dags/example_complex.py took 0.064 seconds
