[2024-09-09T10:12:25.627+0000] {processor.py:186} INFO - Started process (PID=87) to work on /home/airflow/.local/lib/python3.12/site-packages/airflow/example_dags/example_inlet_event_extra.py
[2024-09-09T10:12:25.627+0000] {processor.py:914} INFO - Processing file /home/airflow/.local/lib/python3.12/site-packages/airflow/example_dags/example_inlet_event_extra.py for tasks to queue
[2024-09-09T10:12:25.629+0000] {logging_mixin.py:190} INFO - [2024-09-09T10:12:25.629+0000] {dagbag.py:587} INFO - Filling up the DagBag from /home/airflow/.local/lib/python3.12/site-packages/airflow/example_dags/example_inlet_event_extra.py
[2024-09-09T10:12:25.732+0000] {processor.py:925} INFO - DAG(s) 'read_dataset_event_from_classic', 'read_dataset_event' retrieved from /home/airflow/.local/lib/python3.12/site-packages/airflow/example_dags/example_inlet_event_extra.py
[2024-09-09T10:12:25.746+0000] {logging_mixin.py:190} INFO - [2024-09-09T10:12:25.746+0000] {dag.py:3211} INFO - Sync 2 DAGs
[2024-09-09T10:12:25.766+0000] {logging_mixin.py:190} INFO - [2024-09-09T10:12:25.766+0000] {dag.py:4138} INFO - Setting next_dagrun for read_dataset_event to 2024-09-08 00:00:00+00:00, run_after=2024-09-09 00:00:00+00:00
[2024-09-09T10:12:25.770+0000] {logging_mixin.py:190} INFO - [2024-09-09T10:12:25.770+0000] {dag.py:4138} INFO - Setting next_dagrun for read_dataset_event_from_classic to 2024-09-08 00:00:00+00:00, run_after=2024-09-09 00:00:00+00:00
[2024-09-09T10:12:25.783+0000] {processor.py:208} INFO - Processing /home/airflow/.local/lib/python3.12/site-packages/airflow/example_dags/example_inlet_event_extra.py took 0.160 seconds
[2024-09-09T10:12:56.682+0000] {processor.py:186} INFO - Started process (PID=149) to work on /home/airflow/.local/lib/python3.12/site-packages/airflow/example_dags/example_inlet_event_extra.py
[2024-09-09T10:12:56.682+0000] {processor.py:914} INFO - Processing file /home/airflow/.local/lib/python3.12/site-packages/airflow/example_dags/example_inlet_event_extra.py for tasks to queue
[2024-09-09T10:12:56.684+0000] {logging_mixin.py:190} INFO - [2024-09-09T10:12:56.684+0000] {dagbag.py:587} INFO - Filling up the DagBag from /home/airflow/.local/lib/python3.12/site-packages/airflow/example_dags/example_inlet_event_extra.py
[2024-09-09T10:12:56.805+0000] {processor.py:925} INFO - DAG(s) 'read_dataset_event_from_classic', 'read_dataset_event' retrieved from /home/airflow/.local/lib/python3.12/site-packages/airflow/example_dags/example_inlet_event_extra.py
[2024-09-09T10:12:56.822+0000] {logging_mixin.py:190} INFO - [2024-09-09T10:12:56.822+0000] {dag.py:3211} INFO - Sync 2 DAGs
[2024-09-09T10:12:56.842+0000] {logging_mixin.py:190} INFO - [2024-09-09T10:12:56.842+0000] {dag.py:4138} INFO - Setting next_dagrun for read_dataset_event to 2024-09-08 00:00:00+00:00, run_after=2024-09-09 00:00:00+00:00
[2024-09-09T10:12:56.846+0000] {logging_mixin.py:190} INFO - [2024-09-09T10:12:56.846+0000] {dag.py:4138} INFO - Setting next_dagrun for read_dataset_event_from_classic to 2024-09-08 00:00:00+00:00, run_after=2024-09-09 00:00:00+00:00
[2024-09-09T10:12:56.860+0000] {processor.py:208} INFO - Processing /home/airflow/.local/lib/python3.12/site-packages/airflow/example_dags/example_inlet_event_extra.py took 0.182 seconds
[2024-09-09T10:13:27.539+0000] {processor.py:186} INFO - Started process (PID=211) to work on /home/airflow/.local/lib/python3.12/site-packages/airflow/example_dags/example_inlet_event_extra.py
[2024-09-09T10:13:27.540+0000] {processor.py:914} INFO - Processing file /home/airflow/.local/lib/python3.12/site-packages/airflow/example_dags/example_inlet_event_extra.py for tasks to queue
[2024-09-09T10:13:27.542+0000] {logging_mixin.py:190} INFO - [2024-09-09T10:13:27.541+0000] {dagbag.py:587} INFO - Filling up the DagBag from /home/airflow/.local/lib/python3.12/site-packages/airflow/example_dags/example_inlet_event_extra.py
[2024-09-09T10:13:27.651+0000] {processor.py:925} INFO - DAG(s) 'read_dataset_event', 'read_dataset_event_from_classic' retrieved from /home/airflow/.local/lib/python3.12/site-packages/airflow/example_dags/example_inlet_event_extra.py
[2024-09-09T10:13:27.668+0000] {logging_mixin.py:190} INFO - [2024-09-09T10:13:27.667+0000] {dag.py:3211} INFO - Sync 2 DAGs
[2024-09-09T10:13:27.688+0000] {logging_mixin.py:190} INFO - [2024-09-09T10:13:27.688+0000] {dag.py:4138} INFO - Setting next_dagrun for read_dataset_event to 2024-09-08 00:00:00+00:00, run_after=2024-09-09 00:00:00+00:00
[2024-09-09T10:13:27.693+0000] {logging_mixin.py:190} INFO - [2024-09-09T10:13:27.693+0000] {dag.py:4138} INFO - Setting next_dagrun for read_dataset_event_from_classic to 2024-09-08 00:00:00+00:00, run_after=2024-09-09 00:00:00+00:00
[2024-09-09T10:13:27.705+0000] {processor.py:208} INFO - Processing /home/airflow/.local/lib/python3.12/site-packages/airflow/example_dags/example_inlet_event_extra.py took 0.169 seconds
[2024-09-09T10:13:58.352+0000] {processor.py:186} INFO - Started process (PID=273) to work on /home/airflow/.local/lib/python3.12/site-packages/airflow/example_dags/example_inlet_event_extra.py
[2024-09-09T10:13:58.352+0000] {processor.py:914} INFO - Processing file /home/airflow/.local/lib/python3.12/site-packages/airflow/example_dags/example_inlet_event_extra.py for tasks to queue
[2024-09-09T10:13:58.354+0000] {logging_mixin.py:190} INFO - [2024-09-09T10:13:58.353+0000] {dagbag.py:587} INFO - Filling up the DagBag from /home/airflow/.local/lib/python3.12/site-packages/airflow/example_dags/example_inlet_event_extra.py
[2024-09-09T10:13:58.454+0000] {processor.py:925} INFO - DAG(s) 'read_dataset_event_from_classic', 'read_dataset_event' retrieved from /home/airflow/.local/lib/python3.12/site-packages/airflow/example_dags/example_inlet_event_extra.py
[2024-09-09T10:13:58.468+0000] {logging_mixin.py:190} INFO - [2024-09-09T10:13:58.468+0000] {dag.py:3211} INFO - Sync 2 DAGs
[2024-09-09T10:13:58.487+0000] {logging_mixin.py:190} INFO - [2024-09-09T10:13:58.486+0000] {dag.py:4138} INFO - Setting next_dagrun for read_dataset_event to 2024-09-08 00:00:00+00:00, run_after=2024-09-09 00:00:00+00:00
[2024-09-09T10:13:58.491+0000] {logging_mixin.py:190} INFO - [2024-09-09T10:13:58.490+0000] {dag.py:4138} INFO - Setting next_dagrun for read_dataset_event_from_classic to 2024-09-08 00:00:00+00:00, run_after=2024-09-09 00:00:00+00:00
[2024-09-09T10:13:58.501+0000] {processor.py:208} INFO - Processing /home/airflow/.local/lib/python3.12/site-packages/airflow/example_dags/example_inlet_event_extra.py took 0.153 seconds
[2024-09-09T10:14:29.148+0000] {processor.py:186} INFO - Started process (PID=336) to work on /home/airflow/.local/lib/python3.12/site-packages/airflow/example_dags/example_inlet_event_extra.py
[2024-09-09T10:14:29.149+0000] {processor.py:914} INFO - Processing file /home/airflow/.local/lib/python3.12/site-packages/airflow/example_dags/example_inlet_event_extra.py for tasks to queue
[2024-09-09T10:14:29.150+0000] {logging_mixin.py:190} INFO - [2024-09-09T10:14:29.150+0000] {dagbag.py:587} INFO - Filling up the DagBag from /home/airflow/.local/lib/python3.12/site-packages/airflow/example_dags/example_inlet_event_extra.py
[2024-09-09T10:14:29.252+0000] {processor.py:925} INFO - DAG(s) 'read_dataset_event', 'read_dataset_event_from_classic' retrieved from /home/airflow/.local/lib/python3.12/site-packages/airflow/example_dags/example_inlet_event_extra.py
[2024-09-09T10:14:29.268+0000] {logging_mixin.py:190} INFO - [2024-09-09T10:14:29.268+0000] {dag.py:3211} INFO - Sync 2 DAGs
[2024-09-09T10:14:29.289+0000] {logging_mixin.py:190} INFO - [2024-09-09T10:14:29.289+0000] {dag.py:4138} INFO - Setting next_dagrun for read_dataset_event to 2024-09-08 00:00:00+00:00, run_after=2024-09-09 00:00:00+00:00
[2024-09-09T10:14:29.293+0000] {logging_mixin.py:190} INFO - [2024-09-09T10:14:29.293+0000] {dag.py:4138} INFO - Setting next_dagrun for read_dataset_event_from_classic to 2024-09-08 00:00:00+00:00, run_after=2024-09-09 00:00:00+00:00
[2024-09-09T10:14:29.304+0000] {processor.py:208} INFO - Processing /home/airflow/.local/lib/python3.12/site-packages/airflow/example_dags/example_inlet_event_extra.py took 0.160 seconds
