[2024-09-09T10:12:26.192+0000] {processor.py:186} INFO - Started process (PID=98) to work on /home/airflow/.local/lib/python3.12/site-packages/airflow/example_dags/example_subdag_operator.py
[2024-09-09T10:12:26.193+0000] {processor.py:914} INFO - Processing file /home/airflow/.local/lib/python3.12/site-packages/airflow/example_dags/example_subdag_operator.py for tasks to queue
[2024-09-09T10:12:26.195+0000] {logging_mixin.py:190} INFO - [2024-09-09T10:12:26.194+0000] {dagbag.py:587} INFO - Filling up the DagBag from /home/airflow/.local/lib/python3.12/site-packages/airflow/example_dags/example_subdag_operator.py
[2024-09-09T10:12:26.212+0000] {processor.py:925} INFO - DAG(s) 'example_subdag_operator.section-1', 'example_subdag_operator.section-2', 'example_subdag_operator' retrieved from /home/airflow/.local/lib/python3.12/site-packages/airflow/example_dags/example_subdag_operator.py
[2024-09-09T10:12:26.223+0000] {logging_mixin.py:190} INFO - [2024-09-09T10:12:26.223+0000] {dag.py:3211} INFO - Sync 3 DAGs
[2024-09-09T10:12:26.241+0000] {logging_mixin.py:190} INFO - [2024-09-09T10:12:26.240+0000] {dag.py:4138} INFO - Setting next_dagrun for example_subdag_operator to 2022-01-01 00:00:00+00:00, run_after=2022-01-01 00:00:00+00:00
[2024-09-09T10:12:26.244+0000] {logging_mixin.py:190} INFO - [2024-09-09T10:12:26.243+0000] {dag.py:4138} INFO - Setting next_dagrun for example_subdag_operator.section-1 to None, run_after=None
[2024-09-09T10:12:26.245+0000] {logging_mixin.py:190} INFO - [2024-09-09T10:12:26.244+0000] {dag.py:4138} INFO - Setting next_dagrun for example_subdag_operator.section-2 to None, run_after=None
[2024-09-09T10:12:26.250+0000] {logging_mixin.py:190} INFO - [2024-09-09T10:12:26.250+0000] {dag.py:3211} INFO - Sync 2 DAGs
[2024-09-09T10:12:26.254+0000] {logging_mixin.py:190} INFO - [2024-09-09T10:12:26.254+0000] {dag.py:4138} INFO - Setting next_dagrun for example_subdag_operator.section-1 to None, run_after=None
[2024-09-09T10:12:26.255+0000] {logging_mixin.py:190} INFO - [2024-09-09T10:12:26.254+0000] {dag.py:4138} INFO - Setting next_dagrun for example_subdag_operator.section-2 to None, run_after=None
[2024-09-09T10:12:26.263+0000] {processor.py:208} INFO - Processing /home/airflow/.local/lib/python3.12/site-packages/airflow/example_dags/example_subdag_operator.py took 0.074 seconds
[2024-09-09T10:12:57.211+0000] {processor.py:186} INFO - Started process (PID=160) to work on /home/airflow/.local/lib/python3.12/site-packages/airflow/example_dags/example_subdag_operator.py
[2024-09-09T10:12:57.212+0000] {processor.py:914} INFO - Processing file /home/airflow/.local/lib/python3.12/site-packages/airflow/example_dags/example_subdag_operator.py for tasks to queue
[2024-09-09T10:12:57.214+0000] {logging_mixin.py:190} INFO - [2024-09-09T10:12:57.213+0000] {dagbag.py:587} INFO - Filling up the DagBag from /home/airflow/.local/lib/python3.12/site-packages/airflow/example_dags/example_subdag_operator.py
[2024-09-09T10:12:57.231+0000] {processor.py:925} INFO - DAG(s) 'example_subdag_operator.section-1', 'example_subdag_operator.section-2', 'example_subdag_operator' retrieved from /home/airflow/.local/lib/python3.12/site-packages/airflow/example_dags/example_subdag_operator.py
[2024-09-09T10:12:57.243+0000] {logging_mixin.py:190} INFO - [2024-09-09T10:12:57.243+0000] {dag.py:3211} INFO - Sync 3 DAGs
[2024-09-09T10:12:57.261+0000] {logging_mixin.py:190} INFO - [2024-09-09T10:12:57.261+0000] {dag.py:4138} INFO - Setting next_dagrun for example_subdag_operator to 2022-01-01 00:00:00+00:00, run_after=2022-01-01 00:00:00+00:00
[2024-09-09T10:12:57.263+0000] {logging_mixin.py:190} INFO - [2024-09-09T10:12:57.263+0000] {dag.py:4138} INFO - Setting next_dagrun for example_subdag_operator.section-1 to None, run_after=None
[2024-09-09T10:12:57.265+0000] {logging_mixin.py:190} INFO - [2024-09-09T10:12:57.265+0000] {dag.py:4138} INFO - Setting next_dagrun for example_subdag_operator.section-2 to None, run_after=None
[2024-09-09T10:12:57.269+0000] {logging_mixin.py:190} INFO - [2024-09-09T10:12:57.269+0000] {dag.py:3211} INFO - Sync 2 DAGs
[2024-09-09T10:12:57.273+0000] {logging_mixin.py:190} INFO - [2024-09-09T10:12:57.273+0000] {dag.py:4138} INFO - Setting next_dagrun for example_subdag_operator.section-1 to None, run_after=None
[2024-09-09T10:12:57.274+0000] {logging_mixin.py:190} INFO - [2024-09-09T10:12:57.274+0000] {dag.py:4138} INFO - Setting next_dagrun for example_subdag_operator.section-2 to None, run_after=None
[2024-09-09T10:12:57.282+0000] {processor.py:208} INFO - Processing /home/airflow/.local/lib/python3.12/site-packages/airflow/example_dags/example_subdag_operator.py took 0.074 seconds
[2024-09-09T10:13:28.030+0000] {processor.py:186} INFO - Started process (PID=222) to work on /home/airflow/.local/lib/python3.12/site-packages/airflow/example_dags/example_subdag_operator.py
[2024-09-09T10:13:28.030+0000] {processor.py:914} INFO - Processing file /home/airflow/.local/lib/python3.12/site-packages/airflow/example_dags/example_subdag_operator.py for tasks to queue
[2024-09-09T10:13:28.032+0000] {logging_mixin.py:190} INFO - [2024-09-09T10:13:28.032+0000] {dagbag.py:587} INFO - Filling up the DagBag from /home/airflow/.local/lib/python3.12/site-packages/airflow/example_dags/example_subdag_operator.py
[2024-09-09T10:13:28.051+0000] {processor.py:925} INFO - DAG(s) 'example_subdag_operator.section-1', 'example_subdag_operator.section-2', 'example_subdag_operator' retrieved from /home/airflow/.local/lib/python3.12/site-packages/airflow/example_dags/example_subdag_operator.py
[2024-09-09T10:13:28.062+0000] {logging_mixin.py:190} INFO - [2024-09-09T10:13:28.062+0000] {dag.py:3211} INFO - Sync 3 DAGs
[2024-09-09T10:13:28.080+0000] {logging_mixin.py:190} INFO - [2024-09-09T10:13:28.080+0000] {dag.py:4138} INFO - Setting next_dagrun for example_subdag_operator to 2022-01-01 00:00:00+00:00, run_after=2022-01-01 00:00:00+00:00
[2024-09-09T10:13:28.083+0000] {logging_mixin.py:190} INFO - [2024-09-09T10:13:28.082+0000] {dag.py:4138} INFO - Setting next_dagrun for example_subdag_operator.section-1 to None, run_after=None
[2024-09-09T10:13:28.084+0000] {logging_mixin.py:190} INFO - [2024-09-09T10:13:28.083+0000] {dag.py:4138} INFO - Setting next_dagrun for example_subdag_operator.section-2 to None, run_after=None
[2024-09-09T10:13:28.089+0000] {logging_mixin.py:190} INFO - [2024-09-09T10:13:28.089+0000] {dag.py:3211} INFO - Sync 2 DAGs
[2024-09-09T10:13:28.093+0000] {logging_mixin.py:190} INFO - [2024-09-09T10:13:28.093+0000] {dag.py:4138} INFO - Setting next_dagrun for example_subdag_operator.section-1 to None, run_after=None
[2024-09-09T10:13:28.094+0000] {logging_mixin.py:190} INFO - [2024-09-09T10:13:28.094+0000] {dag.py:4138} INFO - Setting next_dagrun for example_subdag_operator.section-2 to None, run_after=None
[2024-09-09T10:13:28.103+0000] {processor.py:208} INFO - Processing /home/airflow/.local/lib/python3.12/site-packages/airflow/example_dags/example_subdag_operator.py took 0.078 seconds
[2024-09-09T10:13:58.821+0000] {processor.py:186} INFO - Started process (PID=284) to work on /home/airflow/.local/lib/python3.12/site-packages/airflow/example_dags/example_subdag_operator.py
[2024-09-09T10:13:58.822+0000] {processor.py:914} INFO - Processing file /home/airflow/.local/lib/python3.12/site-packages/airflow/example_dags/example_subdag_operator.py for tasks to queue
[2024-09-09T10:13:58.823+0000] {logging_mixin.py:190} INFO - [2024-09-09T10:13:58.823+0000] {dagbag.py:587} INFO - Filling up the DagBag from /home/airflow/.local/lib/python3.12/site-packages/airflow/example_dags/example_subdag_operator.py
[2024-09-09T10:13:58.840+0000] {processor.py:925} INFO - DAG(s) 'example_subdag_operator.section-1', 'example_subdag_operator.section-2', 'example_subdag_operator' retrieved from /home/airflow/.local/lib/python3.12/site-packages/airflow/example_dags/example_subdag_operator.py
[2024-09-09T10:13:58.853+0000] {logging_mixin.py:190} INFO - [2024-09-09T10:13:58.853+0000] {dag.py:3211} INFO - Sync 3 DAGs
[2024-09-09T10:13:58.868+0000] {logging_mixin.py:190} INFO - [2024-09-09T10:13:58.868+0000] {dag.py:4138} INFO - Setting next_dagrun for example_subdag_operator to 2022-01-01 00:00:00+00:00, run_after=2022-01-01 00:00:00+00:00
[2024-09-09T10:13:58.871+0000] {logging_mixin.py:190} INFO - [2024-09-09T10:13:58.871+0000] {dag.py:4138} INFO - Setting next_dagrun for example_subdag_operator.section-1 to None, run_after=None
[2024-09-09T10:13:58.872+0000] {logging_mixin.py:190} INFO - [2024-09-09T10:13:58.872+0000] {dag.py:4138} INFO - Setting next_dagrun for example_subdag_operator.section-2 to None, run_after=None
[2024-09-09T10:13:58.876+0000] {logging_mixin.py:190} INFO - [2024-09-09T10:13:58.876+0000] {dag.py:3211} INFO - Sync 2 DAGs
[2024-09-09T10:13:58.880+0000] {logging_mixin.py:190} INFO - [2024-09-09T10:13:58.880+0000] {dag.py:4138} INFO - Setting next_dagrun for example_subdag_operator.section-1 to None, run_after=None
[2024-09-09T10:13:58.881+0000] {logging_mixin.py:190} INFO - [2024-09-09T10:13:58.880+0000] {dag.py:4138} INFO - Setting next_dagrun for example_subdag_operator.section-2 to None, run_after=None
[2024-09-09T10:13:58.889+0000] {processor.py:208} INFO - Processing /home/airflow/.local/lib/python3.12/site-packages/airflow/example_dags/example_subdag_operator.py took 0.072 seconds
[2024-09-09T10:14:29.566+0000] {processor.py:186} INFO - Started process (PID=346) to work on /home/airflow/.local/lib/python3.12/site-packages/airflow/example_dags/example_subdag_operator.py
[2024-09-09T10:14:29.566+0000] {processor.py:914} INFO - Processing file /home/airflow/.local/lib/python3.12/site-packages/airflow/example_dags/example_subdag_operator.py for tasks to queue
[2024-09-09T10:14:29.568+0000] {logging_mixin.py:190} INFO - [2024-09-09T10:14:29.568+0000] {dagbag.py:587} INFO - Filling up the DagBag from /home/airflow/.local/lib/python3.12/site-packages/airflow/example_dags/example_subdag_operator.py
[2024-09-09T10:14:29.586+0000] {processor.py:925} INFO - DAG(s) 'example_subdag_operator.section-1', 'example_subdag_operator.section-2', 'example_subdag_operator' retrieved from /home/airflow/.local/lib/python3.12/site-packages/airflow/example_dags/example_subdag_operator.py
[2024-09-09T10:14:29.598+0000] {logging_mixin.py:190} INFO - [2024-09-09T10:14:29.597+0000] {dag.py:3211} INFO - Sync 3 DAGs
[2024-09-09T10:14:29.615+0000] {logging_mixin.py:190} INFO - [2024-09-09T10:14:29.615+0000] {dag.py:4138} INFO - Setting next_dagrun for example_subdag_operator to 2022-01-01 00:00:00+00:00, run_after=2022-01-01 00:00:00+00:00
[2024-09-09T10:14:29.618+0000] {logging_mixin.py:190} INFO - [2024-09-09T10:14:29.618+0000] {dag.py:4138} INFO - Setting next_dagrun for example_subdag_operator.section-1 to None, run_after=None
[2024-09-09T10:14:29.619+0000] {logging_mixin.py:190} INFO - [2024-09-09T10:14:29.619+0000] {dag.py:4138} INFO - Setting next_dagrun for example_subdag_operator.section-2 to None, run_after=None
[2024-09-09T10:14:29.624+0000] {logging_mixin.py:190} INFO - [2024-09-09T10:14:29.624+0000] {dag.py:3211} INFO - Sync 2 DAGs
[2024-09-09T10:14:29.628+0000] {logging_mixin.py:190} INFO - [2024-09-09T10:14:29.628+0000] {dag.py:4138} INFO - Setting next_dagrun for example_subdag_operator.section-1 to None, run_after=None
[2024-09-09T10:14:29.629+0000] {logging_mixin.py:190} INFO - [2024-09-09T10:14:29.629+0000] {dag.py:4138} INFO - Setting next_dagrun for example_subdag_operator.section-2 to None, run_after=None
[2024-09-09T10:14:29.637+0000] {processor.py:208} INFO - Processing /home/airflow/.local/lib/python3.12/site-packages/airflow/example_dags/example_subdag_operator.py took 0.075 seconds
