[2024-09-09T10:12:24.413+0000] {processor.py:186} INFO - Started process (PID=64) to work on /home/airflow/.local/lib/python3.12/site-packages/airflow/example_dags/example_branch_operator.py
[2024-09-09T10:12:24.413+0000] {processor.py:914} INFO - Processing file /home/airflow/.local/lib/python3.12/site-packages/airflow/example_dags/example_branch_operator.py for tasks to queue
[2024-09-09T10:12:24.415+0000] {logging_mixin.py:190} INFO - [2024-09-09T10:12:24.414+0000] {dagbag.py:587} INFO - Filling up the DagBag from /home/airflow/.local/lib/python3.12/site-packages/airflow/example_dags/example_branch_operator.py
[2024-09-09T10:12:24.429+0000] {processor.py:925} INFO - DAG(s) 'example_branch_operator' retrieved from /home/airflow/.local/lib/python3.12/site-packages/airflow/example_dags/example_branch_operator.py
[2024-09-09T10:12:24.528+0000] {logging_mixin.py:190} INFO - [2024-09-09T10:12:24.528+0000] {dag.py:3211} INFO - Sync 1 DAGs
[2024-09-09T10:12:24.545+0000] {logging_mixin.py:190} INFO - [2024-09-09T10:12:24.545+0000] {dag.py:4138} INFO - Setting next_dagrun for example_branch_operator to 2024-09-08 00:00:00+00:00, run_after=2024-09-09 00:00:00+00:00
[2024-09-09T10:12:24.563+0000] {processor.py:208} INFO - Processing /home/airflow/.local/lib/python3.12/site-packages/airflow/example_dags/example_branch_operator.py took 0.154 seconds
[2024-09-09T10:12:54.662+0000] {processor.py:186} INFO - Started process (PID=127) to work on /home/airflow/.local/lib/python3.12/site-packages/airflow/example_dags/example_branch_operator.py
[2024-09-09T10:12:54.663+0000] {processor.py:914} INFO - Processing file /home/airflow/.local/lib/python3.12/site-packages/airflow/example_dags/example_branch_operator.py for tasks to queue
[2024-09-09T10:12:54.664+0000] {logging_mixin.py:190} INFO - [2024-09-09T10:12:54.664+0000] {dagbag.py:587} INFO - Filling up the DagBag from /home/airflow/.local/lib/python3.12/site-packages/airflow/example_dags/example_branch_operator.py
[2024-09-09T10:12:54.676+0000] {processor.py:925} INFO - DAG(s) 'example_branch_operator' retrieved from /home/airflow/.local/lib/python3.12/site-packages/airflow/example_dags/example_branch_operator.py
[2024-09-09T10:12:54.696+0000] {logging_mixin.py:190} INFO - [2024-09-09T10:12:54.696+0000] {dag.py:3211} INFO - Sync 1 DAGs
[2024-09-09T10:12:54.713+0000] {logging_mixin.py:190} INFO - [2024-09-09T10:12:54.713+0000] {dag.py:4138} INFO - Setting next_dagrun for example_branch_operator to 2024-09-08 00:00:00+00:00, run_after=2024-09-09 00:00:00+00:00
[2024-09-09T10:12:54.726+0000] {processor.py:208} INFO - Processing /home/airflow/.local/lib/python3.12/site-packages/airflow/example_dags/example_branch_operator.py took 0.067 seconds
[2024-09-09T10:13:25.464+0000] {processor.py:186} INFO - Started process (PID=194) to work on /home/airflow/.local/lib/python3.12/site-packages/airflow/example_dags/example_branch_operator.py
[2024-09-09T10:13:25.465+0000] {processor.py:914} INFO - Processing file /home/airflow/.local/lib/python3.12/site-packages/airflow/example_dags/example_branch_operator.py for tasks to queue
[2024-09-09T10:13:25.467+0000] {logging_mixin.py:190} INFO - [2024-09-09T10:13:25.466+0000] {dagbag.py:587} INFO - Filling up the DagBag from /home/airflow/.local/lib/python3.12/site-packages/airflow/example_dags/example_branch_operator.py
[2024-09-09T10:13:25.479+0000] {processor.py:925} INFO - DAG(s) 'example_branch_operator' retrieved from /home/airflow/.local/lib/python3.12/site-packages/airflow/example_dags/example_branch_operator.py
[2024-09-09T10:13:25.499+0000] {logging_mixin.py:190} INFO - [2024-09-09T10:13:25.499+0000] {dag.py:3211} INFO - Sync 1 DAGs
[2024-09-09T10:13:25.517+0000] {logging_mixin.py:190} INFO - [2024-09-09T10:13:25.516+0000] {dag.py:4138} INFO - Setting next_dagrun for example_branch_operator to 2024-09-08 00:00:00+00:00, run_after=2024-09-09 00:00:00+00:00
[2024-09-09T10:13:25.530+0000] {processor.py:208} INFO - Processing /home/airflow/.local/lib/python3.12/site-packages/airflow/example_dags/example_branch_operator.py took 0.070 seconds
[2024-09-09T10:13:56.287+0000] {processor.py:186} INFO - Started process (PID=256) to work on /home/airflow/.local/lib/python3.12/site-packages/airflow/example_dags/example_branch_operator.py
[2024-09-09T10:13:56.288+0000] {processor.py:914} INFO - Processing file /home/airflow/.local/lib/python3.12/site-packages/airflow/example_dags/example_branch_operator.py for tasks to queue
[2024-09-09T10:13:56.289+0000] {logging_mixin.py:190} INFO - [2024-09-09T10:13:56.289+0000] {dagbag.py:587} INFO - Filling up the DagBag from /home/airflow/.local/lib/python3.12/site-packages/airflow/example_dags/example_branch_operator.py
[2024-09-09T10:13:56.302+0000] {processor.py:925} INFO - DAG(s) 'example_branch_operator' retrieved from /home/airflow/.local/lib/python3.12/site-packages/airflow/example_dags/example_branch_operator.py
[2024-09-09T10:13:56.323+0000] {logging_mixin.py:190} INFO - [2024-09-09T10:13:56.323+0000] {dag.py:3211} INFO - Sync 1 DAGs
[2024-09-09T10:13:56.339+0000] {logging_mixin.py:190} INFO - [2024-09-09T10:13:56.339+0000] {dag.py:4138} INFO - Setting next_dagrun for example_branch_operator to 2024-09-08 00:00:00+00:00, run_after=2024-09-09 00:00:00+00:00
[2024-09-09T10:13:56.352+0000] {processor.py:208} INFO - Processing /home/airflow/.local/lib/python3.12/site-packages/airflow/example_dags/example_branch_operator.py took 0.069 seconds
[2024-09-09T10:14:27.111+0000] {processor.py:186} INFO - Started process (PID=318) to work on /home/airflow/.local/lib/python3.12/site-packages/airflow/example_dags/example_branch_operator.py
[2024-09-09T10:14:27.111+0000] {processor.py:914} INFO - Processing file /home/airflow/.local/lib/python3.12/site-packages/airflow/example_dags/example_branch_operator.py for tasks to queue
[2024-09-09T10:14:27.113+0000] {logging_mixin.py:190} INFO - [2024-09-09T10:14:27.112+0000] {dagbag.py:587} INFO - Filling up the DagBag from /home/airflow/.local/lib/python3.12/site-packages/airflow/example_dags/example_branch_operator.py
[2024-09-09T10:14:27.125+0000] {processor.py:925} INFO - DAG(s) 'example_branch_operator' retrieved from /home/airflow/.local/lib/python3.12/site-packages/airflow/example_dags/example_branch_operator.py
[2024-09-09T10:14:27.146+0000] {logging_mixin.py:190} INFO - [2024-09-09T10:14:27.146+0000] {dag.py:3211} INFO - Sync 1 DAGs
[2024-09-09T10:14:27.164+0000] {logging_mixin.py:190} INFO - [2024-09-09T10:14:27.164+0000] {dag.py:4138} INFO - Setting next_dagrun for example_branch_operator to 2024-09-08 00:00:00+00:00, run_after=2024-09-09 00:00:00+00:00
[2024-09-09T10:14:27.177+0000] {processor.py:208} INFO - Processing /home/airflow/.local/lib/python3.12/site-packages/airflow/example_dags/example_branch_operator.py took 0.070 seconds
