[2024-09-09T10:12:25.874+0000] {processor.py:186} INFO - Started process (PID=90) to work on /home/airflow/.local/lib/python3.12/site-packages/airflow/example_dags/example_setup_teardown.py
[2024-09-09T10:12:25.875+0000] {processor.py:914} INFO - Processing file /home/airflow/.local/lib/python3.12/site-packages/airflow/example_dags/example_setup_teardown.py for tasks to queue
[2024-09-09T10:12:25.876+0000] {logging_mixin.py:190} INFO - [2024-09-09T10:12:25.876+0000] {dagbag.py:587} INFO - Filling up the DagBag from /home/airflow/.local/lib/python3.12/site-packages/airflow/example_dags/example_setup_teardown.py
[2024-09-09T10:12:25.882+0000] {processor.py:925} INFO - DAG(s) 'example_setup_teardown' retrieved from /home/airflow/.local/lib/python3.12/site-packages/airflow/example_dags/example_setup_teardown.py
[2024-09-09T10:12:25.896+0000] {logging_mixin.py:190} INFO - [2024-09-09T10:12:25.896+0000] {dag.py:3211} INFO - Sync 1 DAGs
[2024-09-09T10:12:25.914+0000] {logging_mixin.py:190} INFO - [2024-09-09T10:12:25.913+0000] {dag.py:4138} INFO - Setting next_dagrun for example_setup_teardown to 2024-09-08 00:00:00+00:00, run_after=2024-09-09 00:00:00+00:00
[2024-09-09T10:12:25.927+0000] {processor.py:208} INFO - Processing /home/airflow/.local/lib/python3.12/site-packages/airflow/example_dags/example_setup_teardown.py took 0.056 seconds
[2024-09-09T10:12:56.886+0000] {processor.py:186} INFO - Started process (PID=152) to work on /home/airflow/.local/lib/python3.12/site-packages/airflow/example_dags/example_setup_teardown.py
[2024-09-09T10:12:56.887+0000] {processor.py:914} INFO - Processing file /home/airflow/.local/lib/python3.12/site-packages/airflow/example_dags/example_setup_teardown.py for tasks to queue
[2024-09-09T10:12:56.888+0000] {logging_mixin.py:190} INFO - [2024-09-09T10:12:56.888+0000] {dagbag.py:587} INFO - Filling up the DagBag from /home/airflow/.local/lib/python3.12/site-packages/airflow/example_dags/example_setup_teardown.py
[2024-09-09T10:12:56.894+0000] {processor.py:925} INFO - DAG(s) 'example_setup_teardown' retrieved from /home/airflow/.local/lib/python3.12/site-packages/airflow/example_dags/example_setup_teardown.py
[2024-09-09T10:12:56.909+0000] {logging_mixin.py:190} INFO - [2024-09-09T10:12:56.909+0000] {dag.py:3211} INFO - Sync 1 DAGs
[2024-09-09T10:12:56.929+0000] {logging_mixin.py:190} INFO - [2024-09-09T10:12:56.929+0000] {dag.py:4138} INFO - Setting next_dagrun for example_setup_teardown to 2024-09-08 00:00:00+00:00, run_after=2024-09-09 00:00:00+00:00
[2024-09-09T10:12:56.944+0000] {processor.py:208} INFO - Processing /home/airflow/.local/lib/python3.12/site-packages/airflow/example_dags/example_setup_teardown.py took 0.062 seconds
[2024-09-09T10:13:27.707+0000] {processor.py:186} INFO - Started process (PID=214) to work on /home/airflow/.local/lib/python3.12/site-packages/airflow/example_dags/example_setup_teardown.py
[2024-09-09T10:13:27.708+0000] {processor.py:914} INFO - Processing file /home/airflow/.local/lib/python3.12/site-packages/airflow/example_dags/example_setup_teardown.py for tasks to queue
[2024-09-09T10:13:27.709+0000] {logging_mixin.py:190} INFO - [2024-09-09T10:13:27.709+0000] {dagbag.py:587} INFO - Filling up the DagBag from /home/airflow/.local/lib/python3.12/site-packages/airflow/example_dags/example_setup_teardown.py
[2024-09-09T10:13:27.716+0000] {processor.py:925} INFO - DAG(s) 'example_setup_teardown' retrieved from /home/airflow/.local/lib/python3.12/site-packages/airflow/example_dags/example_setup_teardown.py
[2024-09-09T10:13:27.730+0000] {logging_mixin.py:190} INFO - [2024-09-09T10:13:27.730+0000] {dag.py:3211} INFO - Sync 1 DAGs
[2024-09-09T10:13:27.747+0000] {logging_mixin.py:190} INFO - [2024-09-09T10:13:27.747+0000] {dag.py:4138} INFO - Setting next_dagrun for example_setup_teardown to 2024-09-08 00:00:00+00:00, run_after=2024-09-09 00:00:00+00:00
[2024-09-09T10:13:27.761+0000] {processor.py:208} INFO - Processing /home/airflow/.local/lib/python3.12/site-packages/airflow/example_dags/example_setup_teardown.py took 0.058 seconds
[2024-09-09T10:13:58.512+0000] {processor.py:186} INFO - Started process (PID=276) to work on /home/airflow/.local/lib/python3.12/site-packages/airflow/example_dags/example_setup_teardown.py
[2024-09-09T10:13:58.512+0000] {processor.py:914} INFO - Processing file /home/airflow/.local/lib/python3.12/site-packages/airflow/example_dags/example_setup_teardown.py for tasks to queue
[2024-09-09T10:13:58.514+0000] {logging_mixin.py:190} INFO - [2024-09-09T10:13:58.514+0000] {dagbag.py:587} INFO - Filling up the DagBag from /home/airflow/.local/lib/python3.12/site-packages/airflow/example_dags/example_setup_teardown.py
[2024-09-09T10:13:58.520+0000] {processor.py:925} INFO - DAG(s) 'example_setup_teardown' retrieved from /home/airflow/.local/lib/python3.12/site-packages/airflow/example_dags/example_setup_teardown.py
[2024-09-09T10:13:58.533+0000] {logging_mixin.py:190} INFO - [2024-09-09T10:13:58.533+0000] {dag.py:3211} INFO - Sync 1 DAGs
[2024-09-09T10:13:58.550+0000] {logging_mixin.py:190} INFO - [2024-09-09T10:13:58.550+0000] {dag.py:4138} INFO - Setting next_dagrun for example_setup_teardown to 2024-09-08 00:00:00+00:00, run_after=2024-09-09 00:00:00+00:00
[2024-09-09T10:13:58.562+0000] {processor.py:208} INFO - Processing /home/airflow/.local/lib/python3.12/site-packages/airflow/example_dags/example_setup_teardown.py took 0.054 seconds
[2024-09-09T10:14:29.222+0000] {processor.py:186} INFO - Started process (PID=338) to work on /home/airflow/.local/lib/python3.12/site-packages/airflow/example_dags/example_setup_teardown.py
[2024-09-09T10:14:29.223+0000] {processor.py:914} INFO - Processing file /home/airflow/.local/lib/python3.12/site-packages/airflow/example_dags/example_setup_teardown.py for tasks to queue
[2024-09-09T10:14:29.224+0000] {logging_mixin.py:190} INFO - [2024-09-09T10:14:29.224+0000] {dagbag.py:587} INFO - Filling up the DagBag from /home/airflow/.local/lib/python3.12/site-packages/airflow/example_dags/example_setup_teardown.py
[2024-09-09T10:14:29.230+0000] {processor.py:925} INFO - DAG(s) 'example_setup_teardown' retrieved from /home/airflow/.local/lib/python3.12/site-packages/airflow/example_dags/example_setup_teardown.py
[2024-09-09T10:14:29.244+0000] {logging_mixin.py:190} INFO - [2024-09-09T10:14:29.243+0000] {dag.py:3211} INFO - Sync 1 DAGs
[2024-09-09T10:14:29.260+0000] {logging_mixin.py:190} INFO - [2024-09-09T10:14:29.260+0000] {dag.py:4138} INFO - Setting next_dagrun for example_setup_teardown to 2024-09-08 00:00:00+00:00, run_after=2024-09-09 00:00:00+00:00
[2024-09-09T10:14:29.273+0000] {processor.py:208} INFO - Processing /home/airflow/.local/lib/python3.12/site-packages/airflow/example_dags/example_setup_teardown.py took 0.054 seconds
