[2024-09-09T10:12:23.859+0000] {processor.py:186} INFO - Started process (PID=55) to work on /home/airflow/.local/lib/python3.12/site-packages/airflow/example_dags/example_datasets.py
[2024-09-09T10:12:23.860+0000] {processor.py:914} INFO - Processing file /home/airflow/.local/lib/python3.12/site-packages/airflow/example_dags/example_datasets.py for tasks to queue
[2024-09-09T10:12:23.861+0000] {logging_mixin.py:190} INFO - [2024-09-09T10:12:23.861+0000] {dagbag.py:587} INFO - Filling up the DagBag from /home/airflow/.local/lib/python3.12/site-packages/airflow/example_dags/example_datasets.py
[2024-09-09T10:12:24.032+0000] {processor.py:925} INFO - DAG(s) 'consume_1_and_2_with_dataset_expressions', 'dataset_consumes_1_never_scheduled', 'consume_1_or_2_with_dataset_expressions', 'dataset_produces_2', 'dataset_produces_1', 'conditional_dataset_and_time_based_timetable', 'dataset_consumes_1_and_2', 'consume_1_or_both_2_and_3_with_dataset_expressions', 'dataset_consumes_1', 'dataset_consumes_unknown_never_scheduled' retrieved from /home/airflow/.local/lib/python3.12/site-packages/airflow/example_dags/example_datasets.py
[2024-09-09T10:12:24.068+0000] {logging_mixin.py:190} INFO - [2024-09-09T10:12:24.067+0000] {dag.py:3211} INFO - Sync 10 DAGs
[2024-09-09T10:12:24.087+0000] {logging_mixin.py:190} INFO - [2024-09-09T10:12:24.087+0000] {dag.py:4138} INFO - Setting next_dagrun for conditional_dataset_and_time_based_timetable to 2024-09-04 01:00:00+00:00, run_after=2024-09-04 01:00:00+00:00
[2024-09-09T10:12:24.089+0000] {logging_mixin.py:190} INFO - [2024-09-09T10:12:24.089+0000] {dag.py:4138} INFO - Setting next_dagrun for consume_1_and_2_with_dataset_expressions to None, run_after=None
[2024-09-09T10:12:24.090+0000] {logging_mixin.py:190} INFO - [2024-09-09T10:12:24.090+0000] {dag.py:4138} INFO - Setting next_dagrun for consume_1_or_2_with_dataset_expressions to None, run_after=None
[2024-09-09T10:12:24.091+0000] {logging_mixin.py:190} INFO - [2024-09-09T10:12:24.091+0000] {dag.py:4138} INFO - Setting next_dagrun for consume_1_or_both_2_and_3_with_dataset_expressions to None, run_after=None
[2024-09-09T10:12:24.092+0000] {logging_mixin.py:190} INFO - [2024-09-09T10:12:24.092+0000] {dag.py:4138} INFO - Setting next_dagrun for dataset_consumes_1 to None, run_after=None
[2024-09-09T10:12:24.093+0000] {logging_mixin.py:190} INFO - [2024-09-09T10:12:24.093+0000] {dag.py:4138} INFO - Setting next_dagrun for dataset_consumes_1_and_2 to None, run_after=None
[2024-09-09T10:12:24.094+0000] {logging_mixin.py:190} INFO - [2024-09-09T10:12:24.094+0000] {dag.py:4138} INFO - Setting next_dagrun for dataset_consumes_1_never_scheduled to None, run_after=None
[2024-09-09T10:12:24.095+0000] {logging_mixin.py:190} INFO - [2024-09-09T10:12:24.095+0000] {dag.py:4138} INFO - Setting next_dagrun for dataset_consumes_unknown_never_scheduled to None, run_after=None
[2024-09-09T10:12:24.097+0000] {logging_mixin.py:190} INFO - [2024-09-09T10:12:24.097+0000] {dag.py:4138} INFO - Setting next_dagrun for dataset_produces_1 to 2024-09-08 00:00:00+00:00, run_after=2024-09-09 00:00:00+00:00
[2024-09-09T10:12:24.098+0000] {logging_mixin.py:190} INFO - [2024-09-09T10:12:24.098+0000] {dag.py:4138} INFO - Setting next_dagrun for dataset_produces_2 to None, run_after=None
[2024-09-09T10:12:24.126+0000] {processor.py:208} INFO - Processing /home/airflow/.local/lib/python3.12/site-packages/airflow/example_dags/example_datasets.py took 0.270 seconds
[2024-09-09T10:12:54.220+0000] {processor.py:186} INFO - Started process (PID=118) to work on /home/airflow/.local/lib/python3.12/site-packages/airflow/example_dags/example_datasets.py
[2024-09-09T10:12:54.221+0000] {processor.py:914} INFO - Processing file /home/airflow/.local/lib/python3.12/site-packages/airflow/example_dags/example_datasets.py for tasks to queue
[2024-09-09T10:12:54.223+0000] {logging_mixin.py:190} INFO - [2024-09-09T10:12:54.222+0000] {dagbag.py:587} INFO - Filling up the DagBag from /home/airflow/.local/lib/python3.12/site-packages/airflow/example_dags/example_datasets.py
[2024-09-09T10:12:54.331+0000] {processor.py:925} INFO - DAG(s) 'conditional_dataset_and_time_based_timetable', 'consume_1_or_both_2_and_3_with_dataset_expressions', 'dataset_consumes_unknown_never_scheduled', 'dataset_consumes_1', 'dataset_produces_2', 'dataset_consumes_1_and_2', 'consume_1_or_2_with_dataset_expressions', 'dataset_produces_1', 'consume_1_and_2_with_dataset_expressions', 'dataset_consumes_1_never_scheduled' retrieved from /home/airflow/.local/lib/python3.12/site-packages/airflow/example_dags/example_datasets.py
[2024-09-09T10:12:54.362+0000] {logging_mixin.py:190} INFO - [2024-09-09T10:12:54.362+0000] {dag.py:3211} INFO - Sync 10 DAGs
[2024-09-09T10:12:54.380+0000] {logging_mixin.py:190} INFO - [2024-09-09T10:12:54.380+0000] {dag.py:4138} INFO - Setting next_dagrun for conditional_dataset_and_time_based_timetable to 2024-09-04 01:00:00+00:00, run_after=2024-09-04 01:00:00+00:00
[2024-09-09T10:12:54.383+0000] {logging_mixin.py:190} INFO - [2024-09-09T10:12:54.383+0000] {dag.py:4138} INFO - Setting next_dagrun for consume_1_and_2_with_dataset_expressions to None, run_after=None
[2024-09-09T10:12:54.384+0000] {logging_mixin.py:190} INFO - [2024-09-09T10:12:54.384+0000] {dag.py:4138} INFO - Setting next_dagrun for consume_1_or_2_with_dataset_expressions to None, run_after=None
[2024-09-09T10:12:54.385+0000] {logging_mixin.py:190} INFO - [2024-09-09T10:12:54.385+0000] {dag.py:4138} INFO - Setting next_dagrun for consume_1_or_both_2_and_3_with_dataset_expressions to None, run_after=None
[2024-09-09T10:12:54.386+0000] {logging_mixin.py:190} INFO - [2024-09-09T10:12:54.386+0000] {dag.py:4138} INFO - Setting next_dagrun for dataset_consumes_1 to None, run_after=None
[2024-09-09T10:12:54.387+0000] {logging_mixin.py:190} INFO - [2024-09-09T10:12:54.387+0000] {dag.py:4138} INFO - Setting next_dagrun for dataset_consumes_1_and_2 to None, run_after=None
[2024-09-09T10:12:54.388+0000] {logging_mixin.py:190} INFO - [2024-09-09T10:12:54.388+0000] {dag.py:4138} INFO - Setting next_dagrun for dataset_consumes_1_never_scheduled to None, run_after=None
[2024-09-09T10:12:54.389+0000] {logging_mixin.py:190} INFO - [2024-09-09T10:12:54.389+0000] {dag.py:4138} INFO - Setting next_dagrun for dataset_consumes_unknown_never_scheduled to None, run_after=None
[2024-09-09T10:12:54.391+0000] {logging_mixin.py:190} INFO - [2024-09-09T10:12:54.391+0000] {dag.py:4138} INFO - Setting next_dagrun for dataset_produces_1 to 2024-09-08 00:00:00+00:00, run_after=2024-09-09 00:00:00+00:00
[2024-09-09T10:12:54.392+0000] {logging_mixin.py:190} INFO - [2024-09-09T10:12:54.391+0000] {dag.py:4138} INFO - Setting next_dagrun for dataset_produces_2 to None, run_after=None
[2024-09-09T10:12:54.415+0000] {processor.py:208} INFO - Processing /home/airflow/.local/lib/python3.12/site-packages/airflow/example_dags/example_datasets.py took 0.199 seconds
[2024-09-09T10:13:25.032+0000] {processor.py:186} INFO - Started process (PID=185) to work on /home/airflow/.local/lib/python3.12/site-packages/airflow/example_dags/example_datasets.py
[2024-09-09T10:13:25.033+0000] {processor.py:914} INFO - Processing file /home/airflow/.local/lib/python3.12/site-packages/airflow/example_dags/example_datasets.py for tasks to queue
[2024-09-09T10:13:25.035+0000] {logging_mixin.py:190} INFO - [2024-09-09T10:13:25.034+0000] {dagbag.py:587} INFO - Filling up the DagBag from /home/airflow/.local/lib/python3.12/site-packages/airflow/example_dags/example_datasets.py
[2024-09-09T10:13:25.147+0000] {processor.py:925} INFO - DAG(s) 'dataset_consumes_1_never_scheduled', 'dataset_produces_1', 'consume_1_or_both_2_and_3_with_dataset_expressions', 'conditional_dataset_and_time_based_timetable', 'consume_1_or_2_with_dataset_expressions', 'dataset_produces_2', 'dataset_consumes_1', 'consume_1_and_2_with_dataset_expressions', 'dataset_consumes_unknown_never_scheduled', 'dataset_consumes_1_and_2' retrieved from /home/airflow/.local/lib/python3.12/site-packages/airflow/example_dags/example_datasets.py
[2024-09-09T10:13:25.181+0000] {logging_mixin.py:190} INFO - [2024-09-09T10:13:25.181+0000] {dag.py:3211} INFO - Sync 10 DAGs
[2024-09-09T10:13:25.200+0000] {logging_mixin.py:190} INFO - [2024-09-09T10:13:25.200+0000] {dag.py:4138} INFO - Setting next_dagrun for conditional_dataset_and_time_based_timetable to 2024-09-04 01:00:00+00:00, run_after=2024-09-04 01:00:00+00:00
[2024-09-09T10:13:25.203+0000] {logging_mixin.py:190} INFO - [2024-09-09T10:13:25.203+0000] {dag.py:4138} INFO - Setting next_dagrun for consume_1_and_2_with_dataset_expressions to None, run_after=None
[2024-09-09T10:13:25.204+0000] {logging_mixin.py:190} INFO - [2024-09-09T10:13:25.204+0000] {dag.py:4138} INFO - Setting next_dagrun for consume_1_or_2_with_dataset_expressions to None, run_after=None
[2024-09-09T10:13:25.205+0000] {logging_mixin.py:190} INFO - [2024-09-09T10:13:25.205+0000] {dag.py:4138} INFO - Setting next_dagrun for consume_1_or_both_2_and_3_with_dataset_expressions to None, run_after=None
[2024-09-09T10:13:25.206+0000] {logging_mixin.py:190} INFO - [2024-09-09T10:13:25.206+0000] {dag.py:4138} INFO - Setting next_dagrun for dataset_consumes_1 to None, run_after=None
[2024-09-09T10:13:25.207+0000] {logging_mixin.py:190} INFO - [2024-09-09T10:13:25.207+0000] {dag.py:4138} INFO - Setting next_dagrun for dataset_consumes_1_and_2 to None, run_after=None
[2024-09-09T10:13:25.208+0000] {logging_mixin.py:190} INFO - [2024-09-09T10:13:25.208+0000] {dag.py:4138} INFO - Setting next_dagrun for dataset_consumes_1_never_scheduled to None, run_after=None
[2024-09-09T10:13:25.209+0000] {logging_mixin.py:190} INFO - [2024-09-09T10:13:25.209+0000] {dag.py:4138} INFO - Setting next_dagrun for dataset_consumes_unknown_never_scheduled to None, run_after=None
[2024-09-09T10:13:25.211+0000] {logging_mixin.py:190} INFO - [2024-09-09T10:13:25.211+0000] {dag.py:4138} INFO - Setting next_dagrun for dataset_produces_1 to 2024-09-08 00:00:00+00:00, run_after=2024-09-09 00:00:00+00:00
[2024-09-09T10:13:25.212+0000] {logging_mixin.py:190} INFO - [2024-09-09T10:13:25.212+0000] {dag.py:4138} INFO - Setting next_dagrun for dataset_produces_2 to None, run_after=None
[2024-09-09T10:13:25.237+0000] {processor.py:208} INFO - Processing /home/airflow/.local/lib/python3.12/site-packages/airflow/example_dags/example_datasets.py took 0.208 seconds
[2024-09-09T10:13:55.849+0000] {processor.py:186} INFO - Started process (PID=247) to work on /home/airflow/.local/lib/python3.12/site-packages/airflow/example_dags/example_datasets.py
[2024-09-09T10:13:55.849+0000] {processor.py:914} INFO - Processing file /home/airflow/.local/lib/python3.12/site-packages/airflow/example_dags/example_datasets.py for tasks to queue
[2024-09-09T10:13:55.851+0000] {logging_mixin.py:190} INFO - [2024-09-09T10:13:55.851+0000] {dagbag.py:587} INFO - Filling up the DagBag from /home/airflow/.local/lib/python3.12/site-packages/airflow/example_dags/example_datasets.py
[2024-09-09T10:13:55.979+0000] {processor.py:925} INFO - DAG(s) 'consume_1_or_both_2_and_3_with_dataset_expressions', 'conditional_dataset_and_time_based_timetable', 'dataset_produces_2', 'dataset_consumes_1_and_2', 'consume_1_and_2_with_dataset_expressions', 'dataset_consumes_1_never_scheduled', 'dataset_consumes_unknown_never_scheduled', 'dataset_consumes_1', 'dataset_produces_1', 'consume_1_or_2_with_dataset_expressions' retrieved from /home/airflow/.local/lib/python3.12/site-packages/airflow/example_dags/example_datasets.py
[2024-09-09T10:13:56.011+0000] {logging_mixin.py:190} INFO - [2024-09-09T10:13:56.011+0000] {dag.py:3211} INFO - Sync 10 DAGs
[2024-09-09T10:13:56.033+0000] {logging_mixin.py:190} INFO - [2024-09-09T10:13:56.033+0000] {dag.py:4138} INFO - Setting next_dagrun for conditional_dataset_and_time_based_timetable to 2024-09-04 01:00:00+00:00, run_after=2024-09-04 01:00:00+00:00
[2024-09-09T10:13:56.036+0000] {logging_mixin.py:190} INFO - [2024-09-09T10:13:56.036+0000] {dag.py:4138} INFO - Setting next_dagrun for consume_1_and_2_with_dataset_expressions to None, run_after=None
[2024-09-09T10:13:56.037+0000] {logging_mixin.py:190} INFO - [2024-09-09T10:13:56.037+0000] {dag.py:4138} INFO - Setting next_dagrun for consume_1_or_2_with_dataset_expressions to None, run_after=None
[2024-09-09T10:13:56.038+0000] {logging_mixin.py:190} INFO - [2024-09-09T10:13:56.038+0000] {dag.py:4138} INFO - Setting next_dagrun for consume_1_or_both_2_and_3_with_dataset_expressions to None, run_after=None
[2024-09-09T10:13:56.039+0000] {logging_mixin.py:190} INFO - [2024-09-09T10:13:56.039+0000] {dag.py:4138} INFO - Setting next_dagrun for dataset_consumes_1 to None, run_after=None
[2024-09-09T10:13:56.040+0000] {logging_mixin.py:190} INFO - [2024-09-09T10:13:56.040+0000] {dag.py:4138} INFO - Setting next_dagrun for dataset_consumes_1_and_2 to None, run_after=None
[2024-09-09T10:13:56.041+0000] {logging_mixin.py:190} INFO - [2024-09-09T10:13:56.041+0000] {dag.py:4138} INFO - Setting next_dagrun for dataset_consumes_1_never_scheduled to None, run_after=None
[2024-09-09T10:13:56.042+0000] {logging_mixin.py:190} INFO - [2024-09-09T10:13:56.042+0000] {dag.py:4138} INFO - Setting next_dagrun for dataset_consumes_unknown_never_scheduled to None, run_after=None
[2024-09-09T10:13:56.044+0000] {logging_mixin.py:190} INFO - [2024-09-09T10:13:56.044+0000] {dag.py:4138} INFO - Setting next_dagrun for dataset_produces_1 to 2024-09-08 00:00:00+00:00, run_after=2024-09-09 00:00:00+00:00
[2024-09-09T10:13:56.045+0000] {logging_mixin.py:190} INFO - [2024-09-09T10:13:56.045+0000] {dag.py:4138} INFO - Setting next_dagrun for dataset_produces_2 to None, run_after=None
[2024-09-09T10:13:56.069+0000] {processor.py:208} INFO - Processing /home/airflow/.local/lib/python3.12/site-packages/airflow/example_dags/example_datasets.py took 0.224 seconds
[2024-09-09T10:14:26.684+0000] {processor.py:186} INFO - Started process (PID=309) to work on /home/airflow/.local/lib/python3.12/site-packages/airflow/example_dags/example_datasets.py
[2024-09-09T10:14:26.684+0000] {processor.py:914} INFO - Processing file /home/airflow/.local/lib/python3.12/site-packages/airflow/example_dags/example_datasets.py for tasks to queue
[2024-09-09T10:14:26.685+0000] {logging_mixin.py:190} INFO - [2024-09-09T10:14:26.685+0000] {dagbag.py:587} INFO - Filling up the DagBag from /home/airflow/.local/lib/python3.12/site-packages/airflow/example_dags/example_datasets.py
[2024-09-09T10:14:26.800+0000] {processor.py:925} INFO - DAG(s) 'consume_1_or_2_with_dataset_expressions', 'dataset_consumes_1_never_scheduled', 'consume_1_or_both_2_and_3_with_dataset_expressions', 'dataset_consumes_unknown_never_scheduled', 'dataset_produces_2', 'dataset_produces_1', 'consume_1_and_2_with_dataset_expressions', 'conditional_dataset_and_time_based_timetable', 'dataset_consumes_1', 'dataset_consumes_1_and_2' retrieved from /home/airflow/.local/lib/python3.12/site-packages/airflow/example_dags/example_datasets.py
[2024-09-09T10:14:26.833+0000] {logging_mixin.py:190} INFO - [2024-09-09T10:14:26.833+0000] {dag.py:3211} INFO - Sync 10 DAGs
[2024-09-09T10:14:26.852+0000] {logging_mixin.py:190} INFO - [2024-09-09T10:14:26.852+0000] {dag.py:4138} INFO - Setting next_dagrun for conditional_dataset_and_time_based_timetable to 2024-09-04 01:00:00+00:00, run_after=2024-09-04 01:00:00+00:00
[2024-09-09T10:14:26.855+0000] {logging_mixin.py:190} INFO - [2024-09-09T10:14:26.855+0000] {dag.py:4138} INFO - Setting next_dagrun for consume_1_and_2_with_dataset_expressions to None, run_after=None
[2024-09-09T10:14:26.856+0000] {logging_mixin.py:190} INFO - [2024-09-09T10:14:26.856+0000] {dag.py:4138} INFO - Setting next_dagrun for consume_1_or_2_with_dataset_expressions to None, run_after=None
[2024-09-09T10:14:26.857+0000] {logging_mixin.py:190} INFO - [2024-09-09T10:14:26.857+0000] {dag.py:4138} INFO - Setting next_dagrun for consume_1_or_both_2_and_3_with_dataset_expressions to None, run_after=None
[2024-09-09T10:14:26.858+0000] {logging_mixin.py:190} INFO - [2024-09-09T10:14:26.858+0000] {dag.py:4138} INFO - Setting next_dagrun for dataset_consumes_1 to None, run_after=None
[2024-09-09T10:14:26.859+0000] {logging_mixin.py:190} INFO - [2024-09-09T10:14:26.859+0000] {dag.py:4138} INFO - Setting next_dagrun for dataset_consumes_1_and_2 to None, run_after=None
[2024-09-09T10:14:26.860+0000] {logging_mixin.py:190} INFO - [2024-09-09T10:14:26.860+0000] {dag.py:4138} INFO - Setting next_dagrun for dataset_consumes_1_never_scheduled to None, run_after=None
[2024-09-09T10:14:26.861+0000] {logging_mixin.py:190} INFO - [2024-09-09T10:14:26.861+0000] {dag.py:4138} INFO - Setting next_dagrun for dataset_consumes_unknown_never_scheduled to None, run_after=None
[2024-09-09T10:14:26.863+0000] {logging_mixin.py:190} INFO - [2024-09-09T10:14:26.863+0000] {dag.py:4138} INFO - Setting next_dagrun for dataset_produces_1 to 2024-09-08 00:00:00+00:00, run_after=2024-09-09 00:00:00+00:00
[2024-09-09T10:14:26.864+0000] {logging_mixin.py:190} INFO - [2024-09-09T10:14:26.864+0000] {dag.py:4138} INFO - Setting next_dagrun for dataset_produces_2 to None, run_after=None
[2024-09-09T10:14:26.889+0000] {processor.py:208} INFO - Processing /home/airflow/.local/lib/python3.12/site-packages/airflow/example_dags/example_datasets.py took 0.209 seconds
