[2024-09-09T10:12:23.747+0000] {processor.py:186} INFO - Started process (PID=52) to work on /home/airflow/.local/lib/python3.12/site-packages/airflow/example_dags/example_short_circuit_operator.py
[2024-09-09T10:12:23.748+0000] {processor.py:914} INFO - Processing file /home/airflow/.local/lib/python3.12/site-packages/airflow/example_dags/example_short_circuit_operator.py for tasks to queue
[2024-09-09T10:12:23.750+0000] {logging_mixin.py:190} INFO - [2024-09-09T10:12:23.750+0000] {dagbag.py:587} INFO - Filling up the DagBag from /home/airflow/.local/lib/python3.12/site-packages/airflow/example_dags/example_short_circuit_operator.py
[2024-09-09T10:12:23.757+0000] {processor.py:925} INFO - DAG(s) 'example_short_circuit_operator' retrieved from /home/airflow/.local/lib/python3.12/site-packages/airflow/example_dags/example_short_circuit_operator.py
[2024-09-09T10:12:23.784+0000] {logging_mixin.py:190} INFO - [2024-09-09T10:12:23.784+0000] {dag.py:3211} INFO - Sync 1 DAGs
[2024-09-09T10:12:23.805+0000] {logging_mixin.py:190} INFO - [2024-09-09T10:12:23.805+0000] {dag.py:4138} INFO - Setting next_dagrun for example_short_circuit_operator to 2024-09-08 00:00:00+00:00, run_after=2024-09-09 00:00:00+00:00
[2024-09-09T10:12:23.820+0000] {processor.py:208} INFO - Processing /home/airflow/.local/lib/python3.12/site-packages/airflow/example_dags/example_short_circuit_operator.py took 0.077 seconds
[2024-09-09T10:12:53.981+0000] {processor.py:186} INFO - Started process (PID=114) to work on /home/airflow/.local/lib/python3.12/site-packages/airflow/example_dags/example_short_circuit_operator.py
[2024-09-09T10:12:53.982+0000] {processor.py:914} INFO - Processing file /home/airflow/.local/lib/python3.12/site-packages/airflow/example_dags/example_short_circuit_operator.py for tasks to queue
[2024-09-09T10:12:53.984+0000] {logging_mixin.py:190} INFO - [2024-09-09T10:12:53.984+0000] {dagbag.py:587} INFO - Filling up the DagBag from /home/airflow/.local/lib/python3.12/site-packages/airflow/example_dags/example_short_circuit_operator.py
[2024-09-09T10:12:53.990+0000] {processor.py:925} INFO - DAG(s) 'example_short_circuit_operator' retrieved from /home/airflow/.local/lib/python3.12/site-packages/airflow/example_dags/example_short_circuit_operator.py
[2024-09-09T10:12:54.008+0000] {logging_mixin.py:190} INFO - [2024-09-09T10:12:54.008+0000] {dag.py:3211} INFO - Sync 1 DAGs
[2024-09-09T10:12:54.025+0000] {logging_mixin.py:190} INFO - [2024-09-09T10:12:54.025+0000] {dag.py:4138} INFO - Setting next_dagrun for example_short_circuit_operator to 2024-09-08 00:00:00+00:00, run_after=2024-09-09 00:00:00+00:00
[2024-09-09T10:12:54.039+0000] {processor.py:208} INFO - Processing /home/airflow/.local/lib/python3.12/site-packages/airflow/example_dags/example_short_circuit_operator.py took 0.061 seconds
[2024-09-09T10:13:24.911+0000] {processor.py:186} INFO - Started process (PID=176) to work on /home/airflow/.local/lib/python3.12/site-packages/airflow/example_dags/example_short_circuit_operator.py
[2024-09-09T10:13:24.912+0000] {processor.py:914} INFO - Processing file /home/airflow/.local/lib/python3.12/site-packages/airflow/example_dags/example_short_circuit_operator.py for tasks to queue
[2024-09-09T10:13:24.914+0000] {logging_mixin.py:190} INFO - [2024-09-09T10:13:24.913+0000] {dagbag.py:587} INFO - Filling up the DagBag from /home/airflow/.local/lib/python3.12/site-packages/airflow/example_dags/example_short_circuit_operator.py
[2024-09-09T10:13:24.921+0000] {processor.py:925} INFO - DAG(s) 'example_short_circuit_operator' retrieved from /home/airflow/.local/lib/python3.12/site-packages/airflow/example_dags/example_short_circuit_operator.py
[2024-09-09T10:13:24.940+0000] {logging_mixin.py:190} INFO - [2024-09-09T10:13:24.940+0000] {dag.py:3211} INFO - Sync 1 DAGs
[2024-09-09T10:13:24.962+0000] {logging_mixin.py:190} INFO - [2024-09-09T10:13:24.961+0000] {dag.py:4138} INFO - Setting next_dagrun for example_short_circuit_operator to 2024-09-08 00:00:00+00:00, run_after=2024-09-09 00:00:00+00:00
[2024-09-09T10:13:24.976+0000] {processor.py:208} INFO - Processing /home/airflow/.local/lib/python3.12/site-packages/airflow/example_dags/example_short_circuit_operator.py took 0.069 seconds
[2024-09-09T10:13:55.741+0000] {processor.py:186} INFO - Started process (PID=244) to work on /home/airflow/.local/lib/python3.12/site-packages/airflow/example_dags/example_short_circuit_operator.py
[2024-09-09T10:13:55.741+0000] {processor.py:914} INFO - Processing file /home/airflow/.local/lib/python3.12/site-packages/airflow/example_dags/example_short_circuit_operator.py for tasks to queue
[2024-09-09T10:13:55.743+0000] {logging_mixin.py:190} INFO - [2024-09-09T10:13:55.743+0000] {dagbag.py:587} INFO - Filling up the DagBag from /home/airflow/.local/lib/python3.12/site-packages/airflow/example_dags/example_short_circuit_operator.py
[2024-09-09T10:13:55.748+0000] {processor.py:925} INFO - DAG(s) 'example_short_circuit_operator' retrieved from /home/airflow/.local/lib/python3.12/site-packages/airflow/example_dags/example_short_circuit_operator.py
[2024-09-09T10:13:55.764+0000] {logging_mixin.py:190} INFO - [2024-09-09T10:13:55.764+0000] {dag.py:3211} INFO - Sync 1 DAGs
[2024-09-09T10:13:55.782+0000] {logging_mixin.py:190} INFO - [2024-09-09T10:13:55.782+0000] {dag.py:4138} INFO - Setting next_dagrun for example_short_circuit_operator to 2024-09-08 00:00:00+00:00, run_after=2024-09-09 00:00:00+00:00
[2024-09-09T10:13:55.795+0000] {processor.py:208} INFO - Processing /home/airflow/.local/lib/python3.12/site-packages/airflow/example_dags/example_short_circuit_operator.py took 0.058 seconds
[2024-09-09T10:14:26.572+0000] {processor.py:186} INFO - Started process (PID=306) to work on /home/airflow/.local/lib/python3.12/site-packages/airflow/example_dags/example_short_circuit_operator.py
[2024-09-09T10:14:26.572+0000] {processor.py:914} INFO - Processing file /home/airflow/.local/lib/python3.12/site-packages/airflow/example_dags/example_short_circuit_operator.py for tasks to queue
[2024-09-09T10:14:26.574+0000] {logging_mixin.py:190} INFO - [2024-09-09T10:14:26.574+0000] {dagbag.py:587} INFO - Filling up the DagBag from /home/airflow/.local/lib/python3.12/site-packages/airflow/example_dags/example_short_circuit_operator.py
[2024-09-09T10:14:26.580+0000] {processor.py:925} INFO - DAG(s) 'example_short_circuit_operator' retrieved from /home/airflow/.local/lib/python3.12/site-packages/airflow/example_dags/example_short_circuit_operator.py
[2024-09-09T10:14:26.596+0000] {logging_mixin.py:190} INFO - [2024-09-09T10:14:26.596+0000] {dag.py:3211} INFO - Sync 1 DAGs
[2024-09-09T10:14:26.616+0000] {logging_mixin.py:190} INFO - [2024-09-09T10:14:26.616+0000] {dag.py:4138} INFO - Setting next_dagrun for example_short_circuit_operator to 2024-09-08 00:00:00+00:00, run_after=2024-09-09 00:00:00+00:00
[2024-09-09T10:14:26.629+0000] {processor.py:208} INFO - Processing /home/airflow/.local/lib/python3.12/site-packages/airflow/example_dags/example_short_circuit_operator.py took 0.061 seconds
