[2024-09-09T10:12:23.550+0000] {processor.py:186} INFO - Started process (PID=48) to work on /home/airflow/.local/lib/python3.12/site-packages/airflow/example_dags/example_display_name.py
[2024-09-09T10:12:23.550+0000] {processor.py:914} INFO - Processing file /home/airflow/.local/lib/python3.12/site-packages/airflow/example_dags/example_display_name.py for tasks to queue
[2024-09-09T10:12:23.552+0000] {logging_mixin.py:190} INFO - [2024-09-09T10:12:23.551+0000] {dagbag.py:587} INFO - Filling up the DagBag from /home/airflow/.local/lib/python3.12/site-packages/airflow/example_dags/example_display_name.py
[2024-09-09T10:12:23.557+0000] {processor.py:925} INFO - DAG(s) 'example_display_name' retrieved from /home/airflow/.local/lib/python3.12/site-packages/airflow/example_dags/example_display_name.py
[2024-09-09T10:12:23.577+0000] {logging_mixin.py:190} INFO - [2024-09-09T10:12:23.577+0000] {dag.py:3211} INFO - Sync 1 DAGs
[2024-09-09T10:12:23.587+0000] {logging_mixin.py:190} INFO - [2024-09-09T10:12:23.587+0000] {dag.py:4138} INFO - Setting next_dagrun for example_display_name to None, run_after=None
[2024-09-09T10:12:23.600+0000] {processor.py:208} INFO - Processing /home/airflow/.local/lib/python3.12/site-packages/airflow/example_dags/example_display_name.py took 0.054 seconds
[2024-09-09T10:12:53.765+0000] {processor.py:186} INFO - Started process (PID=110) to work on /home/airflow/.local/lib/python3.12/site-packages/airflow/example_dags/example_display_name.py
[2024-09-09T10:12:53.766+0000] {processor.py:914} INFO - Processing file /home/airflow/.local/lib/python3.12/site-packages/airflow/example_dags/example_display_name.py for tasks to queue
[2024-09-09T10:12:53.768+0000] {logging_mixin.py:190} INFO - [2024-09-09T10:12:53.768+0000] {dagbag.py:587} INFO - Filling up the DagBag from /home/airflow/.local/lib/python3.12/site-packages/airflow/example_dags/example_display_name.py
[2024-09-09T10:12:53.772+0000] {processor.py:925} INFO - DAG(s) 'example_display_name' retrieved from /home/airflow/.local/lib/python3.12/site-packages/airflow/example_dags/example_display_name.py
[2024-09-09T10:12:53.786+0000] {logging_mixin.py:190} INFO - [2024-09-09T10:12:53.785+0000] {dag.py:3211} INFO - Sync 1 DAGs
[2024-09-09T10:12:53.796+0000] {logging_mixin.py:190} INFO - [2024-09-09T10:12:53.796+0000] {dag.py:4138} INFO - Setting next_dagrun for example_display_name to None, run_after=None
[2024-09-09T10:12:53.808+0000] {processor.py:208} INFO - Processing /home/airflow/.local/lib/python3.12/site-packages/airflow/example_dags/example_display_name.py took 0.046 seconds
[2024-09-09T10:13:24.740+0000] {processor.py:186} INFO - Started process (PID=172) to work on /home/airflow/.local/lib/python3.12/site-packages/airflow/example_dags/example_display_name.py
[2024-09-09T10:13:24.740+0000] {processor.py:914} INFO - Processing file /home/airflow/.local/lib/python3.12/site-packages/airflow/example_dags/example_display_name.py for tasks to queue
[2024-09-09T10:13:24.742+0000] {logging_mixin.py:190} INFO - [2024-09-09T10:13:24.742+0000] {dagbag.py:587} INFO - Filling up the DagBag from /home/airflow/.local/lib/python3.12/site-packages/airflow/example_dags/example_display_name.py
[2024-09-09T10:13:24.747+0000] {processor.py:925} INFO - DAG(s) 'example_display_name' retrieved from /home/airflow/.local/lib/python3.12/site-packages/airflow/example_dags/example_display_name.py
[2024-09-09T10:13:24.760+0000] {logging_mixin.py:190} INFO - [2024-09-09T10:13:24.760+0000] {dag.py:3211} INFO - Sync 1 DAGs
[2024-09-09T10:13:24.770+0000] {logging_mixin.py:190} INFO - [2024-09-09T10:13:24.769+0000] {dag.py:4138} INFO - Setting next_dagrun for example_display_name to None, run_after=None
[2024-09-09T10:13:24.782+0000] {processor.py:208} INFO - Processing /home/airflow/.local/lib/python3.12/site-packages/airflow/example_dags/example_display_name.py took 0.046 seconds
[2024-09-09T10:13:55.557+0000] {processor.py:186} INFO - Started process (PID=240) to work on /home/airflow/.local/lib/python3.12/site-packages/airflow/example_dags/example_display_name.py
[2024-09-09T10:13:55.558+0000] {processor.py:914} INFO - Processing file /home/airflow/.local/lib/python3.12/site-packages/airflow/example_dags/example_display_name.py for tasks to queue
[2024-09-09T10:13:55.559+0000] {logging_mixin.py:190} INFO - [2024-09-09T10:13:55.559+0000] {dagbag.py:587} INFO - Filling up the DagBag from /home/airflow/.local/lib/python3.12/site-packages/airflow/example_dags/example_display_name.py
[2024-09-09T10:13:55.564+0000] {processor.py:925} INFO - DAG(s) 'example_display_name' retrieved from /home/airflow/.local/lib/python3.12/site-packages/airflow/example_dags/example_display_name.py
[2024-09-09T10:13:55.580+0000] {logging_mixin.py:190} INFO - [2024-09-09T10:13:55.580+0000] {dag.py:3211} INFO - Sync 1 DAGs
[2024-09-09T10:13:55.591+0000] {logging_mixin.py:190} INFO - [2024-09-09T10:13:55.591+0000] {dag.py:4138} INFO - Setting next_dagrun for example_display_name to None, run_after=None
[2024-09-09T10:13:55.604+0000] {processor.py:208} INFO - Processing /home/airflow/.local/lib/python3.12/site-packages/airflow/example_dags/example_display_name.py took 0.051 seconds
[2024-09-09T10:14:26.392+0000] {processor.py:186} INFO - Started process (PID=302) to work on /home/airflow/.local/lib/python3.12/site-packages/airflow/example_dags/example_display_name.py
[2024-09-09T10:14:26.392+0000] {processor.py:914} INFO - Processing file /home/airflow/.local/lib/python3.12/site-packages/airflow/example_dags/example_display_name.py for tasks to queue
[2024-09-09T10:14:26.394+0000] {logging_mixin.py:190} INFO - [2024-09-09T10:14:26.394+0000] {dagbag.py:587} INFO - Filling up the DagBag from /home/airflow/.local/lib/python3.12/site-packages/airflow/example_dags/example_display_name.py
[2024-09-09T10:14:26.400+0000] {processor.py:925} INFO - DAG(s) 'example_display_name' retrieved from /home/airflow/.local/lib/python3.12/site-packages/airflow/example_dags/example_display_name.py
[2024-09-09T10:14:26.414+0000] {logging_mixin.py:190} INFO - [2024-09-09T10:14:26.413+0000] {dag.py:3211} INFO - Sync 1 DAGs
[2024-09-09T10:14:26.424+0000] {logging_mixin.py:190} INFO - [2024-09-09T10:14:26.424+0000] {dag.py:4138} INFO - Setting next_dagrun for example_display_name to None, run_after=None
[2024-09-09T10:14:26.438+0000] {processor.py:208} INFO - Processing /home/airflow/.local/lib/python3.12/site-packages/airflow/example_dags/example_display_name.py took 0.051 seconds
