[2024-09-09T10:12:25.627+0000] {processor.py:186} INFO - Started process (PID=86) to work on /home/airflow/.local/lib/python3.12/site-packages/airflow/example_dags/example_sla_dag.py
[2024-09-09T10:12:25.627+0000] {processor.py:914} INFO - Processing file /home/airflow/.local/lib/python3.12/site-packages/airflow/example_dags/example_sla_dag.py for tasks to queue
[2024-09-09T10:12:25.629+0000] {logging_mixin.py:190} INFO - [2024-09-09T10:12:25.628+0000] {dagbag.py:587} INFO - Filling up the DagBag from /home/airflow/.local/lib/python3.12/site-packages/airflow/example_dags/example_sla_dag.py
[2024-09-09T10:12:25.635+0000] {processor.py:925} INFO - DAG(s) 'example_sla_dag' retrieved from /home/airflow/.local/lib/python3.12/site-packages/airflow/example_dags/example_sla_dag.py
[2024-09-09T10:12:25.647+0000] {logging_mixin.py:190} INFO - [2024-09-09T10:12:25.647+0000] {dag.py:3211} INFO - Sync 1 DAGs
[2024-09-09T10:12:25.666+0000] {logging_mixin.py:190} INFO - [2024-09-09T10:12:25.666+0000] {dag.py:4138} INFO - Setting next_dagrun for example_sla_dag to 2024-09-09 10:10:00+00:00, run_after=2024-09-09 10:12:00+00:00
[2024-09-09T10:12:25.678+0000] {processor.py:208} INFO - Processing /home/airflow/.local/lib/python3.12/site-packages/airflow/example_dags/example_sla_dag.py took 0.054 seconds
[2024-09-09T10:12:56.682+0000] {processor.py:186} INFO - Started process (PID=148) to work on /home/airflow/.local/lib/python3.12/site-packages/airflow/example_dags/example_sla_dag.py
[2024-09-09T10:12:56.682+0000] {processor.py:914} INFO - Processing file /home/airflow/.local/lib/python3.12/site-packages/airflow/example_dags/example_sla_dag.py for tasks to queue
[2024-09-09T10:12:56.684+0000] {logging_mixin.py:190} INFO - [2024-09-09T10:12:56.683+0000] {dagbag.py:587} INFO - Filling up the DagBag from /home/airflow/.local/lib/python3.12/site-packages/airflow/example_dags/example_sla_dag.py
[2024-09-09T10:12:56.691+0000] {processor.py:925} INFO - DAG(s) 'example_sla_dag' retrieved from /home/airflow/.local/lib/python3.12/site-packages/airflow/example_dags/example_sla_dag.py
[2024-09-09T10:12:56.706+0000] {logging_mixin.py:190} INFO - [2024-09-09T10:12:56.705+0000] {dag.py:3211} INFO - Sync 1 DAGs
[2024-09-09T10:12:56.724+0000] {logging_mixin.py:190} INFO - [2024-09-09T10:12:56.724+0000] {dag.py:4138} INFO - Setting next_dagrun for example_sla_dag to 2024-09-09 10:10:00+00:00, run_after=2024-09-09 10:12:00+00:00
[2024-09-09T10:12:56.738+0000] {processor.py:208} INFO - Processing /home/airflow/.local/lib/python3.12/site-packages/airflow/example_dags/example_sla_dag.py took 0.060 seconds
[2024-09-09T10:13:27.452+0000] {processor.py:186} INFO - Started process (PID=210) to work on /home/airflow/.local/lib/python3.12/site-packages/airflow/example_dags/example_sla_dag.py
[2024-09-09T10:13:27.453+0000] {processor.py:914} INFO - Processing file /home/airflow/.local/lib/python3.12/site-packages/airflow/example_dags/example_sla_dag.py for tasks to queue
[2024-09-09T10:13:27.454+0000] {logging_mixin.py:190} INFO - [2024-09-09T10:13:27.454+0000] {dagbag.py:587} INFO - Filling up the DagBag from /home/airflow/.local/lib/python3.12/site-packages/airflow/example_dags/example_sla_dag.py
[2024-09-09T10:13:27.461+0000] {processor.py:925} INFO - DAG(s) 'example_sla_dag' retrieved from /home/airflow/.local/lib/python3.12/site-packages/airflow/example_dags/example_sla_dag.py
[2024-09-09T10:13:27.476+0000] {logging_mixin.py:190} INFO - [2024-09-09T10:13:27.476+0000] {dag.py:3211} INFO - Sync 1 DAGs
[2024-09-09T10:13:27.495+0000] {logging_mixin.py:190} INFO - [2024-09-09T10:13:27.495+0000] {dag.py:4138} INFO - Setting next_dagrun for example_sla_dag to 2024-09-09 10:10:00+00:00, run_after=2024-09-09 10:12:00+00:00
[2024-09-09T10:13:27.510+0000] {processor.py:208} INFO - Processing /home/airflow/.local/lib/python3.12/site-packages/airflow/example_dags/example_sla_dag.py took 0.062 seconds
[2024-09-09T10:13:58.273+0000] {processor.py:186} INFO - Started process (PID=272) to work on /home/airflow/.local/lib/python3.12/site-packages/airflow/example_dags/example_sla_dag.py
[2024-09-09T10:13:58.273+0000] {processor.py:914} INFO - Processing file /home/airflow/.local/lib/python3.12/site-packages/airflow/example_dags/example_sla_dag.py for tasks to queue
[2024-09-09T10:13:58.275+0000] {logging_mixin.py:190} INFO - [2024-09-09T10:13:58.275+0000] {dagbag.py:587} INFO - Filling up the DagBag from /home/airflow/.local/lib/python3.12/site-packages/airflow/example_dags/example_sla_dag.py
[2024-09-09T10:13:58.281+0000] {processor.py:925} INFO - DAG(s) 'example_sla_dag' retrieved from /home/airflow/.local/lib/python3.12/site-packages/airflow/example_dags/example_sla_dag.py
[2024-09-09T10:13:58.294+0000] {logging_mixin.py:190} INFO - [2024-09-09T10:13:58.294+0000] {dag.py:3211} INFO - Sync 1 DAGs
[2024-09-09T10:13:58.312+0000] {logging_mixin.py:190} INFO - [2024-09-09T10:13:58.312+0000] {dag.py:4138} INFO - Setting next_dagrun for example_sla_dag to 2024-09-09 10:10:00+00:00, run_after=2024-09-09 10:12:00+00:00
[2024-09-09T10:13:58.324+0000] {processor.py:208} INFO - Processing /home/airflow/.local/lib/python3.12/site-packages/airflow/example_dags/example_sla_dag.py took 0.055 seconds
[2024-09-09T10:14:29.074+0000] {processor.py:186} INFO - Started process (PID=334) to work on /home/airflow/.local/lib/python3.12/site-packages/airflow/example_dags/example_sla_dag.py
[2024-09-09T10:14:29.074+0000] {processor.py:914} INFO - Processing file /home/airflow/.local/lib/python3.12/site-packages/airflow/example_dags/example_sla_dag.py for tasks to queue
[2024-09-09T10:14:29.076+0000] {logging_mixin.py:190} INFO - [2024-09-09T10:14:29.076+0000] {dagbag.py:587} INFO - Filling up the DagBag from /home/airflow/.local/lib/python3.12/site-packages/airflow/example_dags/example_sla_dag.py
[2024-09-09T10:14:29.082+0000] {processor.py:925} INFO - DAG(s) 'example_sla_dag' retrieved from /home/airflow/.local/lib/python3.12/site-packages/airflow/example_dags/example_sla_dag.py
[2024-09-09T10:14:29.095+0000] {logging_mixin.py:190} INFO - [2024-09-09T10:14:29.095+0000] {dag.py:3211} INFO - Sync 1 DAGs
[2024-09-09T10:14:29.113+0000] {logging_mixin.py:190} INFO - [2024-09-09T10:14:29.113+0000] {dag.py:4138} INFO - Setting next_dagrun for example_sla_dag to 2024-09-09 10:12:00+00:00, run_after=2024-09-09 10:14:00+00:00
[2024-09-09T10:14:29.126+0000] {processor.py:208} INFO - Processing /home/airflow/.local/lib/python3.12/site-packages/airflow/example_dags/example_sla_dag.py took 0.056 seconds
