[2024-09-09T10:12:23.468+0000] {processor.py:186} INFO - Started process (PID=47) to work on /home/airflow/.local/lib/python3.12/site-packages/airflow/example_dags/example_xcomargs.py
[2024-09-09T10:12:23.469+0000] {processor.py:914} INFO - Processing file /home/airflow/.local/lib/python3.12/site-packages/airflow/example_dags/example_xcomargs.py for tasks to queue
[2024-09-09T10:12:23.470+0000] {logging_mixin.py:190} INFO - [2024-09-09T10:12:23.470+0000] {dagbag.py:587} INFO - Filling up the DagBag from /home/airflow/.local/lib/python3.12/site-packages/airflow/example_dags/example_xcomargs.py
[2024-09-09T10:12:23.478+0000] {processor.py:925} INFO - DAG(s) 'example_xcom_args_with_operators', 'example_xcom_args' retrieved from /home/airflow/.local/lib/python3.12/site-packages/airflow/example_dags/example_xcomargs.py
[2024-09-09T10:12:23.503+0000] {logging_mixin.py:190} INFO - [2024-09-09T10:12:23.503+0000] {dag.py:3211} INFO - Sync 2 DAGs
[2024-09-09T10:12:23.515+0000] {logging_mixin.py:190} INFO - [2024-09-09T10:12:23.515+0000] {dag.py:4138} INFO - Setting next_dagrun for example_xcom_args to None, run_after=None
[2024-09-09T10:12:23.518+0000] {logging_mixin.py:190} INFO - [2024-09-09T10:12:23.517+0000] {dag.py:4138} INFO - Setting next_dagrun for example_xcom_args_with_operators to None, run_after=None
[2024-09-09T10:12:23.529+0000] {processor.py:208} INFO - Processing /home/airflow/.local/lib/python3.12/site-packages/airflow/example_dags/example_xcomargs.py took 0.065 seconds
[2024-09-09T10:12:53.685+0000] {processor.py:186} INFO - Started process (PID=109) to work on /home/airflow/.local/lib/python3.12/site-packages/airflow/example_dags/example_xcomargs.py
[2024-09-09T10:12:53.685+0000] {processor.py:914} INFO - Processing file /home/airflow/.local/lib/python3.12/site-packages/airflow/example_dags/example_xcomargs.py for tasks to queue
[2024-09-09T10:12:53.688+0000] {logging_mixin.py:190} INFO - [2024-09-09T10:12:53.688+0000] {dagbag.py:587} INFO - Filling up the DagBag from /home/airflow/.local/lib/python3.12/site-packages/airflow/example_dags/example_xcomargs.py
[2024-09-09T10:12:53.696+0000] {processor.py:925} INFO - DAG(s) 'example_xcom_args', 'example_xcom_args_with_operators' retrieved from /home/airflow/.local/lib/python3.12/site-packages/airflow/example_dags/example_xcomargs.py
[2024-09-09T10:12:53.712+0000] {logging_mixin.py:190} INFO - [2024-09-09T10:12:53.712+0000] {dag.py:3211} INFO - Sync 2 DAGs
[2024-09-09T10:12:53.723+0000] {logging_mixin.py:190} INFO - [2024-09-09T10:12:53.723+0000] {dag.py:4138} INFO - Setting next_dagrun for example_xcom_args to None, run_after=None
[2024-09-09T10:12:53.726+0000] {logging_mixin.py:190} INFO - [2024-09-09T10:12:53.726+0000] {dag.py:4138} INFO - Setting next_dagrun for example_xcom_args_with_operators to None, run_after=None
[2024-09-09T10:12:53.738+0000] {processor.py:208} INFO - Processing /home/airflow/.local/lib/python3.12/site-packages/airflow/example_dags/example_xcomargs.py took 0.058 seconds
[2024-09-09T10:13:24.661+0000] {processor.py:186} INFO - Started process (PID=171) to work on /home/airflow/.local/lib/python3.12/site-packages/airflow/example_dags/example_xcomargs.py
[2024-09-09T10:13:24.662+0000] {processor.py:914} INFO - Processing file /home/airflow/.local/lib/python3.12/site-packages/airflow/example_dags/example_xcomargs.py for tasks to queue
[2024-09-09T10:13:24.663+0000] {logging_mixin.py:190} INFO - [2024-09-09T10:13:24.663+0000] {dagbag.py:587} INFO - Filling up the DagBag from /home/airflow/.local/lib/python3.12/site-packages/airflow/example_dags/example_xcomargs.py
[2024-09-09T10:13:24.671+0000] {processor.py:925} INFO - DAG(s) 'example_xcom_args_with_operators', 'example_xcom_args' retrieved from /home/airflow/.local/lib/python3.12/site-packages/airflow/example_dags/example_xcomargs.py
[2024-09-09T10:13:24.690+0000] {logging_mixin.py:190} INFO - [2024-09-09T10:13:24.690+0000] {dag.py:3211} INFO - Sync 2 DAGs
[2024-09-09T10:13:24.700+0000] {logging_mixin.py:190} INFO - [2024-09-09T10:13:24.700+0000] {dag.py:4138} INFO - Setting next_dagrun for example_xcom_args to None, run_after=None
[2024-09-09T10:13:24.703+0000] {logging_mixin.py:190} INFO - [2024-09-09T10:13:24.703+0000] {dag.py:4138} INFO - Setting next_dagrun for example_xcom_args_with_operators to None, run_after=None
[2024-09-09T10:13:24.715+0000] {processor.py:208} INFO - Processing /home/airflow/.local/lib/python3.12/site-packages/airflow/example_dags/example_xcomargs.py took 0.057 seconds
[2024-09-09T10:13:55.475+0000] {processor.py:186} INFO - Started process (PID=239) to work on /home/airflow/.local/lib/python3.12/site-packages/airflow/example_dags/example_xcomargs.py
[2024-09-09T10:13:55.476+0000] {processor.py:914} INFO - Processing file /home/airflow/.local/lib/python3.12/site-packages/airflow/example_dags/example_xcomargs.py for tasks to queue
[2024-09-09T10:13:55.477+0000] {logging_mixin.py:190} INFO - [2024-09-09T10:13:55.477+0000] {dagbag.py:587} INFO - Filling up the DagBag from /home/airflow/.local/lib/python3.12/site-packages/airflow/example_dags/example_xcomargs.py
[2024-09-09T10:13:55.485+0000] {processor.py:925} INFO - DAG(s) 'example_xcom_args_with_operators', 'example_xcom_args' retrieved from /home/airflow/.local/lib/python3.12/site-packages/airflow/example_dags/example_xcomargs.py
[2024-09-09T10:13:55.503+0000] {logging_mixin.py:190} INFO - [2024-09-09T10:13:55.503+0000] {dag.py:3211} INFO - Sync 2 DAGs
[2024-09-09T10:13:55.514+0000] {logging_mixin.py:190} INFO - [2024-09-09T10:13:55.514+0000] {dag.py:4138} INFO - Setting next_dagrun for example_xcom_args to None, run_after=None
[2024-09-09T10:13:55.518+0000] {logging_mixin.py:190} INFO - [2024-09-09T10:13:55.518+0000] {dag.py:4138} INFO - Setting next_dagrun for example_xcom_args_with_operators to None, run_after=None
[2024-09-09T10:13:55.530+0000] {processor.py:208} INFO - Processing /home/airflow/.local/lib/python3.12/site-packages/airflow/example_dags/example_xcomargs.py took 0.060 seconds
[2024-09-09T10:14:26.317+0000] {processor.py:186} INFO - Started process (PID=301) to work on /home/airflow/.local/lib/python3.12/site-packages/airflow/example_dags/example_xcomargs.py
[2024-09-09T10:14:26.318+0000] {processor.py:914} INFO - Processing file /home/airflow/.local/lib/python3.12/site-packages/airflow/example_dags/example_xcomargs.py for tasks to queue
[2024-09-09T10:14:26.319+0000] {logging_mixin.py:190} INFO - [2024-09-09T10:14:26.319+0000] {dagbag.py:587} INFO - Filling up the DagBag from /home/airflow/.local/lib/python3.12/site-packages/airflow/example_dags/example_xcomargs.py
[2024-09-09T10:14:26.325+0000] {processor.py:925} INFO - DAG(s) 'example_xcom_args_with_operators', 'example_xcom_args' retrieved from /home/airflow/.local/lib/python3.12/site-packages/airflow/example_dags/example_xcomargs.py
[2024-09-09T10:14:26.340+0000] {logging_mixin.py:190} INFO - [2024-09-09T10:14:26.340+0000] {dag.py:3211} INFO - Sync 2 DAGs
[2024-09-09T10:14:26.351+0000] {logging_mixin.py:190} INFO - [2024-09-09T10:14:26.351+0000] {dag.py:4138} INFO - Setting next_dagrun for example_xcom_args to None, run_after=None
[2024-09-09T10:14:26.353+0000] {logging_mixin.py:190} INFO - [2024-09-09T10:14:26.353+0000] {dag.py:4138} INFO - Setting next_dagrun for example_xcom_args_with_operators to None, run_after=None
[2024-09-09T10:14:26.366+0000] {processor.py:208} INFO - Processing /home/airflow/.local/lib/python3.12/site-packages/airflow/example_dags/example_xcomargs.py took 0.052 seconds
