[2024-09-09T10:12:25.348+0000] {processor.py:186} INFO - Started process (PID=84) to work on /home/airflow/.local/lib/python3.12/site-packages/airflow/example_dags/example_sensors.py
[2024-09-09T10:12:25.349+0000] {processor.py:914} INFO - Processing file /home/airflow/.local/lib/python3.12/site-packages/airflow/example_dags/example_sensors.py for tasks to queue
[2024-09-09T10:12:25.350+0000] {logging_mixin.py:190} INFO - [2024-09-09T10:12:25.350+0000] {dagbag.py:587} INFO - Filling up the DagBag from /home/airflow/.local/lib/python3.12/site-packages/airflow/example_dags/example_sensors.py
[2024-09-09T10:12:25.358+0000] {processor.py:925} INFO - DAG(s) 'example_sensors' retrieved from /home/airflow/.local/lib/python3.12/site-packages/airflow/example_dags/example_sensors.py
[2024-09-09T10:12:25.377+0000] {logging_mixin.py:190} INFO - [2024-09-09T10:12:25.377+0000] {dag.py:3211} INFO - Sync 1 DAGs
[2024-09-09T10:12:25.387+0000] {logging_mixin.py:190} INFO - [2024-09-09T10:12:25.387+0000] {dag.py:4138} INFO - Setting next_dagrun for example_sensors to None, run_after=None
[2024-09-09T10:12:25.401+0000] {processor.py:208} INFO - Processing /home/airflow/.local/lib/python3.12/site-packages/airflow/example_dags/example_sensors.py took 0.057 seconds
[2024-09-09T10:12:56.401+0000] {processor.py:186} INFO - Started process (PID=146) to work on /home/airflow/.local/lib/python3.12/site-packages/airflow/example_dags/example_sensors.py
[2024-09-09T10:12:56.402+0000] {processor.py:914} INFO - Processing file /home/airflow/.local/lib/python3.12/site-packages/airflow/example_dags/example_sensors.py for tasks to queue
[2024-09-09T10:12:56.403+0000] {logging_mixin.py:190} INFO - [2024-09-09T10:12:56.403+0000] {dagbag.py:587} INFO - Filling up the DagBag from /home/airflow/.local/lib/python3.12/site-packages/airflow/example_dags/example_sensors.py
[2024-09-09T10:12:56.410+0000] {processor.py:925} INFO - DAG(s) 'example_sensors' retrieved from /home/airflow/.local/lib/python3.12/site-packages/airflow/example_dags/example_sensors.py
[2024-09-09T10:12:56.428+0000] {logging_mixin.py:190} INFO - [2024-09-09T10:12:56.428+0000] {dag.py:3211} INFO - Sync 1 DAGs
[2024-09-09T10:12:56.438+0000] {logging_mixin.py:190} INFO - [2024-09-09T10:12:56.437+0000] {dag.py:4138} INFO - Setting next_dagrun for example_sensors to None, run_after=None
[2024-09-09T10:12:56.451+0000] {processor.py:208} INFO - Processing /home/airflow/.local/lib/python3.12/site-packages/airflow/example_dags/example_sensors.py took 0.054 seconds
[2024-09-09T10:13:27.169+0000] {processor.py:186} INFO - Started process (PID=208) to work on /home/airflow/.local/lib/python3.12/site-packages/airflow/example_dags/example_sensors.py
[2024-09-09T10:13:27.170+0000] {processor.py:914} INFO - Processing file /home/airflow/.local/lib/python3.12/site-packages/airflow/example_dags/example_sensors.py for tasks to queue
[2024-09-09T10:13:27.171+0000] {logging_mixin.py:190} INFO - [2024-09-09T10:13:27.171+0000] {dagbag.py:587} INFO - Filling up the DagBag from /home/airflow/.local/lib/python3.12/site-packages/airflow/example_dags/example_sensors.py
[2024-09-09T10:13:27.179+0000] {processor.py:925} INFO - DAG(s) 'example_sensors' retrieved from /home/airflow/.local/lib/python3.12/site-packages/airflow/example_dags/example_sensors.py
[2024-09-09T10:13:27.197+0000] {logging_mixin.py:190} INFO - [2024-09-09T10:13:27.197+0000] {dag.py:3211} INFO - Sync 1 DAGs
[2024-09-09T10:13:27.208+0000] {logging_mixin.py:190} INFO - [2024-09-09T10:13:27.208+0000] {dag.py:4138} INFO - Setting next_dagrun for example_sensors to None, run_after=None
[2024-09-09T10:13:27.221+0000] {processor.py:208} INFO - Processing /home/airflow/.local/lib/python3.12/site-packages/airflow/example_dags/example_sensors.py took 0.055 seconds
[2024-09-09T10:13:57.991+0000] {processor.py:186} INFO - Started process (PID=270) to work on /home/airflow/.local/lib/python3.12/site-packages/airflow/example_dags/example_sensors.py
[2024-09-09T10:13:57.992+0000] {processor.py:914} INFO - Processing file /home/airflow/.local/lib/python3.12/site-packages/airflow/example_dags/example_sensors.py for tasks to queue
[2024-09-09T10:13:57.994+0000] {logging_mixin.py:190} INFO - [2024-09-09T10:13:57.993+0000] {dagbag.py:587} INFO - Filling up the DagBag from /home/airflow/.local/lib/python3.12/site-packages/airflow/example_dags/example_sensors.py
[2024-09-09T10:13:58.001+0000] {processor.py:925} INFO - DAG(s) 'example_sensors' retrieved from /home/airflow/.local/lib/python3.12/site-packages/airflow/example_dags/example_sensors.py
[2024-09-09T10:13:58.020+0000] {logging_mixin.py:190} INFO - [2024-09-09T10:13:58.019+0000] {dag.py:3211} INFO - Sync 1 DAGs
[2024-09-09T10:13:58.030+0000] {logging_mixin.py:190} INFO - [2024-09-09T10:13:58.030+0000] {dag.py:4138} INFO - Setting next_dagrun for example_sensors to None, run_after=None
[2024-09-09T10:13:58.044+0000] {processor.py:208} INFO - Processing /home/airflow/.local/lib/python3.12/site-packages/airflow/example_dags/example_sensors.py took 0.056 seconds
[2024-09-09T10:14:28.805+0000] {processor.py:186} INFO - Started process (PID=332) to work on /home/airflow/.local/lib/python3.12/site-packages/airflow/example_dags/example_sensors.py
[2024-09-09T10:14:28.805+0000] {processor.py:914} INFO - Processing file /home/airflow/.local/lib/python3.12/site-packages/airflow/example_dags/example_sensors.py for tasks to queue
[2024-09-09T10:14:28.806+0000] {logging_mixin.py:190} INFO - [2024-09-09T10:14:28.806+0000] {dagbag.py:587} INFO - Filling up the DagBag from /home/airflow/.local/lib/python3.12/site-packages/airflow/example_dags/example_sensors.py
[2024-09-09T10:14:28.813+0000] {processor.py:925} INFO - DAG(s) 'example_sensors' retrieved from /home/airflow/.local/lib/python3.12/site-packages/airflow/example_dags/example_sensors.py
[2024-09-09T10:14:28.830+0000] {logging_mixin.py:190} INFO - [2024-09-09T10:14:28.830+0000] {dag.py:3211} INFO - Sync 1 DAGs
[2024-09-09T10:14:28.840+0000] {logging_mixin.py:190} INFO - [2024-09-09T10:14:28.840+0000] {dag.py:4138} INFO - Setting next_dagrun for example_sensors to None, run_after=None
[2024-09-09T10:14:28.852+0000] {processor.py:208} INFO - Processing /home/airflow/.local/lib/python3.12/site-packages/airflow/example_dags/example_sensors.py took 0.051 seconds
