[2024-09-09T10:12:26.254+0000] {processor.py:186} INFO - Started process (PID=99) to work on /home/airflow/.local/lib/python3.12/site-packages/airflow/example_dags/example_branch_operator_decorator.py
[2024-09-09T10:12:26.255+0000] {processor.py:914} INFO - Processing file /home/airflow/.local/lib/python3.12/site-packages/airflow/example_dags/example_branch_operator_decorator.py for tasks to queue
[2024-09-09T10:12:26.256+0000] {logging_mixin.py:190} INFO - [2024-09-09T10:12:26.256+0000] {dagbag.py:587} INFO - Filling up the DagBag from /home/airflow/.local/lib/python3.12/site-packages/airflow/example_dags/example_branch_operator_decorator.py
[2024-09-09T10:12:26.272+0000] {processor.py:925} INFO - DAG(s) 'example_branch_python_operator_decorator' retrieved from /home/airflow/.local/lib/python3.12/site-packages/airflow/example_dags/example_branch_operator_decorator.py
[2024-09-09T10:12:26.353+0000] {logging_mixin.py:190} INFO - [2024-09-09T10:12:26.353+0000] {dag.py:3211} INFO - Sync 1 DAGs
[2024-09-09T10:12:26.372+0000] {logging_mixin.py:190} INFO - [2024-09-09T10:12:26.371+0000] {dag.py:4138} INFO - Setting next_dagrun for example_branch_python_operator_decorator to 2024-09-08 00:00:00+00:00, run_after=2024-09-09 00:00:00+00:00
[2024-09-09T10:12:26.385+0000] {processor.py:208} INFO - Processing /home/airflow/.local/lib/python3.12/site-packages/airflow/example_dags/example_branch_operator_decorator.py took 0.135 seconds
[2024-09-09T10:12:57.254+0000] {processor.py:186} INFO - Started process (PID=161) to work on /home/airflow/.local/lib/python3.12/site-packages/airflow/example_dags/example_branch_operator_decorator.py
[2024-09-09T10:12:57.255+0000] {processor.py:914} INFO - Processing file /home/airflow/.local/lib/python3.12/site-packages/airflow/example_dags/example_branch_operator_decorator.py for tasks to queue
[2024-09-09T10:12:57.256+0000] {logging_mixin.py:190} INFO - [2024-09-09T10:12:57.256+0000] {dagbag.py:587} INFO - Filling up the DagBag from /home/airflow/.local/lib/python3.12/site-packages/airflow/example_dags/example_branch_operator_decorator.py
[2024-09-09T10:12:57.270+0000] {processor.py:925} INFO - DAG(s) 'example_branch_python_operator_decorator' retrieved from /home/airflow/.local/lib/python3.12/site-packages/airflow/example_dags/example_branch_operator_decorator.py
[2024-09-09T10:12:57.291+0000] {logging_mixin.py:190} INFO - [2024-09-09T10:12:57.291+0000] {dag.py:3211} INFO - Sync 1 DAGs
[2024-09-09T10:12:57.309+0000] {logging_mixin.py:190} INFO - [2024-09-09T10:12:57.309+0000] {dag.py:4138} INFO - Setting next_dagrun for example_branch_python_operator_decorator to 2024-09-08 00:00:00+00:00, run_after=2024-09-09 00:00:00+00:00
[2024-09-09T10:12:57.322+0000] {processor.py:208} INFO - Processing /home/airflow/.local/lib/python3.12/site-packages/airflow/example_dags/example_branch_operator_decorator.py took 0.072 seconds
[2024-09-09T10:13:28.047+0000] {processor.py:186} INFO - Started process (PID=223) to work on /home/airflow/.local/lib/python3.12/site-packages/airflow/example_dags/example_branch_operator_decorator.py
[2024-09-09T10:13:28.048+0000] {processor.py:914} INFO - Processing file /home/airflow/.local/lib/python3.12/site-packages/airflow/example_dags/example_branch_operator_decorator.py for tasks to queue
[2024-09-09T10:13:28.049+0000] {logging_mixin.py:190} INFO - [2024-09-09T10:13:28.049+0000] {dagbag.py:587} INFO - Filling up the DagBag from /home/airflow/.local/lib/python3.12/site-packages/airflow/example_dags/example_branch_operator_decorator.py
[2024-09-09T10:13:28.065+0000] {processor.py:925} INFO - DAG(s) 'example_branch_python_operator_decorator' retrieved from /home/airflow/.local/lib/python3.12/site-packages/airflow/example_dags/example_branch_operator_decorator.py
[2024-09-09T10:13:28.087+0000] {logging_mixin.py:190} INFO - [2024-09-09T10:13:28.087+0000] {dag.py:3211} INFO - Sync 1 DAGs
[2024-09-09T10:13:28.105+0000] {logging_mixin.py:190} INFO - [2024-09-09T10:13:28.105+0000] {dag.py:4138} INFO - Setting next_dagrun for example_branch_python_operator_decorator to 2024-09-08 00:00:00+00:00, run_after=2024-09-09 00:00:00+00:00
[2024-09-09T10:13:28.119+0000] {processor.py:208} INFO - Processing /home/airflow/.local/lib/python3.12/site-packages/airflow/example_dags/example_branch_operator_decorator.py took 0.075 seconds
[2024-09-09T10:13:58.899+0000] {processor.py:186} INFO - Started process (PID=285) to work on /home/airflow/.local/lib/python3.12/site-packages/airflow/example_dags/example_branch_operator_decorator.py
[2024-09-09T10:13:58.899+0000] {processor.py:914} INFO - Processing file /home/airflow/.local/lib/python3.12/site-packages/airflow/example_dags/example_branch_operator_decorator.py for tasks to queue
[2024-09-09T10:13:58.901+0000] {logging_mixin.py:190} INFO - [2024-09-09T10:13:58.901+0000] {dagbag.py:587} INFO - Filling up the DagBag from /home/airflow/.local/lib/python3.12/site-packages/airflow/example_dags/example_branch_operator_decorator.py
[2024-09-09T10:13:58.915+0000] {processor.py:925} INFO - DAG(s) 'example_branch_python_operator_decorator' retrieved from /home/airflow/.local/lib/python3.12/site-packages/airflow/example_dags/example_branch_operator_decorator.py
[2024-09-09T10:13:58.935+0000] {logging_mixin.py:190} INFO - [2024-09-09T10:13:58.935+0000] {dag.py:3211} INFO - Sync 1 DAGs
[2024-09-09T10:13:58.952+0000] {logging_mixin.py:190} INFO - [2024-09-09T10:13:58.951+0000] {dag.py:4138} INFO - Setting next_dagrun for example_branch_python_operator_decorator to 2024-09-08 00:00:00+00:00, run_after=2024-09-09 00:00:00+00:00
[2024-09-09T10:13:58.965+0000] {processor.py:208} INFO - Processing /home/airflow/.local/lib/python3.12/site-packages/airflow/example_dags/example_branch_operator_decorator.py took 0.070 seconds
[2024-09-09T10:14:29.595+0000] {processor.py:186} INFO - Started process (PID=347) to work on /home/airflow/.local/lib/python3.12/site-packages/airflow/example_dags/example_branch_operator_decorator.py
[2024-09-09T10:14:29.595+0000] {processor.py:914} INFO - Processing file /home/airflow/.local/lib/python3.12/site-packages/airflow/example_dags/example_branch_operator_decorator.py for tasks to queue
[2024-09-09T10:14:29.597+0000] {logging_mixin.py:190} INFO - [2024-09-09T10:14:29.597+0000] {dagbag.py:587} INFO - Filling up the DagBag from /home/airflow/.local/lib/python3.12/site-packages/airflow/example_dags/example_branch_operator_decorator.py
[2024-09-09T10:14:29.613+0000] {processor.py:925} INFO - DAG(s) 'example_branch_python_operator_decorator' retrieved from /home/airflow/.local/lib/python3.12/site-packages/airflow/example_dags/example_branch_operator_decorator.py
[2024-09-09T10:14:29.635+0000] {logging_mixin.py:190} INFO - [2024-09-09T10:14:29.635+0000] {dag.py:3211} INFO - Sync 1 DAGs
[2024-09-09T10:14:29.654+0000] {logging_mixin.py:190} INFO - [2024-09-09T10:14:29.653+0000] {dag.py:4138} INFO - Setting next_dagrun for example_branch_python_operator_decorator to 2024-09-08 00:00:00+00:00, run_after=2024-09-09 00:00:00+00:00
[2024-09-09T10:14:29.668+0000] {processor.py:208} INFO - Processing /home/airflow/.local/lib/python3.12/site-packages/airflow/example_dags/example_branch_operator_decorator.py took 0.076 seconds
