[2024-09-09T10:12:25.950+0000] {processor.py:186} INFO - Started process (PID=92) to work on /home/airflow/.local/lib/python3.12/site-packages/airflow/example_dags/example_xcom.py
[2024-09-09T10:12:25.950+0000] {processor.py:914} INFO - Processing file /home/airflow/.local/lib/python3.12/site-packages/airflow/example_dags/example_xcom.py for tasks to queue
[2024-09-09T10:12:25.952+0000] {logging_mixin.py:190} INFO - [2024-09-09T10:12:25.951+0000] {dagbag.py:587} INFO - Filling up the DagBag from /home/airflow/.local/lib/python3.12/site-packages/airflow/example_dags/example_xcom.py
[2024-09-09T10:12:25.959+0000] {processor.py:925} INFO - DAG(s) 'example_xcom' retrieved from /home/airflow/.local/lib/python3.12/site-packages/airflow/example_dags/example_xcom.py
[2024-09-09T10:12:25.974+0000] {logging_mixin.py:190} INFO - [2024-09-09T10:12:25.974+0000] {dag.py:3211} INFO - Sync 1 DAGs
[2024-09-09T10:12:25.991+0000] {logging_mixin.py:190} INFO - [2024-09-09T10:12:25.991+0000] {dag.py:4138} INFO - Setting next_dagrun for example_xcom to 2021-01-01 00:00:00+00:00, run_after=2021-01-01 00:00:00+00:00
[2024-09-09T10:12:26.003+0000] {processor.py:208} INFO - Processing /home/airflow/.local/lib/python3.12/site-packages/airflow/example_dags/example_xcom.py took 0.057 seconds
[2024-09-09T10:12:56.972+0000] {processor.py:186} INFO - Started process (PID=154) to work on /home/airflow/.local/lib/python3.12/site-packages/airflow/example_dags/example_xcom.py
[2024-09-09T10:12:56.973+0000] {processor.py:914} INFO - Processing file /home/airflow/.local/lib/python3.12/site-packages/airflow/example_dags/example_xcom.py for tasks to queue
[2024-09-09T10:12:56.974+0000] {logging_mixin.py:190} INFO - [2024-09-09T10:12:56.974+0000] {dagbag.py:587} INFO - Filling up the DagBag from /home/airflow/.local/lib/python3.12/site-packages/airflow/example_dags/example_xcom.py
[2024-09-09T10:12:56.982+0000] {processor.py:925} INFO - DAG(s) 'example_xcom' retrieved from /home/airflow/.local/lib/python3.12/site-packages/airflow/example_dags/example_xcom.py
[2024-09-09T10:12:56.997+0000] {logging_mixin.py:190} INFO - [2024-09-09T10:12:56.997+0000] {dag.py:3211} INFO - Sync 1 DAGs
[2024-09-09T10:12:57.015+0000] {logging_mixin.py:190} INFO - [2024-09-09T10:12:57.015+0000] {dag.py:4138} INFO - Setting next_dagrun for example_xcom to 2021-01-01 00:00:00+00:00, run_after=2021-01-01 00:00:00+00:00
[2024-09-09T10:12:57.028+0000] {processor.py:208} INFO - Processing /home/airflow/.local/lib/python3.12/site-packages/airflow/example_dags/example_xcom.py took 0.061 seconds
[2024-09-09T10:13:27.785+0000] {processor.py:186} INFO - Started process (PID=216) to work on /home/airflow/.local/lib/python3.12/site-packages/airflow/example_dags/example_xcom.py
[2024-09-09T10:13:27.785+0000] {processor.py:914} INFO - Processing file /home/airflow/.local/lib/python3.12/site-packages/airflow/example_dags/example_xcom.py for tasks to queue
[2024-09-09T10:13:27.787+0000] {logging_mixin.py:190} INFO - [2024-09-09T10:13:27.787+0000] {dagbag.py:587} INFO - Filling up the DagBag from /home/airflow/.local/lib/python3.12/site-packages/airflow/example_dags/example_xcom.py
[2024-09-09T10:13:27.794+0000] {processor.py:925} INFO - DAG(s) 'example_xcom' retrieved from /home/airflow/.local/lib/python3.12/site-packages/airflow/example_dags/example_xcom.py
[2024-09-09T10:13:27.809+0000] {logging_mixin.py:190} INFO - [2024-09-09T10:13:27.809+0000] {dag.py:3211} INFO - Sync 1 DAGs
[2024-09-09T10:13:27.825+0000] {logging_mixin.py:190} INFO - [2024-09-09T10:13:27.825+0000] {dag.py:4138} INFO - Setting next_dagrun for example_xcom to 2021-01-01 00:00:00+00:00, run_after=2021-01-01 00:00:00+00:00
[2024-09-09T10:13:27.839+0000] {processor.py:208} INFO - Processing /home/airflow/.local/lib/python3.12/site-packages/airflow/example_dags/example_xcom.py took 0.059 seconds
[2024-09-09T10:13:58.586+0000] {processor.py:186} INFO - Started process (PID=278) to work on /home/airflow/.local/lib/python3.12/site-packages/airflow/example_dags/example_xcom.py
[2024-09-09T10:13:58.587+0000] {processor.py:914} INFO - Processing file /home/airflow/.local/lib/python3.12/site-packages/airflow/example_dags/example_xcom.py for tasks to queue
[2024-09-09T10:13:58.588+0000] {logging_mixin.py:190} INFO - [2024-09-09T10:13:58.588+0000] {dagbag.py:587} INFO - Filling up the DagBag from /home/airflow/.local/lib/python3.12/site-packages/airflow/example_dags/example_xcom.py
[2024-09-09T10:13:58.594+0000] {processor.py:925} INFO - DAG(s) 'example_xcom' retrieved from /home/airflow/.local/lib/python3.12/site-packages/airflow/example_dags/example_xcom.py
[2024-09-09T10:13:58.609+0000] {logging_mixin.py:190} INFO - [2024-09-09T10:13:58.609+0000] {dag.py:3211} INFO - Sync 1 DAGs
[2024-09-09T10:13:58.625+0000] {logging_mixin.py:190} INFO - [2024-09-09T10:13:58.624+0000] {dag.py:4138} INFO - Setting next_dagrun for example_xcom to 2021-01-01 00:00:00+00:00, run_after=2021-01-01 00:00:00+00:00
[2024-09-09T10:13:58.637+0000] {processor.py:208} INFO - Processing /home/airflow/.local/lib/python3.12/site-packages/airflow/example_dags/example_xcom.py took 0.055 seconds
[2024-09-09T10:14:29.329+0000] {processor.py:186} INFO - Started process (PID=340) to work on /home/airflow/.local/lib/python3.12/site-packages/airflow/example_dags/example_xcom.py
[2024-09-09T10:14:29.330+0000] {processor.py:914} INFO - Processing file /home/airflow/.local/lib/python3.12/site-packages/airflow/example_dags/example_xcom.py for tasks to queue
[2024-09-09T10:14:29.331+0000] {logging_mixin.py:190} INFO - [2024-09-09T10:14:29.331+0000] {dagbag.py:587} INFO - Filling up the DagBag from /home/airflow/.local/lib/python3.12/site-packages/airflow/example_dags/example_xcom.py
[2024-09-09T10:14:29.338+0000] {processor.py:925} INFO - DAG(s) 'example_xcom' retrieved from /home/airflow/.local/lib/python3.12/site-packages/airflow/example_dags/example_xcom.py
[2024-09-09T10:14:29.352+0000] {logging_mixin.py:190} INFO - [2024-09-09T10:14:29.352+0000] {dag.py:3211} INFO - Sync 1 DAGs
[2024-09-09T10:14:29.369+0000] {logging_mixin.py:190} INFO - [2024-09-09T10:14:29.369+0000] {dag.py:4138} INFO - Setting next_dagrun for example_xcom to 2021-01-01 00:00:00+00:00, run_after=2021-01-01 00:00:00+00:00
[2024-09-09T10:14:29.382+0000] {processor.py:208} INFO - Processing /home/airflow/.local/lib/python3.12/site-packages/airflow/example_dags/example_xcom.py took 0.057 seconds
