[2024-09-09T10:12:23.935+0000] {processor.py:186} INFO - Started process (PID=56) to work on /home/airflow/.local/lib/python3.12/site-packages/airflow/example_dags/example_bash_decorator.py
[2024-09-09T10:12:23.936+0000] {processor.py:914} INFO - Processing file /home/airflow/.local/lib/python3.12/site-packages/airflow/example_dags/example_bash_decorator.py for tasks to queue
[2024-09-09T10:12:23.938+0000] {logging_mixin.py:190} INFO - [2024-09-09T10:12:23.937+0000] {dagbag.py:587} INFO - Filling up the DagBag from /home/airflow/.local/lib/python3.12/site-packages/airflow/example_dags/example_bash_decorator.py
[2024-09-09T10:12:23.950+0000] {processor.py:925} INFO - DAG(s) 'example_bash_decorator' retrieved from /home/airflow/.local/lib/python3.12/site-packages/airflow/example_dags/example_bash_decorator.py
[2024-09-09T10:12:24.063+0000] {logging_mixin.py:190} INFO - [2024-09-09T10:12:24.063+0000] {dag.py:3211} INFO - Sync 1 DAGs
[2024-09-09T10:12:24.072+0000] {logging_mixin.py:190} INFO - [2024-09-09T10:12:24.072+0000] {dag.py:4138} INFO - Setting next_dagrun for example_bash_decorator to None, run_after=None
[2024-09-09T10:12:24.087+0000] {processor.py:208} INFO - Processing /home/airflow/.local/lib/python3.12/site-packages/airflow/example_dags/example_bash_decorator.py took 0.155 seconds
[2024-09-09T10:12:54.139+0000] {processor.py:186} INFO - Started process (PID=117) to work on /home/airflow/.local/lib/python3.12/site-packages/airflow/example_dags/example_bash_decorator.py
[2024-09-09T10:12:54.140+0000] {processor.py:914} INFO - Processing file /home/airflow/.local/lib/python3.12/site-packages/airflow/example_dags/example_bash_decorator.py for tasks to queue
[2024-09-09T10:12:54.142+0000] {logging_mixin.py:190} INFO - [2024-09-09T10:12:54.141+0000] {dagbag.py:587} INFO - Filling up the DagBag from /home/airflow/.local/lib/python3.12/site-packages/airflow/example_dags/example_bash_decorator.py
[2024-09-09T10:12:54.151+0000] {processor.py:925} INFO - DAG(s) 'example_bash_decorator' retrieved from /home/airflow/.local/lib/python3.12/site-packages/airflow/example_dags/example_bash_decorator.py
[2024-09-09T10:12:54.167+0000] {logging_mixin.py:190} INFO - [2024-09-09T10:12:54.167+0000] {dag.py:3211} INFO - Sync 1 DAGs
[2024-09-09T10:12:54.177+0000] {logging_mixin.py:190} INFO - [2024-09-09T10:12:54.177+0000] {dag.py:4138} INFO - Setting next_dagrun for example_bash_decorator to None, run_after=None
[2024-09-09T10:12:54.189+0000] {processor.py:208} INFO - Processing /home/airflow/.local/lib/python3.12/site-packages/airflow/example_dags/example_bash_decorator.py took 0.053 seconds
[2024-09-09T10:13:25.079+0000] {processor.py:186} INFO - Started process (PID=186) to work on /home/airflow/.local/lib/python3.12/site-packages/airflow/example_dags/example_bash_decorator.py
[2024-09-09T10:13:25.080+0000] {processor.py:914} INFO - Processing file /home/airflow/.local/lib/python3.12/site-packages/airflow/example_dags/example_bash_decorator.py for tasks to queue
[2024-09-09T10:13:25.081+0000] {logging_mixin.py:190} INFO - [2024-09-09T10:13:25.081+0000] {dagbag.py:587} INFO - Filling up the DagBag from /home/airflow/.local/lib/python3.12/site-packages/airflow/example_dags/example_bash_decorator.py
[2024-09-09T10:13:25.091+0000] {processor.py:925} INFO - DAG(s) 'example_bash_decorator' retrieved from /home/airflow/.local/lib/python3.12/site-packages/airflow/example_dags/example_bash_decorator.py
[2024-09-09T10:13:25.109+0000] {logging_mixin.py:190} INFO - [2024-09-09T10:13:25.108+0000] {dag.py:3211} INFO - Sync 1 DAGs
[2024-09-09T10:13:25.120+0000] {logging_mixin.py:190} INFO - [2024-09-09T10:13:25.120+0000] {dag.py:4138} INFO - Setting next_dagrun for example_bash_decorator to None, run_after=None
[2024-09-09T10:13:25.134+0000] {processor.py:208} INFO - Processing /home/airflow/.local/lib/python3.12/site-packages/airflow/example_dags/example_bash_decorator.py took 0.059 seconds
[2024-09-09T10:13:55.900+0000] {processor.py:186} INFO - Started process (PID=248) to work on /home/airflow/.local/lib/python3.12/site-packages/airflow/example_dags/example_bash_decorator.py
[2024-09-09T10:13:55.901+0000] {processor.py:914} INFO - Processing file /home/airflow/.local/lib/python3.12/site-packages/airflow/example_dags/example_bash_decorator.py for tasks to queue
[2024-09-09T10:13:55.907+0000] {logging_mixin.py:190} INFO - [2024-09-09T10:13:55.907+0000] {dagbag.py:587} INFO - Filling up the DagBag from /home/airflow/.local/lib/python3.12/site-packages/airflow/example_dags/example_bash_decorator.py
[2024-09-09T10:13:55.920+0000] {processor.py:925} INFO - DAG(s) 'example_bash_decorator' retrieved from /home/airflow/.local/lib/python3.12/site-packages/airflow/example_dags/example_bash_decorator.py
[2024-09-09T10:13:55.939+0000] {logging_mixin.py:190} INFO - [2024-09-09T10:13:55.938+0000] {dag.py:3211} INFO - Sync 1 DAGs
[2024-09-09T10:13:55.950+0000] {logging_mixin.py:190} INFO - [2024-09-09T10:13:55.950+0000] {dag.py:4138} INFO - Setting next_dagrun for example_bash_decorator to None, run_after=None
[2024-09-09T10:13:55.965+0000] {processor.py:208} INFO - Processing /home/airflow/.local/lib/python3.12/site-packages/airflow/example_dags/example_bash_decorator.py took 0.069 seconds
[2024-09-09T10:14:26.727+0000] {processor.py:186} INFO - Started process (PID=310) to work on /home/airflow/.local/lib/python3.12/site-packages/airflow/example_dags/example_bash_decorator.py
[2024-09-09T10:14:26.727+0000] {processor.py:914} INFO - Processing file /home/airflow/.local/lib/python3.12/site-packages/airflow/example_dags/example_bash_decorator.py for tasks to queue
[2024-09-09T10:14:26.728+0000] {logging_mixin.py:190} INFO - [2024-09-09T10:14:26.728+0000] {dagbag.py:587} INFO - Filling up the DagBag from /home/airflow/.local/lib/python3.12/site-packages/airflow/example_dags/example_bash_decorator.py
[2024-09-09T10:14:26.740+0000] {processor.py:925} INFO - DAG(s) 'example_bash_decorator' retrieved from /home/airflow/.local/lib/python3.12/site-packages/airflow/example_dags/example_bash_decorator.py
[2024-09-09T10:14:26.756+0000] {logging_mixin.py:190} INFO - [2024-09-09T10:14:26.756+0000] {dag.py:3211} INFO - Sync 1 DAGs
[2024-09-09T10:14:26.766+0000] {logging_mixin.py:190} INFO - [2024-09-09T10:14:26.766+0000] {dag.py:4138} INFO - Setting next_dagrun for example_bash_decorator to None, run_after=None
[2024-09-09T10:14:26.779+0000] {processor.py:208} INFO - Processing /home/airflow/.local/lib/python3.12/site-packages/airflow/example_dags/example_bash_decorator.py took 0.056 seconds
