[2024-09-09T10:12:24.924+0000] {processor.py:186} INFO - Started process (PID=77) to work on /home/airflow/.local/lib/python3.12/site-packages/airflow/example_dags/example_outlet_event_extra.py
[2024-09-09T10:12:24.925+0000] {processor.py:914} INFO - Processing file /home/airflow/.local/lib/python3.12/site-packages/airflow/example_dags/example_outlet_event_extra.py for tasks to queue
[2024-09-09T10:12:24.927+0000] {logging_mixin.py:190} INFO - [2024-09-09T10:12:24.926+0000] {dagbag.py:587} INFO - Filling up the DagBag from /home/airflow/.local/lib/python3.12/site-packages/airflow/example_dags/example_outlet_event_extra.py
[2024-09-09T10:12:25.053+0000] {processor.py:925} INFO - DAG(s) 'dataset_with_extra_by_yield', 'dataset_with_extra_by_context', 'dataset_with_extra_from_classic_operator' retrieved from /home/airflow/.local/lib/python3.12/site-packages/airflow/example_dags/example_outlet_event_extra.py
[2024-09-09T10:12:25.071+0000] {logging_mixin.py:190} INFO - [2024-09-09T10:12:25.071+0000] {dag.py:3211} INFO - Sync 3 DAGs
[2024-09-09T10:12:25.090+0000] {logging_mixin.py:190} INFO - [2024-09-09T10:12:25.089+0000] {dag.py:4138} INFO - Setting next_dagrun for dataset_with_extra_by_context to 2024-09-08 00:00:00+00:00, run_after=2024-09-09 00:00:00+00:00
[2024-09-09T10:12:25.093+0000] {logging_mixin.py:190} INFO - [2024-09-09T10:12:25.093+0000] {dag.py:4138} INFO - Setting next_dagrun for dataset_with_extra_by_yield to 2024-09-08 00:00:00+00:00, run_after=2024-09-09 00:00:00+00:00
[2024-09-09T10:12:25.096+0000] {logging_mixin.py:190} INFO - [2024-09-09T10:12:25.095+0000] {dag.py:4138} INFO - Setting next_dagrun for dataset_with_extra_from_classic_operator to 2024-09-08 00:00:00+00:00, run_after=2024-09-09 00:00:00+00:00
[2024-09-09T10:12:25.113+0000] {processor.py:208} INFO - Processing /home/airflow/.local/lib/python3.12/site-packages/airflow/example_dags/example_outlet_event_extra.py took 0.192 seconds
[2024-09-09T10:12:56.031+0000] {processor.py:186} INFO - Started process (PID=139) to work on /home/airflow/.local/lib/python3.12/site-packages/airflow/example_dags/example_outlet_event_extra.py
[2024-09-09T10:12:56.032+0000] {processor.py:914} INFO - Processing file /home/airflow/.local/lib/python3.12/site-packages/airflow/example_dags/example_outlet_event_extra.py for tasks to queue
[2024-09-09T10:12:56.033+0000] {logging_mixin.py:190} INFO - [2024-09-09T10:12:56.033+0000] {dagbag.py:587} INFO - Filling up the DagBag from /home/airflow/.local/lib/python3.12/site-packages/airflow/example_dags/example_outlet_event_extra.py
[2024-09-09T10:12:56.141+0000] {processor.py:925} INFO - DAG(s) 'dataset_with_extra_by_yield', 'dataset_with_extra_from_classic_operator', 'dataset_with_extra_by_context' retrieved from /home/airflow/.local/lib/python3.12/site-packages/airflow/example_dags/example_outlet_event_extra.py
[2024-09-09T10:12:56.160+0000] {logging_mixin.py:190} INFO - [2024-09-09T10:12:56.159+0000] {dag.py:3211} INFO - Sync 3 DAGs
[2024-09-09T10:12:56.179+0000] {logging_mixin.py:190} INFO - [2024-09-09T10:12:56.179+0000] {dag.py:4138} INFO - Setting next_dagrun for dataset_with_extra_by_context to 2024-09-08 00:00:00+00:00, run_after=2024-09-09 00:00:00+00:00
[2024-09-09T10:12:56.183+0000] {logging_mixin.py:190} INFO - [2024-09-09T10:12:56.183+0000] {dag.py:4138} INFO - Setting next_dagrun for dataset_with_extra_by_yield to 2024-09-08 00:00:00+00:00, run_after=2024-09-09 00:00:00+00:00
[2024-09-09T10:12:56.185+0000] {logging_mixin.py:190} INFO - [2024-09-09T10:12:56.185+0000] {dag.py:4138} INFO - Setting next_dagrun for dataset_with_extra_from_classic_operator to 2024-09-08 00:00:00+00:00, run_after=2024-09-09 00:00:00+00:00
[2024-09-09T10:12:56.200+0000] {processor.py:208} INFO - Processing /home/airflow/.local/lib/python3.12/site-packages/airflow/example_dags/example_outlet_event_extra.py took 0.173 seconds
[2024-09-09T10:13:26.798+0000] {processor.py:186} INFO - Started process (PID=201) to work on /home/airflow/.local/lib/python3.12/site-packages/airflow/example_dags/example_outlet_event_extra.py
[2024-09-09T10:13:26.799+0000] {processor.py:914} INFO - Processing file /home/airflow/.local/lib/python3.12/site-packages/airflow/example_dags/example_outlet_event_extra.py for tasks to queue
[2024-09-09T10:13:26.800+0000] {logging_mixin.py:190} INFO - [2024-09-09T10:13:26.800+0000] {dagbag.py:587} INFO - Filling up the DagBag from /home/airflow/.local/lib/python3.12/site-packages/airflow/example_dags/example_outlet_event_extra.py
[2024-09-09T10:13:26.901+0000] {processor.py:925} INFO - DAG(s) 'dataset_with_extra_from_classic_operator', 'dataset_with_extra_by_context', 'dataset_with_extra_by_yield' retrieved from /home/airflow/.local/lib/python3.12/site-packages/airflow/example_dags/example_outlet_event_extra.py
[2024-09-09T10:13:26.921+0000] {logging_mixin.py:190} INFO - [2024-09-09T10:13:26.920+0000] {dag.py:3211} INFO - Sync 3 DAGs
[2024-09-09T10:13:26.945+0000] {logging_mixin.py:190} INFO - [2024-09-09T10:13:26.945+0000] {dag.py:4138} INFO - Setting next_dagrun for dataset_with_extra_by_context to 2024-09-08 00:00:00+00:00, run_after=2024-09-09 00:00:00+00:00
[2024-09-09T10:13:26.950+0000] {logging_mixin.py:190} INFO - [2024-09-09T10:13:26.949+0000] {dag.py:4138} INFO - Setting next_dagrun for dataset_with_extra_by_yield to 2024-09-08 00:00:00+00:00, run_after=2024-09-09 00:00:00+00:00
[2024-09-09T10:13:26.952+0000] {logging_mixin.py:190} INFO - [2024-09-09T10:13:26.952+0000] {dag.py:4138} INFO - Setting next_dagrun for dataset_with_extra_from_classic_operator to 2024-09-08 00:00:00+00:00, run_after=2024-09-09 00:00:00+00:00
[2024-09-09T10:13:26.973+0000] {processor.py:208} INFO - Processing /home/airflow/.local/lib/python3.12/site-packages/airflow/example_dags/example_outlet_event_extra.py took 0.179 seconds
[2024-09-09T10:13:57.618+0000] {processor.py:186} INFO - Started process (PID=263) to work on /home/airflow/.local/lib/python3.12/site-packages/airflow/example_dags/example_outlet_event_extra.py
[2024-09-09T10:13:57.619+0000] {processor.py:914} INFO - Processing file /home/airflow/.local/lib/python3.12/site-packages/airflow/example_dags/example_outlet_event_extra.py for tasks to queue
[2024-09-09T10:13:57.620+0000] {logging_mixin.py:190} INFO - [2024-09-09T10:13:57.620+0000] {dagbag.py:587} INFO - Filling up the DagBag from /home/airflow/.local/lib/python3.12/site-packages/airflow/example_dags/example_outlet_event_extra.py
[2024-09-09T10:13:57.731+0000] {processor.py:925} INFO - DAG(s) 'dataset_with_extra_from_classic_operator', 'dataset_with_extra_by_context', 'dataset_with_extra_by_yield' retrieved from /home/airflow/.local/lib/python3.12/site-packages/airflow/example_dags/example_outlet_event_extra.py
[2024-09-09T10:13:57.748+0000] {logging_mixin.py:190} INFO - [2024-09-09T10:13:57.748+0000] {dag.py:3211} INFO - Sync 3 DAGs
[2024-09-09T10:13:57.767+0000] {logging_mixin.py:190} INFO - [2024-09-09T10:13:57.767+0000] {dag.py:4138} INFO - Setting next_dagrun for dataset_with_extra_by_context to 2024-09-08 00:00:00+00:00, run_after=2024-09-09 00:00:00+00:00
[2024-09-09T10:13:57.771+0000] {logging_mixin.py:190} INFO - [2024-09-09T10:13:57.771+0000] {dag.py:4138} INFO - Setting next_dagrun for dataset_with_extra_by_yield to 2024-09-08 00:00:00+00:00, run_after=2024-09-09 00:00:00+00:00
[2024-09-09T10:13:57.773+0000] {logging_mixin.py:190} INFO - [2024-09-09T10:13:57.773+0000] {dag.py:4138} INFO - Setting next_dagrun for dataset_with_extra_from_classic_operator to 2024-09-08 00:00:00+00:00, run_after=2024-09-09 00:00:00+00:00
[2024-09-09T10:13:57.788+0000] {processor.py:208} INFO - Processing /home/airflow/.local/lib/python3.12/site-packages/airflow/example_dags/example_outlet_event_extra.py took 0.174 seconds
[2024-09-09T10:14:28.450+0000] {processor.py:186} INFO - Started process (PID=325) to work on /home/airflow/.local/lib/python3.12/site-packages/airflow/example_dags/example_outlet_event_extra.py
[2024-09-09T10:14:28.451+0000] {processor.py:914} INFO - Processing file /home/airflow/.local/lib/python3.12/site-packages/airflow/example_dags/example_outlet_event_extra.py for tasks to queue
[2024-09-09T10:14:28.455+0000] {logging_mixin.py:190} INFO - [2024-09-09T10:14:28.455+0000] {dagbag.py:587} INFO - Filling up the DagBag from /home/airflow/.local/lib/python3.12/site-packages/airflow/example_dags/example_outlet_event_extra.py
[2024-09-09T10:14:28.558+0000] {processor.py:925} INFO - DAG(s) 'dataset_with_extra_by_context', 'dataset_with_extra_from_classic_operator', 'dataset_with_extra_by_yield' retrieved from /home/airflow/.local/lib/python3.12/site-packages/airflow/example_dags/example_outlet_event_extra.py
[2024-09-09T10:14:28.576+0000] {logging_mixin.py:190} INFO - [2024-09-09T10:14:28.576+0000] {dag.py:3211} INFO - Sync 3 DAGs
[2024-09-09T10:14:28.595+0000] {logging_mixin.py:190} INFO - [2024-09-09T10:14:28.594+0000] {dag.py:4138} INFO - Setting next_dagrun for dataset_with_extra_by_context to 2024-09-08 00:00:00+00:00, run_after=2024-09-09 00:00:00+00:00
[2024-09-09T10:14:28.598+0000] {logging_mixin.py:190} INFO - [2024-09-09T10:14:28.598+0000] {dag.py:4138} INFO - Setting next_dagrun for dataset_with_extra_by_yield to 2024-09-08 00:00:00+00:00, run_after=2024-09-09 00:00:00+00:00
[2024-09-09T10:14:28.600+0000] {logging_mixin.py:190} INFO - [2024-09-09T10:14:28.600+0000] {dag.py:4138} INFO - Setting next_dagrun for dataset_with_extra_from_classic_operator to 2024-09-08 00:00:00+00:00, run_after=2024-09-09 00:00:00+00:00
[2024-09-09T10:14:28.615+0000] {processor.py:208} INFO - Processing /home/airflow/.local/lib/python3.12/site-packages/airflow/example_dags/example_outlet_event_extra.py took 0.170 seconds
