[2024-09-09T10:12:23.556+0000] {processor.py:186} INFO - Started process (PID=49) to work on /home/airflow/.local/lib/python3.12/site-packages/airflow/example_dags/example_nested_branch_dag.py
[2024-09-09T10:12:23.557+0000] {processor.py:914} INFO - Processing file /home/airflow/.local/lib/python3.12/site-packages/airflow/example_dags/example_nested_branch_dag.py for tasks to queue
[2024-09-09T10:12:23.558+0000] {logging_mixin.py:190} INFO - [2024-09-09T10:12:23.558+0000] {dagbag.py:587} INFO - Filling up the DagBag from /home/airflow/.local/lib/python3.12/site-packages/airflow/example_dags/example_nested_branch_dag.py
[2024-09-09T10:12:23.569+0000] {processor.py:925} INFO - DAG(s) 'example_nested_branch_dag' retrieved from /home/airflow/.local/lib/python3.12/site-packages/airflow/example_dags/example_nested_branch_dag.py
[2024-09-09T10:12:23.592+0000] {logging_mixin.py:190} INFO - [2024-09-09T10:12:23.592+0000] {dag.py:3211} INFO - Sync 1 DAGs
[2024-09-09T10:12:23.610+0000] {logging_mixin.py:190} INFO - [2024-09-09T10:12:23.610+0000] {dag.py:4138} INFO - Setting next_dagrun for example_nested_branch_dag to 2024-09-08 00:00:00+00:00, run_after=2024-09-09 00:00:00+00:00
[2024-09-09T10:12:23.625+0000] {processor.py:208} INFO - Processing /home/airflow/.local/lib/python3.12/site-packages/airflow/example_dags/example_nested_branch_dag.py took 0.073 seconds
[2024-09-09T10:12:53.834+0000] {processor.py:186} INFO - Started process (PID=111) to work on /home/airflow/.local/lib/python3.12/site-packages/airflow/example_dags/example_nested_branch_dag.py
[2024-09-09T10:12:53.835+0000] {processor.py:914} INFO - Processing file /home/airflow/.local/lib/python3.12/site-packages/airflow/example_dags/example_nested_branch_dag.py for tasks to queue
[2024-09-09T10:12:53.837+0000] {logging_mixin.py:190} INFO - [2024-09-09T10:12:53.836+0000] {dagbag.py:587} INFO - Filling up the DagBag from /home/airflow/.local/lib/python3.12/site-packages/airflow/example_dags/example_nested_branch_dag.py
[2024-09-09T10:12:53.844+0000] {processor.py:925} INFO - DAG(s) 'example_nested_branch_dag' retrieved from /home/airflow/.local/lib/python3.12/site-packages/airflow/example_dags/example_nested_branch_dag.py
[2024-09-09T10:12:53.859+0000] {logging_mixin.py:190} INFO - [2024-09-09T10:12:53.859+0000] {dag.py:3211} INFO - Sync 1 DAGs
[2024-09-09T10:12:53.876+0000] {logging_mixin.py:190} INFO - [2024-09-09T10:12:53.876+0000] {dag.py:4138} INFO - Setting next_dagrun for example_nested_branch_dag to 2024-09-08 00:00:00+00:00, run_after=2024-09-09 00:00:00+00:00
[2024-09-09T10:12:53.888+0000] {processor.py:208} INFO - Processing /home/airflow/.local/lib/python3.12/site-packages/airflow/example_dags/example_nested_branch_dag.py took 0.057 seconds
[2024-09-09T10:13:24.807+0000] {processor.py:186} INFO - Started process (PID=173) to work on /home/airflow/.local/lib/python3.12/site-packages/airflow/example_dags/example_nested_branch_dag.py
[2024-09-09T10:13:24.807+0000] {processor.py:914} INFO - Processing file /home/airflow/.local/lib/python3.12/site-packages/airflow/example_dags/example_nested_branch_dag.py for tasks to queue
[2024-09-09T10:13:24.809+0000] {logging_mixin.py:190} INFO - [2024-09-09T10:13:24.808+0000] {dagbag.py:587} INFO - Filling up the DagBag from /home/airflow/.local/lib/python3.12/site-packages/airflow/example_dags/example_nested_branch_dag.py
[2024-09-09T10:13:24.816+0000] {processor.py:925} INFO - DAG(s) 'example_nested_branch_dag' retrieved from /home/airflow/.local/lib/python3.12/site-packages/airflow/example_dags/example_nested_branch_dag.py
[2024-09-09T10:13:24.831+0000] {logging_mixin.py:190} INFO - [2024-09-09T10:13:24.830+0000] {dag.py:3211} INFO - Sync 1 DAGs
[2024-09-09T10:13:24.850+0000] {logging_mixin.py:190} INFO - [2024-09-09T10:13:24.850+0000] {dag.py:4138} INFO - Setting next_dagrun for example_nested_branch_dag to 2024-09-08 00:00:00+00:00, run_after=2024-09-09 00:00:00+00:00
[2024-09-09T10:13:24.863+0000] {processor.py:208} INFO - Processing /home/airflow/.local/lib/python3.12/site-packages/airflow/example_dags/example_nested_branch_dag.py took 0.060 seconds
[2024-09-09T10:13:55.632+0000] {processor.py:186} INFO - Started process (PID=241) to work on /home/airflow/.local/lib/python3.12/site-packages/airflow/example_dags/example_nested_branch_dag.py
[2024-09-09T10:13:55.633+0000] {processor.py:914} INFO - Processing file /home/airflow/.local/lib/python3.12/site-packages/airflow/example_dags/example_nested_branch_dag.py for tasks to queue
[2024-09-09T10:13:55.634+0000] {logging_mixin.py:190} INFO - [2024-09-09T10:13:55.634+0000] {dagbag.py:587} INFO - Filling up the DagBag from /home/airflow/.local/lib/python3.12/site-packages/airflow/example_dags/example_nested_branch_dag.py
[2024-09-09T10:13:55.642+0000] {processor.py:925} INFO - DAG(s) 'example_nested_branch_dag' retrieved from /home/airflow/.local/lib/python3.12/site-packages/airflow/example_dags/example_nested_branch_dag.py
[2024-09-09T10:13:55.656+0000] {logging_mixin.py:190} INFO - [2024-09-09T10:13:55.655+0000] {dag.py:3211} INFO - Sync 1 DAGs
[2024-09-09T10:13:55.675+0000] {logging_mixin.py:190} INFO - [2024-09-09T10:13:55.675+0000] {dag.py:4138} INFO - Setting next_dagrun for example_nested_branch_dag to 2024-09-08 00:00:00+00:00, run_after=2024-09-09 00:00:00+00:00
[2024-09-09T10:13:55.689+0000] {processor.py:208} INFO - Processing /home/airflow/.local/lib/python3.12/site-packages/airflow/example_dags/example_nested_branch_dag.py took 0.060 seconds
[2024-09-09T10:14:26.467+0000] {processor.py:186} INFO - Started process (PID=303) to work on /home/airflow/.local/lib/python3.12/site-packages/airflow/example_dags/example_nested_branch_dag.py
[2024-09-09T10:14:26.468+0000] {processor.py:914} INFO - Processing file /home/airflow/.local/lib/python3.12/site-packages/airflow/example_dags/example_nested_branch_dag.py for tasks to queue
[2024-09-09T10:14:26.469+0000] {logging_mixin.py:190} INFO - [2024-09-09T10:14:26.469+0000] {dagbag.py:587} INFO - Filling up the DagBag from /home/airflow/.local/lib/python3.12/site-packages/airflow/example_dags/example_nested_branch_dag.py
[2024-09-09T10:14:26.477+0000] {processor.py:925} INFO - DAG(s) 'example_nested_branch_dag' retrieved from /home/airflow/.local/lib/python3.12/site-packages/airflow/example_dags/example_nested_branch_dag.py
[2024-09-09T10:14:26.493+0000] {logging_mixin.py:190} INFO - [2024-09-09T10:14:26.492+0000] {dag.py:3211} INFO - Sync 1 DAGs
[2024-09-09T10:14:26.511+0000] {logging_mixin.py:190} INFO - [2024-09-09T10:14:26.511+0000] {dag.py:4138} INFO - Setting next_dagrun for example_nested_branch_dag to 2024-09-08 00:00:00+00:00, run_after=2024-09-09 00:00:00+00:00
[2024-09-09T10:14:26.524+0000] {processor.py:208} INFO - Processing /home/airflow/.local/lib/python3.12/site-packages/airflow/example_dags/example_nested_branch_dag.py took 0.061 seconds
