[2024-09-09T10:12:26.093+0000] {processor.py:186} INFO - Started process (PID=95) to work on /home/airflow/.local/lib/python3.12/site-packages/airflow/example_dags/example_skip_dag.py
[2024-09-09T10:12:26.093+0000] {processor.py:914} INFO - Processing file /home/airflow/.local/lib/python3.12/site-packages/airflow/example_dags/example_skip_dag.py for tasks to queue
[2024-09-09T10:12:26.095+0000] {logging_mixin.py:190} INFO - [2024-09-09T10:12:26.095+0000] {dagbag.py:587} INFO - Filling up the DagBag from /home/airflow/.local/lib/python3.12/site-packages/airflow/example_dags/example_skip_dag.py
[2024-09-09T10:12:26.101+0000] {processor.py:925} INFO - DAG(s) 'example_skip_dag' retrieved from /home/airflow/.local/lib/python3.12/site-packages/airflow/example_dags/example_skip_dag.py
[2024-09-09T10:12:26.116+0000] {logging_mixin.py:190} INFO - [2024-09-09T10:12:26.116+0000] {dag.py:3211} INFO - Sync 1 DAGs
[2024-09-09T10:12:26.137+0000] {logging_mixin.py:190} INFO - [2024-09-09T10:12:26.137+0000] {dag.py:4138} INFO - Setting next_dagrun for example_skip_dag to 2024-09-08 00:00:00+00:00, run_after=2024-09-09 00:00:00+00:00
[2024-09-09T10:12:26.152+0000] {processor.py:208} INFO - Processing /home/airflow/.local/lib/python3.12/site-packages/airflow/example_dags/example_skip_dag.py took 0.063 seconds
[2024-09-09T10:12:57.101+0000] {processor.py:186} INFO - Started process (PID=157) to work on /home/airflow/.local/lib/python3.12/site-packages/airflow/example_dags/example_skip_dag.py
[2024-09-09T10:12:57.101+0000] {processor.py:914} INFO - Processing file /home/airflow/.local/lib/python3.12/site-packages/airflow/example_dags/example_skip_dag.py for tasks to queue
[2024-09-09T10:12:57.103+0000] {logging_mixin.py:190} INFO - [2024-09-09T10:12:57.102+0000] {dagbag.py:587} INFO - Filling up the DagBag from /home/airflow/.local/lib/python3.12/site-packages/airflow/example_dags/example_skip_dag.py
[2024-09-09T10:12:57.108+0000] {processor.py:925} INFO - DAG(s) 'example_skip_dag' retrieved from /home/airflow/.local/lib/python3.12/site-packages/airflow/example_dags/example_skip_dag.py
[2024-09-09T10:12:57.124+0000] {logging_mixin.py:190} INFO - [2024-09-09T10:12:57.124+0000] {dag.py:3211} INFO - Sync 1 DAGs
[2024-09-09T10:12:57.142+0000] {logging_mixin.py:190} INFO - [2024-09-09T10:12:57.142+0000] {dag.py:4138} INFO - Setting next_dagrun for example_skip_dag to 2024-09-08 00:00:00+00:00, run_after=2024-09-09 00:00:00+00:00
[2024-09-09T10:12:57.154+0000] {processor.py:208} INFO - Processing /home/airflow/.local/lib/python3.12/site-packages/airflow/example_dags/example_skip_dag.py took 0.057 seconds
[2024-09-09T10:13:27.888+0000] {processor.py:186} INFO - Started process (PID=219) to work on /home/airflow/.local/lib/python3.12/site-packages/airflow/example_dags/example_skip_dag.py
[2024-09-09T10:13:27.888+0000] {processor.py:914} INFO - Processing file /home/airflow/.local/lib/python3.12/site-packages/airflow/example_dags/example_skip_dag.py for tasks to queue
[2024-09-09T10:13:27.890+0000] {logging_mixin.py:190} INFO - [2024-09-09T10:13:27.890+0000] {dagbag.py:587} INFO - Filling up the DagBag from /home/airflow/.local/lib/python3.12/site-packages/airflow/example_dags/example_skip_dag.py
[2024-09-09T10:13:27.895+0000] {processor.py:925} INFO - DAG(s) 'example_skip_dag' retrieved from /home/airflow/.local/lib/python3.12/site-packages/airflow/example_dags/example_skip_dag.py
[2024-09-09T10:13:27.910+0000] {logging_mixin.py:190} INFO - [2024-09-09T10:13:27.910+0000] {dag.py:3211} INFO - Sync 1 DAGs
[2024-09-09T10:13:27.928+0000] {logging_mixin.py:190} INFO - [2024-09-09T10:13:27.928+0000] {dag.py:4138} INFO - Setting next_dagrun for example_skip_dag to 2024-09-08 00:00:00+00:00, run_after=2024-09-09 00:00:00+00:00
[2024-09-09T10:13:27.941+0000] {processor.py:208} INFO - Processing /home/airflow/.local/lib/python3.12/site-packages/airflow/example_dags/example_skip_dag.py took 0.058 seconds
[2024-09-09T10:13:58.670+0000] {processor.py:186} INFO - Started process (PID=281) to work on /home/airflow/.local/lib/python3.12/site-packages/airflow/example_dags/example_skip_dag.py
[2024-09-09T10:13:58.671+0000] {processor.py:914} INFO - Processing file /home/airflow/.local/lib/python3.12/site-packages/airflow/example_dags/example_skip_dag.py for tasks to queue
[2024-09-09T10:13:58.672+0000] {logging_mixin.py:190} INFO - [2024-09-09T10:13:58.672+0000] {dagbag.py:587} INFO - Filling up the DagBag from /home/airflow/.local/lib/python3.12/site-packages/airflow/example_dags/example_skip_dag.py
[2024-09-09T10:13:58.677+0000] {processor.py:925} INFO - DAG(s) 'example_skip_dag' retrieved from /home/airflow/.local/lib/python3.12/site-packages/airflow/example_dags/example_skip_dag.py
[2024-09-09T10:13:58.691+0000] {logging_mixin.py:190} INFO - [2024-09-09T10:13:58.691+0000] {dag.py:3211} INFO - Sync 1 DAGs
[2024-09-09T10:13:58.708+0000] {logging_mixin.py:190} INFO - [2024-09-09T10:13:58.707+0000] {dag.py:4138} INFO - Setting next_dagrun for example_skip_dag to 2024-09-08 00:00:00+00:00, run_after=2024-09-09 00:00:00+00:00
[2024-09-09T10:13:58.720+0000] {processor.py:208} INFO - Processing /home/airflow/.local/lib/python3.12/site-packages/airflow/example_dags/example_skip_dag.py took 0.053 seconds
[2024-09-09T10:14:29.444+0000] {processor.py:186} INFO - Started process (PID=343) to work on /home/airflow/.local/lib/python3.12/site-packages/airflow/example_dags/example_skip_dag.py
[2024-09-09T10:14:29.445+0000] {processor.py:914} INFO - Processing file /home/airflow/.local/lib/python3.12/site-packages/airflow/example_dags/example_skip_dag.py for tasks to queue
[2024-09-09T10:14:29.447+0000] {logging_mixin.py:190} INFO - [2024-09-09T10:14:29.446+0000] {dagbag.py:587} INFO - Filling up the DagBag from /home/airflow/.local/lib/python3.12/site-packages/airflow/example_dags/example_skip_dag.py
[2024-09-09T10:14:29.452+0000] {processor.py:925} INFO - DAG(s) 'example_skip_dag' retrieved from /home/airflow/.local/lib/python3.12/site-packages/airflow/example_dags/example_skip_dag.py
[2024-09-09T10:14:29.467+0000] {logging_mixin.py:190} INFO - [2024-09-09T10:14:29.467+0000] {dag.py:3211} INFO - Sync 1 DAGs
[2024-09-09T10:14:29.484+0000] {logging_mixin.py:190} INFO - [2024-09-09T10:14:29.484+0000] {dag.py:4138} INFO - Setting next_dagrun for example_skip_dag to 2024-09-08 00:00:00+00:00, run_after=2024-09-09 00:00:00+00:00
[2024-09-09T10:14:29.496+0000] {processor.py:208} INFO - Processing /home/airflow/.local/lib/python3.12/site-packages/airflow/example_dags/example_skip_dag.py took 0.055 seconds
