[2024-09-09T10:12:24.200+0000] {processor.py:186} INFO - Started process (PID=59) to work on /home/airflow/.local/lib/python3.12/site-packages/airflow/example_dags/tutorial_objectstorage.py
[2024-09-09T10:12:24.200+0000] {processor.py:914} INFO - Processing file /home/airflow/.local/lib/python3.12/site-packages/airflow/example_dags/tutorial_objectstorage.py for tasks to queue
[2024-09-09T10:12:24.202+0000] {logging_mixin.py:190} INFO - [2024-09-09T10:12:24.201+0000] {dagbag.py:587} INFO - Filling up the DagBag from /home/airflow/.local/lib/python3.12/site-packages/airflow/example_dags/tutorial_objectstorage.py
[2024-09-09T10:12:24.210+0000] {processor.py:925} INFO - DAG(s) 'tutorial_objectstorage' retrieved from /home/airflow/.local/lib/python3.12/site-packages/airflow/example_dags/tutorial_objectstorage.py
[2024-09-09T10:12:24.225+0000] {logging_mixin.py:190} INFO - [2024-09-09T10:12:24.225+0000] {dag.py:3211} INFO - Sync 1 DAGs
[2024-09-09T10:12:24.236+0000] {logging_mixin.py:190} INFO - [2024-09-09T10:12:24.235+0000] {dag.py:4138} INFO - Setting next_dagrun for tutorial_objectstorage to None, run_after=None
[2024-09-09T10:12:24.250+0000] {processor.py:208} INFO - Processing /home/airflow/.local/lib/python3.12/site-packages/airflow/example_dags/tutorial_objectstorage.py took 0.054 seconds
[2024-09-09T10:12:54.369+0000] {processor.py:186} INFO - Started process (PID=121) to work on /home/airflow/.local/lib/python3.12/site-packages/airflow/example_dags/tutorial_objectstorage.py
[2024-09-09T10:12:54.370+0000] {processor.py:914} INFO - Processing file /home/airflow/.local/lib/python3.12/site-packages/airflow/example_dags/tutorial_objectstorage.py for tasks to queue
[2024-09-09T10:12:54.371+0000] {logging_mixin.py:190} INFO - [2024-09-09T10:12:54.371+0000] {dagbag.py:587} INFO - Filling up the DagBag from /home/airflow/.local/lib/python3.12/site-packages/airflow/example_dags/tutorial_objectstorage.py
[2024-09-09T10:12:54.376+0000] {processor.py:925} INFO - DAG(s) 'tutorial_objectstorage' retrieved from /home/airflow/.local/lib/python3.12/site-packages/airflow/example_dags/tutorial_objectstorage.py
[2024-09-09T10:12:54.388+0000] {logging_mixin.py:190} INFO - [2024-09-09T10:12:54.388+0000] {dag.py:3211} INFO - Sync 1 DAGs
[2024-09-09T10:12:54.398+0000] {logging_mixin.py:190} INFO - [2024-09-09T10:12:54.398+0000] {dag.py:4138} INFO - Setting next_dagrun for tutorial_objectstorage to None, run_after=None
[2024-09-09T10:12:54.411+0000] {processor.py:208} INFO - Processing /home/airflow/.local/lib/python3.12/site-packages/airflow/example_dags/tutorial_objectstorage.py took 0.045 seconds
[2024-09-09T10:13:25.262+0000] {processor.py:186} INFO - Started process (PID=189) to work on /home/airflow/.local/lib/python3.12/site-packages/airflow/example_dags/tutorial_objectstorage.py
[2024-09-09T10:13:25.263+0000] {processor.py:914} INFO - Processing file /home/airflow/.local/lib/python3.12/site-packages/airflow/example_dags/tutorial_objectstorage.py for tasks to queue
[2024-09-09T10:13:25.264+0000] {logging_mixin.py:190} INFO - [2024-09-09T10:13:25.264+0000] {dagbag.py:587} INFO - Filling up the DagBag from /home/airflow/.local/lib/python3.12/site-packages/airflow/example_dags/tutorial_objectstorage.py
[2024-09-09T10:13:25.270+0000] {processor.py:925} INFO - DAG(s) 'tutorial_objectstorage' retrieved from /home/airflow/.local/lib/python3.12/site-packages/airflow/example_dags/tutorial_objectstorage.py
[2024-09-09T10:13:25.283+0000] {logging_mixin.py:190} INFO - [2024-09-09T10:13:25.283+0000] {dag.py:3211} INFO - Sync 1 DAGs
[2024-09-09T10:13:25.293+0000] {logging_mixin.py:190} INFO - [2024-09-09T10:13:25.293+0000] {dag.py:4138} INFO - Setting next_dagrun for tutorial_objectstorage to None, run_after=None
[2024-09-09T10:13:25.307+0000] {processor.py:208} INFO - Processing /home/airflow/.local/lib/python3.12/site-packages/airflow/example_dags/tutorial_objectstorage.py took 0.049 seconds
[2024-09-09T10:13:56.093+0000] {processor.py:186} INFO - Started process (PID=251) to work on /home/airflow/.local/lib/python3.12/site-packages/airflow/example_dags/tutorial_objectstorage.py
[2024-09-09T10:13:56.093+0000] {processor.py:914} INFO - Processing file /home/airflow/.local/lib/python3.12/site-packages/airflow/example_dags/tutorial_objectstorage.py for tasks to queue
[2024-09-09T10:13:56.095+0000] {logging_mixin.py:190} INFO - [2024-09-09T10:13:56.095+0000] {dagbag.py:587} INFO - Filling up the DagBag from /home/airflow/.local/lib/python3.12/site-packages/airflow/example_dags/tutorial_objectstorage.py
[2024-09-09T10:13:56.100+0000] {processor.py:925} INFO - DAG(s) 'tutorial_objectstorage' retrieved from /home/airflow/.local/lib/python3.12/site-packages/airflow/example_dags/tutorial_objectstorage.py
[2024-09-09T10:13:56.112+0000] {logging_mixin.py:190} INFO - [2024-09-09T10:13:56.112+0000] {dag.py:3211} INFO - Sync 1 DAGs
[2024-09-09T10:13:56.122+0000] {logging_mixin.py:190} INFO - [2024-09-09T10:13:56.122+0000] {dag.py:4138} INFO - Setting next_dagrun for tutorial_objectstorage to None, run_after=None
[2024-09-09T10:13:56.135+0000] {processor.py:208} INFO - Processing /home/airflow/.local/lib/python3.12/site-packages/airflow/example_dags/tutorial_objectstorage.py took 0.046 seconds
[2024-09-09T10:14:26.914+0000] {processor.py:186} INFO - Started process (PID=313) to work on /home/airflow/.local/lib/python3.12/site-packages/airflow/example_dags/tutorial_objectstorage.py
[2024-09-09T10:14:26.915+0000] {processor.py:914} INFO - Processing file /home/airflow/.local/lib/python3.12/site-packages/airflow/example_dags/tutorial_objectstorage.py for tasks to queue
[2024-09-09T10:14:26.916+0000] {logging_mixin.py:190} INFO - [2024-09-09T10:14:26.916+0000] {dagbag.py:587} INFO - Filling up the DagBag from /home/airflow/.local/lib/python3.12/site-packages/airflow/example_dags/tutorial_objectstorage.py
[2024-09-09T10:14:26.922+0000] {processor.py:925} INFO - DAG(s) 'tutorial_objectstorage' retrieved from /home/airflow/.local/lib/python3.12/site-packages/airflow/example_dags/tutorial_objectstorage.py
[2024-09-09T10:14:26.936+0000] {logging_mixin.py:190} INFO - [2024-09-09T10:14:26.936+0000] {dag.py:3211} INFO - Sync 1 DAGs
[2024-09-09T10:14:26.947+0000] {logging_mixin.py:190} INFO - [2024-09-09T10:14:26.946+0000] {dag.py:4138} INFO - Setting next_dagrun for tutorial_objectstorage to None, run_after=None
[2024-09-09T10:14:26.961+0000] {processor.py:208} INFO - Processing /home/airflow/.local/lib/python3.12/site-packages/airflow/example_dags/tutorial_objectstorage.py took 0.050 seconds
