[2024-09-09T10:12:23.849+0000] {processor.py:186} INFO - Started process (PID=54) to work on /home/airflow/.local/lib/python3.12/site-packages/airflow/example_dags/tutorial.py
[2024-09-09T10:12:23.850+0000] {processor.py:914} INFO - Processing file /home/airflow/.local/lib/python3.12/site-packages/airflow/example_dags/tutorial.py for tasks to queue
[2024-09-09T10:12:23.851+0000] {logging_mixin.py:190} INFO - [2024-09-09T10:12:23.851+0000] {dagbag.py:587} INFO - Filling up the DagBag from /home/airflow/.local/lib/python3.12/site-packages/airflow/example_dags/tutorial.py
[2024-09-09T10:12:23.857+0000] {processor.py:925} INFO - DAG(s) 'tutorial' retrieved from /home/airflow/.local/lib/python3.12/site-packages/airflow/example_dags/tutorial.py
[2024-09-09T10:12:23.876+0000] {logging_mixin.py:190} INFO - [2024-09-09T10:12:23.876+0000] {dag.py:3211} INFO - Sync 1 DAGs
[2024-09-09T10:12:23.893+0000] {logging_mixin.py:190} INFO - [2024-09-09T10:12:23.893+0000] {dag.py:4138} INFO - Setting next_dagrun for tutorial to 2024-09-08 00:00:00+00:00, run_after=2024-09-09 00:00:00+00:00
[2024-09-09T10:12:23.907+0000] {processor.py:208} INFO - Processing /home/airflow/.local/lib/python3.12/site-packages/airflow/example_dags/tutorial.py took 0.062 seconds
[2024-09-09T10:12:54.062+0000] {processor.py:186} INFO - Started process (PID=116) to work on /home/airflow/.local/lib/python3.12/site-packages/airflow/example_dags/tutorial.py
[2024-09-09T10:12:54.063+0000] {processor.py:914} INFO - Processing file /home/airflow/.local/lib/python3.12/site-packages/airflow/example_dags/tutorial.py for tasks to queue
[2024-09-09T10:12:54.065+0000] {logging_mixin.py:190} INFO - [2024-09-09T10:12:54.065+0000] {dagbag.py:587} INFO - Filling up the DagBag from /home/airflow/.local/lib/python3.12/site-packages/airflow/example_dags/tutorial.py
[2024-09-09T10:12:54.070+0000] {processor.py:925} INFO - DAG(s) 'tutorial' retrieved from /home/airflow/.local/lib/python3.12/site-packages/airflow/example_dags/tutorial.py
[2024-09-09T10:12:54.083+0000] {logging_mixin.py:190} INFO - [2024-09-09T10:12:54.083+0000] {dag.py:3211} INFO - Sync 1 DAGs
[2024-09-09T10:12:54.099+0000] {logging_mixin.py:190} INFO - [2024-09-09T10:12:54.099+0000] {dag.py:4138} INFO - Setting next_dagrun for tutorial to 2024-09-08 00:00:00+00:00, run_after=2024-09-09 00:00:00+00:00
[2024-09-09T10:12:54.111+0000] {processor.py:208} INFO - Processing /home/airflow/.local/lib/python3.12/site-packages/airflow/example_dags/tutorial.py took 0.053 seconds
[2024-09-09T10:13:25.001+0000] {processor.py:186} INFO - Started process (PID=184) to work on /home/airflow/.local/lib/python3.12/site-packages/airflow/example_dags/tutorial.py
[2024-09-09T10:13:25.001+0000] {processor.py:914} INFO - Processing file /home/airflow/.local/lib/python3.12/site-packages/airflow/example_dags/tutorial.py for tasks to queue
[2024-09-09T10:13:25.003+0000] {logging_mixin.py:190} INFO - [2024-09-09T10:13:25.003+0000] {dagbag.py:587} INFO - Filling up the DagBag from /home/airflow/.local/lib/python3.12/site-packages/airflow/example_dags/tutorial.py
[2024-09-09T10:13:25.008+0000] {processor.py:925} INFO - DAG(s) 'tutorial' retrieved from /home/airflow/.local/lib/python3.12/site-packages/airflow/example_dags/tutorial.py
[2024-09-09T10:13:25.022+0000] {logging_mixin.py:190} INFO - [2024-09-09T10:13:25.022+0000] {dag.py:3211} INFO - Sync 1 DAGs
[2024-09-09T10:13:25.041+0000] {logging_mixin.py:190} INFO - [2024-09-09T10:13:25.041+0000] {dag.py:4138} INFO - Setting next_dagrun for tutorial to 2024-09-08 00:00:00+00:00, run_after=2024-09-09 00:00:00+00:00
[2024-09-09T10:13:25.055+0000] {processor.py:208} INFO - Processing /home/airflow/.local/lib/python3.12/site-packages/airflow/example_dags/tutorial.py took 0.058 seconds
[2024-09-09T10:13:55.819+0000] {processor.py:186} INFO - Started process (PID=246) to work on /home/airflow/.local/lib/python3.12/site-packages/airflow/example_dags/tutorial.py
[2024-09-09T10:13:55.820+0000] {processor.py:914} INFO - Processing file /home/airflow/.local/lib/python3.12/site-packages/airflow/example_dags/tutorial.py for tasks to queue
[2024-09-09T10:13:55.821+0000] {logging_mixin.py:190} INFO - [2024-09-09T10:13:55.821+0000] {dagbag.py:587} INFO - Filling up the DagBag from /home/airflow/.local/lib/python3.12/site-packages/airflow/example_dags/tutorial.py
[2024-09-09T10:13:55.826+0000] {processor.py:925} INFO - DAG(s) 'tutorial' retrieved from /home/airflow/.local/lib/python3.12/site-packages/airflow/example_dags/tutorial.py
[2024-09-09T10:13:55.841+0000] {logging_mixin.py:190} INFO - [2024-09-09T10:13:55.841+0000] {dag.py:3211} INFO - Sync 1 DAGs
[2024-09-09T10:13:55.858+0000] {logging_mixin.py:190} INFO - [2024-09-09T10:13:55.858+0000] {dag.py:4138} INFO - Setting next_dagrun for tutorial to 2024-09-08 00:00:00+00:00, run_after=2024-09-09 00:00:00+00:00
[2024-09-09T10:13:55.875+0000] {processor.py:208} INFO - Processing /home/airflow/.local/lib/python3.12/site-packages/airflow/example_dags/tutorial.py took 0.060 seconds
[2024-09-09T10:14:26.652+0000] {processor.py:186} INFO - Started process (PID=308) to work on /home/airflow/.local/lib/python3.12/site-packages/airflow/example_dags/tutorial.py
[2024-09-09T10:14:26.653+0000] {processor.py:914} INFO - Processing file /home/airflow/.local/lib/python3.12/site-packages/airflow/example_dags/tutorial.py for tasks to queue
[2024-09-09T10:14:26.654+0000] {logging_mixin.py:190} INFO - [2024-09-09T10:14:26.654+0000] {dagbag.py:587} INFO - Filling up the DagBag from /home/airflow/.local/lib/python3.12/site-packages/airflow/example_dags/tutorial.py
[2024-09-09T10:14:26.660+0000] {processor.py:925} INFO - DAG(s) 'tutorial' retrieved from /home/airflow/.local/lib/python3.12/site-packages/airflow/example_dags/tutorial.py
[2024-09-09T10:14:26.674+0000] {logging_mixin.py:190} INFO - [2024-09-09T10:14:26.674+0000] {dag.py:3211} INFO - Sync 1 DAGs
[2024-09-09T10:14:26.691+0000] {logging_mixin.py:190} INFO - [2024-09-09T10:14:26.690+0000] {dag.py:4138} INFO - Setting next_dagrun for tutorial to 2024-09-08 00:00:00+00:00, run_after=2024-09-09 00:00:00+00:00
[2024-09-09T10:14:26.703+0000] {processor.py:208} INFO - Processing /home/airflow/.local/lib/python3.12/site-packages/airflow/example_dags/tutorial.py took 0.054 seconds
