[2024-09-12T21:52:21.247+0000] {local_task_job_runner.py:120} INFO - ::group::Pre task execution logs
[2024-09-12T21:52:21.259+0000] {taskinstance.py:2076} INFO - Dependencies all met for dep_context=non-requeueable deps ti=<TaskInstance: example_python_operator_hook.call_api_task manual__2024-09-12T21:49:18.485933+00:00 [queued]>
[2024-09-12T21:52:21.264+0000] {taskinstance.py:2076} INFO - Dependencies all met for dep_context=requeueable deps ti=<TaskInstance: example_python_operator_hook.call_api_task manual__2024-09-12T21:49:18.485933+00:00 [queued]>
[2024-09-12T21:52:21.265+0000] {taskinstance.py:2306} INFO - Starting attempt 2 of 2
[2024-09-12T21:52:21.275+0000] {taskinstance.py:2330} INFO - Executing <Task(PythonOperator): call_api_task> on 2024-09-12 21:49:18.485933+00:00
[2024-09-12T21:52:21.282+0000] {standard_task_runner.py:90} INFO - Running: ['***', 'tasks', 'run', 'example_python_operator_hook', 'call_api_task', 'manual__2024-09-12T21:49:18.485933+00:00', '--job-id', '72', '--raw', '--subdir', 'DAGS_FOLDER/example_python_operator_hook.py', '--cfg-path', '/tmp/tmpjvlpwvhv']
[2024-09-12T21:52:21.284+0000] {standard_task_runner.py:91} INFO - Job 72: Subtask call_api_task
[2024-09-12T21:52:21.286+0000] {logging_mixin.py:188} WARNING - /home/***/.local/lib/python3.12/site-packages/***/task/task_runner/standard_task_runner.py:61 DeprecationWarning: This process (pid=1028) is multi-threaded, use of fork() may lead to deadlocks in the child.
[2024-09-12T21:52:21.287+0000] {standard_task_runner.py:63} INFO - Started process 1030 to run task
[2024-09-12T21:52:21.313+0000] {task_command.py:426} INFO - Running <TaskInstance: example_python_operator_hook.call_api_task manual__2024-09-12T21:49:18.485933+00:00 [running]> on host 1ab47b72986b
[2024-09-12T21:52:21.373+0000] {taskinstance.py:2648} INFO - Exporting env vars: AIRFLOW_CTX_DAG_OWNER='***' AIRFLOW_CTX_DAG_ID='example_python_operator_hook' AIRFLOW_CTX_TASK_ID='call_api_task' AIRFLOW_CTX_EXECUTION_DATE='2024-09-12T21:49:18.485933+00:00' AIRFLOW_CTX_TRY_NUMBER='2' AIRFLOW_CTX_DAG_RUN_ID='manual__2024-09-12T21:49:18.485933+00:00'
[2024-09-12T21:52:21.374+0000] {taskinstance.py:430} INFO - ::endgroup::
[2024-09-12T21:52:21.388+0000] {base.py:84} INFO - Using connection ID 'ingestion_api' for task execution.
[2024-09-12T21:52:21.525+0000] {logging_mixin.py:188} INFO - DataFrame saved to PostgreSQL successfully.
[2024-09-12T21:52:21.529+0000] {taskinstance.py:441} INFO - ::group::Post task execution logs
[2024-09-12T21:52:21.535+0000] {taskinstance.py:2905} ERROR - Task failed with exception
Traceback (most recent call last):
  File "/home/airflow/.local/lib/python3.12/site-packages/airflow/models/taskinstance.py", line 465, in _execute_task
    result = _execute_callable(context=context, **execute_callable_kwargs)
             ^^^^^^^^^^^^^^^^^^^^^^^^^^^^^^^^^^^^^^^^^^^^^^^^^^^^^^^^^^^^^
  File "/home/airflow/.local/lib/python3.12/site-packages/airflow/models/taskinstance.py", line 432, in _execute_callable
    return execute_callable(context=context, **execute_callable_kwargs)
           ^^^^^^^^^^^^^^^^^^^^^^^^^^^^^^^^^^^^^^^^^^^^^^^^^^^^^^^^^^^^
  File "/home/airflow/.local/lib/python3.12/site-packages/airflow/models/baseoperator.py", line 400, in wrapper
    return func(self, *args, **kwargs)
           ^^^^^^^^^^^^^^^^^^^^^^^^^^^
  File "/home/airflow/.local/lib/python3.12/site-packages/airflow/operators/python.py", line 235, in execute
    return_value = self.execute_callable()
                   ^^^^^^^^^^^^^^^^^^^^^^^
  File "/home/airflow/.local/lib/python3.12/site-packages/airflow/operators/python.py", line 252, in execute_callable
    return self.python_callable(*self.op_args, **self.op_kwargs)
           ^^^^^^^^^^^^^^^^^^^^^^^^^^^^^^^^^^^^^^^^^^^^^^^^^^^^^
  File "/opt/airflow/dags/example_python_operator_hook.py", line 42, in call_api
    upload_to_gcs(df)
  File "/opt/airflow/dags/example_python_operator_hook.py", line 48, in upload_to_gcs
    hook = GCSHook(google_cloud_storage_conn_id='google-cloud-default')
           ^^^^^^^^^^^^^^^^^^^^^^^^^^^^^^^^^^^^^^^^^^^^^^^^^^^^^^^^^^^^
  File "/home/airflow/.local/lib/python3.12/site-packages/airflow/providers/google/cloud/hooks/gcs.py", line 160, in __init__
    super().__init__(
  File "/home/airflow/.local/lib/python3.12/site-packages/airflow/providers/google/common/hooks/base_google.py", line 252, in __init__
    self.extras: dict = self.get_connection(self.gcp_conn_id).extra_dejson
                        ^^^^^^^^^^^^^^^^^^^^^^^^^^^^^^^^^^^^^
  File "/home/airflow/.local/lib/python3.12/site-packages/airflow/hooks/base.py", line 83, in get_connection
    conn = Connection.get_connection_from_secrets(conn_id)
           ^^^^^^^^^^^^^^^^^^^^^^^^^^^^^^^^^^^^^^^^^^^^^^^
  File "/home/airflow/.local/lib/python3.12/site-packages/airflow/models/connection.py", line 519, in get_connection_from_secrets
    raise AirflowNotFoundException(f"The conn_id `{conn_id}` isn't defined")
airflow.exceptions.AirflowNotFoundException: The conn_id `google_cloud_default` isn't defined
[2024-09-12T21:52:21.540+0000] {taskinstance.py:1206} INFO - Marking task as FAILED. dag_id=example_python_operator_hook, task_id=call_api_task, run_id=manual__2024-09-12T21:49:18.485933+00:00, execution_date=20240912T214918, start_date=20240912T215221, end_date=20240912T215221
[2024-09-12T21:52:21.548+0000] {standard_task_runner.py:110} ERROR - Failed to execute job 72 for task call_api_task (The conn_id `google_cloud_default` isn't defined; 1030)
[2024-09-12T21:52:21.580+0000] {local_task_job_runner.py:240} INFO - Task exited with return code 1
[2024-09-12T21:52:21.591+0000] {taskinstance.py:3498} INFO - 0 downstream tasks scheduled from follow-on schedule check
[2024-09-12T21:52:21.593+0000] {local_task_job_runner.py:222} INFO - ::endgroup::
