[2024-09-12T22:10:23.575+0000] {local_task_job_runner.py:120} INFO - ::group::Pre task execution logs
[2024-09-12T22:10:23.585+0000] {taskinstance.py:2076} INFO - Dependencies all met for dep_context=non-requeueable deps ti=<TaskInstance: example_python_operator_hook.call_api_task manual__2024-09-12T22:10:22.268294+00:00 [queued]>
[2024-09-12T22:10:23.591+0000] {taskinstance.py:2076} INFO - Dependencies all met for dep_context=requeueable deps ti=<TaskInstance: example_python_operator_hook.call_api_task manual__2024-09-12T22:10:22.268294+00:00 [queued]>
[2024-09-12T22:10:23.591+0000] {taskinstance.py:2306} INFO - Starting attempt 1 of 2
[2024-09-12T22:10:23.602+0000] {taskinstance.py:2330} INFO - Executing <Task(PythonOperator): call_api_task> on 2024-09-12 22:10:22.268294+00:00
[2024-09-12T22:10:23.609+0000] {standard_task_runner.py:90} INFO - Running: ['***', 'tasks', 'run', 'example_python_operator_hook', 'call_api_task', 'manual__2024-09-12T22:10:22.268294+00:00', '--job-id', '86', '--raw', '--subdir', 'DAGS_FOLDER/example_python_operator_hook.py', '--cfg-path', '/tmp/tmp996poenc']
[2024-09-12T22:10:23.611+0000] {standard_task_runner.py:91} INFO - Job 86: Subtask call_api_task
[2024-09-12T22:10:23.612+0000] {logging_mixin.py:188} WARNING - /home/***/.local/lib/python3.12/site-packages/***/task/task_runner/standard_task_runner.py:61 DeprecationWarning: This process (pid=1520) is multi-threaded, use of fork() may lead to deadlocks in the child.
[2024-09-12T22:10:23.613+0000] {standard_task_runner.py:63} INFO - Started process 1528 to run task
[2024-09-12T22:10:23.641+0000] {task_command.py:426} INFO - Running <TaskInstance: example_python_operator_hook.call_api_task manual__2024-09-12T22:10:22.268294+00:00 [running]> on host 1ab47b72986b
[2024-09-12T22:10:23.703+0000] {taskinstance.py:2648} INFO - Exporting env vars: AIRFLOW_CTX_DAG_OWNER='***' AIRFLOW_CTX_DAG_ID='example_python_operator_hook' AIRFLOW_CTX_TASK_ID='call_api_task' AIRFLOW_CTX_EXECUTION_DATE='2024-09-12T22:10:22.268294+00:00' AIRFLOW_CTX_TRY_NUMBER='1' AIRFLOW_CTX_DAG_RUN_ID='manual__2024-09-12T22:10:22.268294+00:00'
[2024-09-12T22:10:23.704+0000] {taskinstance.py:430} INFO - ::endgroup::
[2024-09-12T22:10:23.722+0000] {base.py:84} INFO - Using connection ID 'ingestion_api' for task execution.
[2024-09-12T22:10:23.961+0000] {logging_mixin.py:188} INFO - DataFrame saved to PostgreSQL successfully.
[2024-09-12T22:10:23.965+0000] {connection.py:274} WARNING - Connection schemes (type: google_cloud_platform) shall not contain '_' according to RFC3986.
[2024-09-12T22:10:23.969+0000] {base.py:84} INFO - Using connection ID 'google_cloud_default' for task execution.
[2024-09-12T22:10:24.452+0000] {logging_mixin.py:188} INFO - File uploaded to weather_bucket_it_skolan/weather_data.csv
[2024-09-12T22:10:24.453+0000] {python.py:237} INFO - Done. Returned value was:    clouds    datetime  dewpt  ...  wind_dir  wind_gust_spd  wind_spd
0      50  2024-09-09   12.3  ...       123           12.4       6.1
1      50  2024-09-10   12.4  ...       172           13.2       4.9
2      65  2024-09-11   11.7  ...       173           12.8       4.1

[3 rows x 35 columns]
[2024-09-12T22:10:24.486+0000] {taskinstance.py:441} INFO - ::group::Post task execution logs
[2024-09-12T22:10:24.561+0000] {taskinstance.py:1206} INFO - Marking task as SUCCESS. dag_id=example_python_operator_hook, task_id=call_api_task, run_id=manual__2024-09-12T22:10:22.268294+00:00, execution_date=20240912T221022, start_date=20240912T221023, end_date=20240912T221024
[2024-09-12T22:10:24.588+0000] {local_task_job_runner.py:240} INFO - Task exited with return code 0
[2024-09-12T22:10:24.603+0000] {taskinstance.py:3498} INFO - 1 downstream tasks scheduled from follow-on schedule check
[2024-09-12T22:10:24.605+0000] {local_task_job_runner.py:222} INFO - ::endgroup::
