[2024-09-15T16:58:41.178+0000] {local_task_job_runner.py:120} INFO - ::group::Pre task execution logs
[2024-09-15T16:58:41.189+0000] {taskinstance.py:2076} INFO - Dependencies all met for dep_context=non-requeueable deps ti=<TaskInstance: example_python_operator_hook.get_dataframe_task manual__2024-09-15T16:58:39.964347+00:00 [queued]>
[2024-09-15T16:58:41.194+0000] {taskinstance.py:2076} INFO - Dependencies all met for dep_context=requeueable deps ti=<TaskInstance: example_python_operator_hook.get_dataframe_task manual__2024-09-15T16:58:39.964347+00:00 [queued]>
[2024-09-15T16:58:41.195+0000] {taskinstance.py:2306} INFO - Starting attempt 1 of 2
[2024-09-15T16:58:41.204+0000] {taskinstance.py:2330} INFO - Executing <Task(PythonOperator): get_dataframe_task> on 2024-09-15 16:58:39.964347+00:00
[2024-09-15T16:58:41.211+0000] {standard_task_runner.py:90} INFO - Running: ['***', 'tasks', 'run', 'example_python_operator_hook', 'get_dataframe_task', 'manual__2024-09-15T16:58:39.964347+00:00', '--job-id', '185', '--raw', '--subdir', 'DAGS_FOLDER/example_python_operator_hook.py', '--cfg-path', '/tmp/tmpkfy57wcr']
[2024-09-15T16:58:41.212+0000] {standard_task_runner.py:91} INFO - Job 185: Subtask get_dataframe_task
[2024-09-15T16:58:41.213+0000] {logging_mixin.py:188} WARNING - /home/***/.local/lib/python3.12/site-packages/***/task/task_runner/standard_task_runner.py:61 DeprecationWarning: This process (pid=465) is multi-threaded, use of fork() may lead to deadlocks in the child.
[2024-09-15T16:58:41.214+0000] {standard_task_runner.py:63} INFO - Started process 467 to run task
[2024-09-15T16:58:41.240+0000] {task_command.py:426} INFO - Running <TaskInstance: example_python_operator_hook.get_dataframe_task manual__2024-09-15T16:58:39.964347+00:00 [running]> on host 81bcc4ceaa16
[2024-09-15T16:58:41.297+0000] {taskinstance.py:2648} INFO - Exporting env vars: AIRFLOW_CTX_DAG_OWNER='***' AIRFLOW_CTX_DAG_ID='example_python_operator_hook' AIRFLOW_CTX_TASK_ID='get_dataframe_task' AIRFLOW_CTX_EXECUTION_DATE='2024-09-15T16:58:39.964347+00:00' AIRFLOW_CTX_TRY_NUMBER='1' AIRFLOW_CTX_DAG_RUN_ID='manual__2024-09-15T16:58:39.964347+00:00'
[2024-09-15T16:58:41.298+0000] {taskinstance.py:430} INFO - ::endgroup::
[2024-09-15T16:58:41.309+0000] {python.py:237} INFO - Done. Returned value was:    column1 column2
0        1       a
1        2       b
2        3       c
[2024-09-15T16:58:41.314+0000] {taskinstance.py:441} INFO - ::group::Post task execution logs
[2024-09-15T16:58:41.339+0000] {taskinstance.py:1206} INFO - Marking task as SUCCESS. dag_id=example_python_operator_hook, task_id=get_dataframe_task, run_id=manual__2024-09-15T16:58:39.964347+00:00, execution_date=20240915T165839, start_date=20240915T165841, end_date=20240915T165841
[2024-09-15T16:58:41.387+0000] {local_task_job_runner.py:240} INFO - Task exited with return code 0
[2024-09-15T16:58:41.400+0000] {taskinstance.py:3498} INFO - 1 downstream tasks scheduled from follow-on schedule check
[2024-09-15T16:58:41.402+0000] {local_task_job_runner.py:222} INFO - ::endgroup::
