[2024-09-03T08:00:11.490+0000] {local_task_job_runner.py:123} INFO - ::group::Pre task execution logs
[2024-09-03T08:00:11.502+0000] {taskinstance.py:2603} INFO - Dependencies all met for dep_context=non-requeueable deps ti=<TaskInstance: weather_data_ingestion.save_data manual__2024-09-03T08:00:08.005990+00:00 [queued]>
[2024-09-03T08:00:11.507+0000] {taskinstance.py:2603} INFO - Dependencies all met for dep_context=requeueable deps ti=<TaskInstance: weather_data_ingestion.save_data manual__2024-09-03T08:00:08.005990+00:00 [queued]>
[2024-09-03T08:00:11.508+0000] {taskinstance.py:2856} INFO - Starting attempt 1 of 1
[2024-09-03T08:00:11.518+0000] {taskinstance.py:2879} INFO - Executing <Task(PythonOperator): save_data> on 2024-09-03 08:00:08.005990+00:00
[2024-09-03T08:00:11.524+0000] {warnings.py:112} WARNING - /home/***/.local/lib/python3.12/site-packages/***/task/task_runner/standard_task_runner.py:70: DeprecationWarning: This process (pid=1632) is multi-threaded, use of fork() may lead to deadlocks in the child.
  pid = os.fork()

[2024-09-03T08:00:11.525+0000] {standard_task_runner.py:72} INFO - Started process 1634 to run task
[2024-09-03T08:00:11.526+0000] {standard_task_runner.py:104} INFO - Running: ['***', 'tasks', 'run', 'weather_data_ingestion', 'save_data', 'manual__2024-09-03T08:00:08.005990+00:00', '--job-id', '33', '--raw', '--subdir', 'DAGS_FOLDER/weather_dag2.py', '--cfg-path', '/tmp/tmptn1h0skr']
[2024-09-03T08:00:11.526+0000] {standard_task_runner.py:105} INFO - Job 33: Subtask save_data
[2024-09-03T08:00:11.561+0000] {task_command.py:467} INFO - Running <TaskInstance: weather_data_ingestion.save_data manual__2024-09-03T08:00:08.005990+00:00 [running]> on host 670a75e9450f
[2024-09-03T08:00:11.635+0000] {taskinstance.py:3122} INFO - Exporting env vars: AIRFLOW_CTX_DAG_OWNER='***' AIRFLOW_CTX_DAG_ID='weather_data_ingestion' AIRFLOW_CTX_TASK_ID='save_data' AIRFLOW_CTX_EXECUTION_DATE='2024-09-03T08:00:08.005990+00:00' AIRFLOW_CTX_TRY_NUMBER='1' AIRFLOW_CTX_DAG_RUN_ID='manual__2024-09-03T08:00:08.005990+00:00'
[2024-09-03T08:00:11.636+0000] {logging_mixin.py:190} INFO - Task instance is in running state
[2024-09-03T08:00:11.636+0000] {logging_mixin.py:190} INFO -  Previous state of the Task instance: queued
[2024-09-03T08:00:11.637+0000] {logging_mixin.py:190} INFO - Current task name:save_data state:running start_date:2024-09-03 08:00:11.502957+00:00
[2024-09-03T08:00:11.637+0000] {logging_mixin.py:190} INFO - Dag name:weather_data_ingestion and current dag run status:running
[2024-09-03T08:00:11.637+0000] {taskinstance.py:731} INFO - ::endgroup::
[2024-09-03T08:00:11.638+0000] {projekt_fetch2.py:33} INFO - Data received: []
[2024-09-03T08:00:11.638+0000] {projekt_fetch2.py:34} INFO - Number of data points: 2
[2024-09-03T08:00:11.638+0000] {projekt_fetch2.py:45} ERROR - Error writing to CSV: 'str' object has no attribute 'keys'
[2024-09-03T08:00:11.639+0000] {python.py:240} INFO - Done. Returned value was: None
[2024-09-03T08:00:11.645+0000] {taskinstance.py:340} INFO - ::group::Post task execution logs
[2024-09-03T08:00:11.646+0000] {taskinstance.py:352} INFO - Marking task as SUCCESS. dag_id=weather_data_ingestion, task_id=save_data, run_id=manual__2024-09-03T08:00:08.005990+00:00, execution_date=20240903T080008, start_date=20240903T080011, end_date=20240903T080011
[2024-09-03T08:00:11.653+0000] {logging_mixin.py:190} INFO - Task instance in success state
[2024-09-03T08:00:11.653+0000] {logging_mixin.py:190} INFO -  Previous state of the Task instance: running
[2024-09-03T08:00:11.654+0000] {logging_mixin.py:190} INFO - Dag name:weather_data_ingestion queued_at:2024-09-03 08:00:08.012861+00:00
[2024-09-03T08:00:11.654+0000] {logging_mixin.py:190} INFO - Task hostname:670a75e9450f operator:PythonOperator
[2024-09-03T08:00:11.699+0000] {local_task_job_runner.py:261} INFO - Task exited with return code 0
[2024-09-03T08:00:11.711+0000] {taskinstance.py:3891} INFO - 0 downstream tasks scheduled from follow-on schedule check
[2024-09-03T08:00:11.714+0000] {local_task_job_runner.py:240} INFO - ::endgroup::
