[2024-09-03T06:22:35.273+0000] {local_task_job_runner.py:123} INFO - ::group::Pre task execution logs
[2024-09-03T06:22:35.284+0000] {taskinstance.py:2603} INFO - Dependencies all met for dep_context=non-requeueable deps ti=<TaskInstance: weather_dag_2.fetch_weather_data manual__2024-09-03T06:22:33.908965+00:00 [queued]>
[2024-09-03T06:22:35.290+0000] {taskinstance.py:2603} INFO - Dependencies all met for dep_context=requeueable deps ti=<TaskInstance: weather_dag_2.fetch_weather_data manual__2024-09-03T06:22:33.908965+00:00 [queued]>
[2024-09-03T06:22:35.290+0000] {taskinstance.py:2856} INFO - Starting attempt 1 of 2
[2024-09-03T06:22:35.300+0000] {taskinstance.py:2879} INFO - Executing <Task(PythonOperator): fetch_weather_data> on 2024-09-03 06:22:33.908965+00:00
[2024-09-03T06:22:35.305+0000] {warnings.py:112} WARNING - /home/***/.local/lib/python3.12/site-packages/***/task/task_runner/standard_task_runner.py:70: DeprecationWarning: This process (pid=248) is multi-threaded, use of fork() may lead to deadlocks in the child.
  pid = os.fork()

[2024-09-03T06:22:35.306+0000] {standard_task_runner.py:72} INFO - Started process 250 to run task
[2024-09-03T06:22:35.306+0000] {standard_task_runner.py:104} INFO - Running: ['***', 'tasks', 'run', 'weather_dag_2', 'fetch_weather_data', 'manual__2024-09-03T06:22:33.908965+00:00', '--job-id', '9', '--raw', '--subdir', 'DAGS_FOLDER/weather_dag_2.py', '--cfg-path', '/tmp/tmpltae1q8e']
[2024-09-03T06:22:35.307+0000] {standard_task_runner.py:105} INFO - Job 9: Subtask fetch_weather_data
[2024-09-03T06:22:35.338+0000] {task_command.py:467} INFO - Running <TaskInstance: weather_dag_2.fetch_weather_data manual__2024-09-03T06:22:33.908965+00:00 [running]> on host 670a75e9450f
[2024-09-03T06:22:35.394+0000] {taskinstance.py:3122} INFO - Exporting env vars: AIRFLOW_CTX_DAG_OWNER='***' AIRFLOW_CTX_DAG_ID='weather_dag_2' AIRFLOW_CTX_TASK_ID='fetch_weather_data' AIRFLOW_CTX_EXECUTION_DATE='2024-09-03T06:22:33.908965+00:00' AIRFLOW_CTX_TRY_NUMBER='1' AIRFLOW_CTX_DAG_RUN_ID='manual__2024-09-03T06:22:33.908965+00:00'
[2024-09-03T06:22:35.395+0000] {logging_mixin.py:190} INFO - Task instance is in running state
[2024-09-03T06:22:35.395+0000] {logging_mixin.py:190} INFO -  Previous state of the Task instance: queued
[2024-09-03T06:22:35.396+0000] {logging_mixin.py:190} INFO - Current task name:fetch_weather_data state:running start_date:2024-09-03 06:22:35.285322+00:00
[2024-09-03T06:22:35.396+0000] {logging_mixin.py:190} INFO - Dag name:weather_dag_2 and current dag run status:running
[2024-09-03T06:22:35.396+0000] {taskinstance.py:731} INFO - ::endgroup::
[2024-09-03T06:22:35.650+0000] {python.py:240} INFO - Done. Returned value was: None
[2024-09-03T06:22:35.657+0000] {taskinstance.py:340} INFO - ::group::Post task execution logs
[2024-09-03T06:22:35.658+0000] {taskinstance.py:352} INFO - Marking task as SUCCESS. dag_id=weather_dag_2, task_id=fetch_weather_data, run_id=manual__2024-09-03T06:22:33.908965+00:00, execution_date=20240903T062233, start_date=20240903T062235, end_date=20240903T062235
[2024-09-03T06:22:35.666+0000] {logging_mixin.py:190} INFO - Task instance in success state
[2024-09-03T06:22:35.666+0000] {logging_mixin.py:190} INFO -  Previous state of the Task instance: running
[2024-09-03T06:22:35.666+0000] {logging_mixin.py:190} INFO - Dag name:weather_dag_2 queued_at:2024-09-03 06:22:33.918639+00:00
[2024-09-03T06:22:35.666+0000] {logging_mixin.py:190} INFO - Task hostname:670a75e9450f operator:PythonOperator
[2024-09-03T06:22:35.680+0000] {local_task_job_runner.py:261} INFO - Task exited with return code 0
[2024-09-03T06:22:35.691+0000] {taskinstance.py:3891} INFO - 0 downstream tasks scheduled from follow-on schedule check
[2024-09-03T06:22:35.693+0000] {local_task_job_runner.py:240} INFO - ::endgroup::
