[2024-09-12T22:02:14.313+0000] {local_task_job_runner.py:120} INFO - ::group::Pre task execution logs
[2024-09-12T22:02:14.324+0000] {taskinstance.py:2076} INFO - Dependencies all met for dep_context=non-requeueable deps ti=<TaskInstance: example_python_operator_hook.call_api_task manual__2024-09-12T22:02:13.050384+00:00 [queued]>
[2024-09-12T22:02:14.330+0000] {taskinstance.py:2076} INFO - Dependencies all met for dep_context=requeueable deps ti=<TaskInstance: example_python_operator_hook.call_api_task manual__2024-09-12T22:02:13.050384+00:00 [queued]>
[2024-09-12T22:02:14.330+0000] {taskinstance.py:2306} INFO - Starting attempt 1 of 2
[2024-09-12T22:02:14.340+0000] {taskinstance.py:2330} INFO - Executing <Task(PythonOperator): call_api_task> on 2024-09-12 22:02:13.050384+00:00
[2024-09-12T22:02:14.346+0000] {standard_task_runner.py:90} INFO - Running: ['***', 'tasks', 'run', 'example_python_operator_hook', 'call_api_task', 'manual__2024-09-12T22:02:13.050384+00:00', '--job-id', '83', '--raw', '--subdir', 'DAGS_FOLDER/example_python_operator_hook.py', '--cfg-path', '/tmp/tmpbq6201tx']
[2024-09-12T22:02:14.347+0000] {standard_task_runner.py:91} INFO - Job 83: Subtask call_api_task
[2024-09-12T22:02:14.349+0000] {logging_mixin.py:188} WARNING - /home/***/.local/lib/python3.12/site-packages/***/task/task_runner/standard_task_runner.py:61 DeprecationWarning: This process (pid=1301) is multi-threaded, use of fork() may lead to deadlocks in the child.
[2024-09-12T22:02:14.350+0000] {standard_task_runner.py:63} INFO - Started process 1303 to run task
[2024-09-12T22:02:14.376+0000] {task_command.py:426} INFO - Running <TaskInstance: example_python_operator_hook.call_api_task manual__2024-09-12T22:02:13.050384+00:00 [running]> on host 1ab47b72986b
[2024-09-12T22:02:14.437+0000] {taskinstance.py:2648} INFO - Exporting env vars: AIRFLOW_CTX_DAG_OWNER='***' AIRFLOW_CTX_DAG_ID='example_python_operator_hook' AIRFLOW_CTX_TASK_ID='call_api_task' AIRFLOW_CTX_EXECUTION_DATE='2024-09-12T22:02:13.050384+00:00' AIRFLOW_CTX_TRY_NUMBER='1' AIRFLOW_CTX_DAG_RUN_ID='manual__2024-09-12T22:02:13.050384+00:00'
[2024-09-12T22:02:14.438+0000] {taskinstance.py:430} INFO - ::endgroup::
[2024-09-12T22:02:14.453+0000] {base.py:84} INFO - Using connection ID 'ingestion_api' for task execution.
[2024-09-12T22:02:14.639+0000] {logging_mixin.py:188} INFO - DataFrame saved to PostgreSQL successfully.
[2024-09-12T22:02:14.643+0000] {connection.py:274} WARNING - Connection schemes (type: google_cloud_platform) shall not contain '_' according to RFC3986.
[2024-09-12T22:02:14.648+0000] {base.py:84} INFO - Using connection ID 'google_cloud_default' for task execution.
[2024-09-12T22:02:14.690+0000] {taskinstance.py:441} INFO - ::group::Post task execution logs
[2024-09-12T22:02:14.690+0000] {taskinstance.py:2905} ERROR - Task failed with exception
Traceback (most recent call last):
  File "/home/airflow/.local/lib/python3.12/site-packages/airflow/models/taskinstance.py", line 465, in _execute_task
    result = _execute_callable(context=context, **execute_callable_kwargs)
             ^^^^^^^^^^^^^^^^^^^^^^^^^^^^^^^^^^^^^^^^^^^^^^^^^^^^^^^^^^^^^
  File "/home/airflow/.local/lib/python3.12/site-packages/airflow/models/taskinstance.py", line 432, in _execute_callable
    return execute_callable(context=context, **execute_callable_kwargs)
           ^^^^^^^^^^^^^^^^^^^^^^^^^^^^^^^^^^^^^^^^^^^^^^^^^^^^^^^^^^^^
  File "/home/airflow/.local/lib/python3.12/site-packages/airflow/models/baseoperator.py", line 400, in wrapper
    return func(self, *args, **kwargs)
           ^^^^^^^^^^^^^^^^^^^^^^^^^^^
  File "/home/airflow/.local/lib/python3.12/site-packages/airflow/operators/python.py", line 235, in execute
    return_value = self.execute_callable()
                   ^^^^^^^^^^^^^^^^^^^^^^^
  File "/home/airflow/.local/lib/python3.12/site-packages/airflow/operators/python.py", line 252, in execute_callable
    return self.python_callable(*self.op_args, **self.op_kwargs)
           ^^^^^^^^^^^^^^^^^^^^^^^^^^^^^^^^^^^^^^^^^^^^^^^^^^^^^
  File "/opt/airflow/dags/example_python_operator_hook.py", line 42, in call_api
    upload_to_gcs(df)
  File "/opt/airflow/dags/example_python_operator_hook.py", line 55, in upload_to_gcs
    csv_buffer = StringIO()
                 ^^^^^^^^
NameError: name 'StringIO' is not defined
[2024-09-12T22:02:14.700+0000] {taskinstance.py:1206} INFO - Marking task as UP_FOR_RETRY. dag_id=example_python_operator_hook, task_id=call_api_task, run_id=manual__2024-09-12T22:02:13.050384+00:00, execution_date=20240912T220213, start_date=20240912T220214, end_date=20240912T220214
[2024-09-12T22:02:14.708+0000] {standard_task_runner.py:110} ERROR - Failed to execute job 83 for task call_api_task (name 'StringIO' is not defined; 1303)
[2024-09-12T22:02:14.723+0000] {local_task_job_runner.py:240} INFO - Task exited with return code 1
[2024-09-12T22:02:14.734+0000] {taskinstance.py:3498} INFO - 0 downstream tasks scheduled from follow-on schedule check
[2024-09-12T22:02:14.736+0000] {local_task_job_runner.py:222} INFO - ::endgroup::
