[2024-09-03T07:45:55.506+0000] {local_task_job_runner.py:123} INFO - ::group::Pre task execution logs
[2024-09-03T07:45:55.518+0000] {taskinstance.py:2603} INFO - Dependencies all met for dep_context=non-requeueable deps ti=<TaskInstance: weather_data_ingestion.fetch_weather scheduled__2024-09-02T00:00:00+00:00 [queued]>
[2024-09-03T07:45:55.523+0000] {taskinstance.py:2603} INFO - Dependencies all met for dep_context=requeueable deps ti=<TaskInstance: weather_data_ingestion.fetch_weather scheduled__2024-09-02T00:00:00+00:00 [queued]>
[2024-09-03T07:45:55.524+0000] {taskinstance.py:2856} INFO - Starting attempt 1 of 1
[2024-09-03T07:45:55.534+0000] {taskinstance.py:2879} INFO - Executing <Task(PythonOperator): fetch_weather> on 2024-09-02 00:00:00+00:00
[2024-09-03T07:45:55.540+0000] {warnings.py:112} WARNING - /home/***/.local/lib/python3.12/site-packages/***/task/task_runner/standard_task_runner.py:70: DeprecationWarning: This process (pid=1407) is multi-threaded, use of fork() may lead to deadlocks in the child.
  pid = os.fork()

[2024-09-03T07:45:55.541+0000] {standard_task_runner.py:72} INFO - Started process 1410 to run task
[2024-09-03T07:45:55.541+0000] {standard_task_runner.py:104} INFO - Running: ['***', 'tasks', 'run', 'weather_data_ingestion', 'fetch_weather', 'scheduled__2024-09-02T00:00:00+00:00', '--job-id', '24', '--raw', '--subdir', 'DAGS_FOLDER/weather_dag2.py', '--cfg-path', '/tmp/tmpm37s9_3_']
[2024-09-03T07:45:55.542+0000] {standard_task_runner.py:105} INFO - Job 24: Subtask fetch_weather
[2024-09-03T07:45:55.575+0000] {task_command.py:467} INFO - Running <TaskInstance: weather_data_ingestion.fetch_weather scheduled__2024-09-02T00:00:00+00:00 [running]> on host 670a75e9450f
[2024-09-03T07:45:55.632+0000] {taskinstance.py:3122} INFO - Exporting env vars: AIRFLOW_CTX_DAG_OWNER='***' AIRFLOW_CTX_DAG_ID='weather_data_ingestion' AIRFLOW_CTX_TASK_ID='fetch_weather' AIRFLOW_CTX_EXECUTION_DATE='2024-09-02T00:00:00+00:00' AIRFLOW_CTX_TRY_NUMBER='1' AIRFLOW_CTX_DAG_RUN_ID='scheduled__2024-09-02T00:00:00+00:00'
[2024-09-03T07:45:55.633+0000] {logging_mixin.py:190} INFO - Task instance is in running state
[2024-09-03T07:45:55.633+0000] {logging_mixin.py:190} INFO -  Previous state of the Task instance: queued
[2024-09-03T07:45:55.634+0000] {logging_mixin.py:190} INFO - Current task name:fetch_weather state:running start_date:2024-09-03 07:45:55.518520+00:00
[2024-09-03T07:45:55.634+0000] {logging_mixin.py:190} INFO - Dag name:weather_data_ingestion and current dag run status:running
[2024-09-03T07:45:55.634+0000] {taskinstance.py:731} INFO - ::endgroup::
[2024-09-03T07:45:55.788+0000] {logging_mixin.py:190} INFO - Error: Unable to retrieve data. Status code: 400
[2024-09-03T07:45:55.789+0000] {python.py:240} INFO - Done. Returned value was: []
[2024-09-03T07:45:55.806+0000] {taskinstance.py:340} INFO - ::group::Post task execution logs
[2024-09-03T07:45:55.806+0000] {taskinstance.py:352} INFO - Marking task as SUCCESS. dag_id=weather_data_ingestion, task_id=fetch_weather, run_id=scheduled__2024-09-02T00:00:00+00:00, execution_date=20240902T000000, start_date=20240903T074555, end_date=20240903T074555
[2024-09-03T07:45:55.813+0000] {logging_mixin.py:190} INFO - Task instance in success state
[2024-09-03T07:45:55.813+0000] {logging_mixin.py:190} INFO -  Previous state of the Task instance: running
[2024-09-03T07:45:55.813+0000] {logging_mixin.py:190} INFO - Dag name:weather_data_ingestion queued_at:2024-09-03 07:45:54.260480+00:00
[2024-09-03T07:45:55.814+0000] {logging_mixin.py:190} INFO - Task hostname:670a75e9450f operator:PythonOperator
[2024-09-03T07:45:55.835+0000] {local_task_job_runner.py:261} INFO - Task exited with return code 0
[2024-09-03T07:45:55.852+0000] {taskinstance.py:3891} INFO - 1 downstream tasks scheduled from follow-on schedule check
[2024-09-03T07:45:55.854+0000] {local_task_job_runner.py:240} INFO - ::endgroup::
