[2024-09-03T08:26:53.551+0000] {local_task_job_runner.py:123} INFO - ::group::Pre task execution logs
[2024-09-03T08:26:53.562+0000] {taskinstance.py:2603} INFO - Dependencies all met for dep_context=non-requeueable deps ti=<TaskInstance: fetch_weather_data.fetch_weather_task manual__2024-09-03T08:21:50.905067+00:00 [queued]>
[2024-09-03T08:26:53.568+0000] {taskinstance.py:2603} INFO - Dependencies all met for dep_context=requeueable deps ti=<TaskInstance: fetch_weather_data.fetch_weather_task manual__2024-09-03T08:21:50.905067+00:00 [queued]>
[2024-09-03T08:26:53.568+0000] {taskinstance.py:2856} INFO - Starting attempt 2 of 2
[2024-09-03T08:26:53.579+0000] {taskinstance.py:2879} INFO - Executing <Task(PythonOperator): fetch_weather_task> on 2024-09-03 08:21:50.905067+00:00
[2024-09-03T08:26:53.585+0000] {warnings.py:112} WARNING - /home/***/.local/lib/python3.12/site-packages/***/task/task_runner/standard_task_runner.py:70: DeprecationWarning: This process (pid=2055) is multi-threaded, use of fork() may lead to deadlocks in the child.
  pid = os.fork()

[2024-09-03T08:26:53.586+0000] {standard_task_runner.py:72} INFO - Started process 2057 to run task
[2024-09-03T08:26:53.586+0000] {standard_task_runner.py:104} INFO - Running: ['***', 'tasks', 'run', 'fetch_weather_data', 'fetch_weather_task', 'manual__2024-09-03T08:21:50.905067+00:00', '--job-id', '49', '--raw', '--subdir', 'DAGS_FOLDER/weather_dag2.py', '--cfg-path', '/tmp/tmpk4fa8e38']
[2024-09-03T08:26:53.587+0000] {standard_task_runner.py:105} INFO - Job 49: Subtask fetch_weather_task
[2024-09-03T08:26:53.619+0000] {task_command.py:467} INFO - Running <TaskInstance: fetch_weather_data.fetch_weather_task manual__2024-09-03T08:21:50.905067+00:00 [running]> on host 670a75e9450f
[2024-09-03T08:26:53.683+0000] {taskinstance.py:3122} INFO - Exporting env vars: AIRFLOW_CTX_DAG_OWNER='***' AIRFLOW_CTX_DAG_ID='fetch_weather_data' AIRFLOW_CTX_TASK_ID='fetch_weather_task' AIRFLOW_CTX_EXECUTION_DATE='2024-09-03T08:21:50.905067+00:00' AIRFLOW_CTX_TRY_NUMBER='2' AIRFLOW_CTX_DAG_RUN_ID='manual__2024-09-03T08:21:50.905067+00:00'
[2024-09-03T08:26:53.684+0000] {logging_mixin.py:190} INFO - Task instance is in running state
[2024-09-03T08:26:53.684+0000] {logging_mixin.py:190} INFO -  Previous state of the Task instance: queued
[2024-09-03T08:26:53.685+0000] {logging_mixin.py:190} INFO - Current task name:fetch_weather_task state:running start_date:2024-09-03 08:26:53.562960+00:00
[2024-09-03T08:26:53.685+0000] {logging_mixin.py:190} INFO - Dag name:fetch_weather_data and current dag run status:running
[2024-09-03T08:26:53.685+0000] {taskinstance.py:731} INFO - ::endgroup::
[2024-09-03T08:26:53.690+0000] {projekt_fetch2.py:8} INFO - Fetching weather data from 2024-09-02 to 2024-09-03
[2024-09-03T08:26:53.908+0000] {projekt_fetch2.py:23} INFO - Weather data fetched successfully. Number of records: 1
[2024-09-03T08:26:53.908+0000] {logging_mixin.py:190} INFO - Data received: [{'clouds': 39, 'datetime': '2024-09-02', 'dewpt': 11.6, 'dhi': 44, 'dni': 366, 'ghi': 204, 'max_dhi': 103, 'max_dni': 826, 'max_ghi': 607, 'max_temp': 17, 'max_temp_ts': 1725289200, 'max_uv': 1.6, 'max_wind_dir': 188, 'max_wind_spd': 4.2, 'max_wind_spd_ts': 1725285600, 'min_temp': 12, 'min_temp_ts': 1725228000, 'precip': 30.5, 'precip_gpm': 30.5, 'pres': 1018, 'revision_status': 'interim', 'rh': 90, 'slp': 1019, 'snow': 0, 'snow_depth': None, 'solar_rad': 81, 't_dhi': 1053, 't_dni': 8777, 't_ghi': 4898, 't_solar_rad': 1947, 'temp': 13.3, 'ts': 1725228000, 'wind_dir': 188, 'wind_gust_spd': 6, 'wind_spd': 2.4}]
[2024-09-03T08:26:53.909+0000] {logging_mixin.py:190} INFO - Data successfully saved to weather_data.csv
[2024-09-03T08:26:53.909+0000] {python.py:240} INFO - Done. Returned value was: None
[2024-09-03T08:26:53.917+0000] {taskinstance.py:340} INFO - ::group::Post task execution logs
[2024-09-03T08:26:53.917+0000] {taskinstance.py:352} INFO - Marking task as SUCCESS. dag_id=fetch_weather_data, task_id=fetch_weather_task, run_id=manual__2024-09-03T08:21:50.905067+00:00, execution_date=20240903T082150, start_date=20240903T082653, end_date=20240903T082653
[2024-09-03T08:26:53.925+0000] {logging_mixin.py:190} INFO - Task instance in success state
[2024-09-03T08:26:53.926+0000] {logging_mixin.py:190} INFO -  Previous state of the Task instance: running
[2024-09-03T08:26:53.926+0000] {logging_mixin.py:190} INFO - Dag name:fetch_weather_data queued_at:2024-09-03 08:21:50.912516+00:00
[2024-09-03T08:26:53.926+0000] {logging_mixin.py:190} INFO - Task hostname:670a75e9450f operator:PythonOperator
[2024-09-03T08:26:53.961+0000] {local_task_job_runner.py:261} INFO - Task exited with return code 0
[2024-09-03T08:26:53.974+0000] {taskinstance.py:3891} INFO - 0 downstream tasks scheduled from follow-on schedule check
[2024-09-03T08:26:53.976+0000] {local_task_job_runner.py:240} INFO - ::endgroup::
