[2024-09-09T14:13:30.879+0000] {local_task_job_runner.py:120} INFO - ::group::Pre task execution logs
[2024-09-09T14:13:30.891+0000] {taskinstance.py:2076} INFO - Dependencies all met for dep_context=non-requeueable deps ti=<TaskInstance: example_python_operator_hook.call_api_task manual__2024-09-09T14:10:28.764225+00:00 [queued]>
[2024-09-09T14:13:30.898+0000] {taskinstance.py:2076} INFO - Dependencies all met for dep_context=requeueable deps ti=<TaskInstance: example_python_operator_hook.call_api_task manual__2024-09-09T14:10:28.764225+00:00 [queued]>
[2024-09-09T14:13:30.898+0000] {taskinstance.py:2306} INFO - Starting attempt 2 of 4
[2024-09-09T14:13:30.908+0000] {taskinstance.py:2330} INFO - Executing <Task(PythonOperator): call_api_task> on 2024-09-09 14:10:28.764225+00:00
[2024-09-09T14:13:30.915+0000] {standard_task_runner.py:90} INFO - Running: ['***', 'tasks', 'run', 'example_python_operator_hook', 'call_api_task', 'manual__2024-09-09T14:10:28.764225+00:00', '--job-id', '32', '--raw', '--subdir', 'DAGS_FOLDER/example_python_operator_hook.py', '--cfg-path', '/tmp/tmp0p6fya2c']
[2024-09-09T14:13:30.917+0000] {standard_task_runner.py:91} INFO - Job 32: Subtask call_api_task
[2024-09-09T14:13:30.918+0000] {logging_mixin.py:188} WARNING - /home/***/.local/lib/python3.12/site-packages/***/task/task_runner/standard_task_runner.py:61 DeprecationWarning: This process (pid=1116) is multi-threaded, use of fork() may lead to deadlocks in the child.
[2024-09-09T14:13:30.919+0000] {standard_task_runner.py:63} INFO - Started process 1118 to run task
[2024-09-09T14:13:30.947+0000] {task_command.py:426} INFO - Running <TaskInstance: example_python_operator_hook.call_api_task manual__2024-09-09T14:10:28.764225+00:00 [running]> on host d3466d5464ee
[2024-09-09T14:13:31.003+0000] {taskinstance.py:2648} INFO - Exporting env vars: AIRFLOW_CTX_DAG_OWNER='***' AIRFLOW_CTX_DAG_ID='example_python_operator_hook' AIRFLOW_CTX_TASK_ID='call_api_task' AIRFLOW_CTX_EXECUTION_DATE='2024-09-09T14:10:28.764225+00:00' AIRFLOW_CTX_TRY_NUMBER='2' AIRFLOW_CTX_DAG_RUN_ID='manual__2024-09-09T14:10:28.764225+00:00'
[2024-09-09T14:13:31.004+0000] {taskinstance.py:430} INFO - ::endgroup::
[2024-09-09T14:13:31.111+0000] {base.py:84} INFO - Using connection ID 'ingestion_api' for task execution.
[2024-09-09T14:13:31.279+0000] {logging_mixin.py:188} INFO - Response Type: <class 'dict'>
[2024-09-09T14:13:31.279+0000] {logging_mixin.py:188} INFO - Response Content: {'city_id': '2674672', 'city_name': 'Gamla Stan', 'country_code': 'SE', 'data': [{'clouds': 1, 'datetime': '2024-09-07', 'dewpt': 16.1, 'dhi': 42, 'dni': 350, 'ghi': 189, 'max_dhi': 101, 'max_dni': 816, 'max_ghi': 578, 'max_temp': 26, 'max_temp_ts': 1725717600, 'max_uv': 4.1, 'max_wind_dir': 86, 'max_wind_spd': 3.7, 'max_wind_spd_ts': 1725721200, 'min_temp': 15, 'min_temp_ts': 1725685200, 'precip': 1.3, 'precip_gpm': 1.3, 'pres': 1022, 'revision_status': 'interim', 'rh': 85, 'slp': 1023, 'snow': 0, 'snow_depth': None, 'solar_rad': 174, 't_dhi': 1001, 't_dni': 8407, 't_ghi': 4541, 't_solar_rad': 4167, 'temp': 19.1, 'ts': 1725660000, 'wind_dir': 86, 'wind_gust_spd': 6.8, 'wind_spd': 2.1}, {'clouds': 2, 'datetime': '2024-09-08', 'dewpt': 14.4, 'dhi': 41, 'dni': 347, 'ghi': 186, 'max_dhi': 100, 'max_dni': 814, 'max_ghi': 573, 'max_temp': 26, 'max_temp_ts': 1725796800, 'max_uv': 4.1, 'max_wind_dir': 110, 'max_wind_spd': 6.3, 'max_wind_spd_ts': 1725804000, 'min_temp': 14, 'min_temp_ts': 1725768000, 'precip': 0.3, 'precip_gpm': 0.3, 'pres': 1017, 'revision_status': 'interim', 'rh': 73, 'slp': 1018, 'snow': 0, 'snow_depth': None, 'solar_rad': 178, 't_dhi': 992, 't_dni': 8334, 't_ghi': 4469, 't_solar_rad': 4272, 'temp': 20, 'ts': 1725746400, 'wind_dir': 110, 'wind_gust_spd': 9.2, 'wind_spd': 3.5}], 'lat': 59.33, 'lon': 18.07, 'sources': ['024840-99999', '024830-99999', 'SWE00138886', 'SWM00002485', 'SWE00136129', 'SWE00138910', 'SWE00138894', 'SWE00138952', 'imerg', 'era5', 'modis', 'snodas'], 'state_code': '26', 'station_id': '024830-99999', 'timezone': 'Europe/Stockholm'}
[2024-09-09T14:13:31.285+0000] {logging_mixin.py:188} INFO - CSV file saved successfully.
[2024-09-09T14:13:31.285+0000] {python.py:237} INFO - Done. Returned value was: None
[2024-09-09T14:13:31.286+0000] {taskinstance.py:441} INFO - ::group::Post task execution logs
[2024-09-09T14:13:31.293+0000] {taskinstance.py:1206} INFO - Marking task as SUCCESS. dag_id=example_python_operator_hook, task_id=call_api_task, run_id=manual__2024-09-09T14:10:28.764225+00:00, execution_date=20240909T141028, start_date=20240909T141330, end_date=20240909T141331
[2024-09-09T14:13:31.333+0000] {local_task_job_runner.py:240} INFO - Task exited with return code 0
[2024-09-09T14:13:31.344+0000] {taskinstance.py:3498} INFO - 0 downstream tasks scheduled from follow-on schedule check
[2024-09-09T14:13:31.346+0000] {local_task_job_runner.py:222} INFO - ::endgroup::
