[2024-09-12T19:40:05.757+0000] {local_task_job_runner.py:120} INFO - ::group::Pre task execution logs
[2024-09-12T19:40:05.768+0000] {taskinstance.py:2076} INFO - Dependencies all met for dep_context=non-requeueable deps ti=<TaskInstance: example_python_operator_hook.call_api_task manual__2024-09-12T19:37:03.370956+00:00 [queued]>
[2024-09-12T19:40:05.774+0000] {taskinstance.py:2076} INFO - Dependencies all met for dep_context=requeueable deps ti=<TaskInstance: example_python_operator_hook.call_api_task manual__2024-09-12T19:37:03.370956+00:00 [queued]>
[2024-09-12T19:40:05.774+0000] {taskinstance.py:2306} INFO - Starting attempt 2 of 2
[2024-09-12T19:40:05.786+0000] {taskinstance.py:2330} INFO - Executing <Task(PythonOperator): call_api_task> on 2024-09-12 19:37:03.370956+00:00
[2024-09-12T19:40:05.792+0000] {standard_task_runner.py:90} INFO - Running: ['***', 'tasks', 'run', 'example_python_operator_hook', 'call_api_task', 'manual__2024-09-12T19:37:03.370956+00:00', '--job-id', '48', '--raw', '--subdir', 'DAGS_FOLDER/example_python_operator_hook.py', '--cfg-path', '/tmp/tmpe4tu165i']
[2024-09-12T19:40:05.794+0000] {standard_task_runner.py:91} INFO - Job 48: Subtask call_api_task
[2024-09-12T19:40:05.795+0000] {logging_mixin.py:188} WARNING - /home/***/.local/lib/python3.12/site-packages/***/task/task_runner/standard_task_runner.py:61 DeprecationWarning: This process (pid=2150) is multi-threaded, use of fork() may lead to deadlocks in the child.
[2024-09-12T19:40:05.795+0000] {standard_task_runner.py:63} INFO - Started process 2152 to run task
[2024-09-12T19:40:05.822+0000] {task_command.py:426} INFO - Running <TaskInstance: example_python_operator_hook.call_api_task manual__2024-09-12T19:37:03.370956+00:00 [running]> on host 3bade3032056
[2024-09-12T19:40:05.883+0000] {taskinstance.py:2648} INFO - Exporting env vars: AIRFLOW_CTX_DAG_OWNER='***' AIRFLOW_CTX_DAG_ID='example_python_operator_hook' AIRFLOW_CTX_TASK_ID='call_api_task' AIRFLOW_CTX_EXECUTION_DATE='2024-09-12T19:37:03.370956+00:00' AIRFLOW_CTX_TRY_NUMBER='2' AIRFLOW_CTX_DAG_RUN_ID='manual__2024-09-12T19:37:03.370956+00:00'
[2024-09-12T19:40:05.884+0000] {taskinstance.py:430} INFO - ::endgroup::
[2024-09-12T19:40:05.900+0000] {base.py:84} INFO - Using connection ID 'ingestion_api' for task execution.
[2024-09-12T19:40:06.068+0000] {logging_mixin.py:188} INFO - Response Type: <class 'dict'>
[2024-09-12T19:40:06.069+0000] {logging_mixin.py:188} INFO - Response Content: {'city_id': '2674672', 'city_name': 'Gamla Stan', 'country_code': 'SE', 'data': [{'clouds': 50, 'datetime': '2024-09-09', 'dewpt': 12.3, 'dhi': 41, 'dni': 344, 'ghi': 183, 'max_dhi': 100, 'max_dni': 812, 'max_ghi': 567, 'max_temp': 23, 'max_temp_ts': 1725876000, 'max_uv': 2.9, 'max_wind_dir': 123, 'max_wind_spd': 9, 'max_wind_spd_ts': 1725890400, 'min_temp': 16, 'min_temp_ts': 1725854400, 'precip': 6.1, 'precip_gpm': 6.1, 'pres': 1006, 'revision_status': 'interim', 'rh': 64, 'slp': 1007, 'snow': 0, 'snow_depth': None, 'solar_rad': 175, 't_dhi': 982, 't_dni': 8258, 't_ghi': 4397, 't_solar_rad': 4194, 'temp': 19.8, 'ts': 1725832800, 'wind_dir': 123, 'wind_gust_spd': 12.4, 'wind_spd': 6.1}, {'clouds': 50, 'datetime': '2024-09-10', 'dewpt': 12.4, 'dhi': 41, 'dni': 341, 'ghi': 180, 'max_dhi': 100, 'max_dni': 810, 'max_ghi': 561, 'max_temp': 19, 'max_temp_ts': 1725976800, 'max_uv': 3.7, 'max_wind_dir': 172, 'max_wind_spd': 8.5, 'max_wind_spd_ts': 1725930000, 'min_temp': 13, 'min_temp_ts': 1726002000, 'precip': 16, 'precip_gpm': 16, 'pres': 996, 'revision_status': 'interim', 'rh': 77, 'slp': 997, 'snow': 0, 'snow_depth': None, 'solar_rad': 137, 't_dhi': 973, 't_dni': 8180, 't_ghi': 4326, 't_solar_rad': 3290, 'temp': 16.8, 'ts': 1725919200, 'wind_dir': 172, 'wind_gust_spd': 13.2, 'wind_spd': 4.9}, {'clouds': 65, 'datetime': '2024-09-11', 'dewpt': 11.7, 'dhi': 40, 'dni': 337, 'ghi': 177, 'max_dhi': 99, 'max_dni': 808, 'max_ghi': 554, 'max_temp': 16, 'max_temp_ts': 1726034400, 'max_uv': 1.2, 'max_wind_dir': 173, 'max_wind_spd': 6.8, 'max_wind_spd_ts': 1726059600, 'min_temp': 9, 'min_temp_ts': 1726088400, 'precip': 24, 'precip_gpm': 24, 'pres': 997, 'revision_status': 'interim', 'rh': 87, 'slp': 998, 'snow': 0, 'snow_depth': None, 'solar_rad': 34, 't_dhi': 963, 't_dni': 8100, 't_ghi': 4254, 't_solar_rad': 810, 'temp': 13.9, 'ts': 1726005600, 'wind_dir': 173, 'wind_gust_spd': 12.8, 'wind_spd': 4.1}], 'lat': 59.33, 'lon': 18.07, 'sources': ['024840-99999', '024830-99999', 'SWE00138886', 'SWM00002485', 'SWE00136129', 'SWE00138910', 'SWE00138894', 'SWE00138952', 'imerg', 'era5', 'modis', 'snodas'], 'state_code': '26', 'station_id': '024830-99999', 'timezone': 'Europe/Stockholm'}
[2024-09-12T19:40:06.111+0000] {logging_mixin.py:188} INFO - DataFrame saved to PostgreSQL successfully.
[2024-09-12T19:40:06.116+0000] {_metadata.py:139} WARNING - Compute Engine Metadata server unavailable on attempt 1 of 3. Reason: [Errno 111] Connection refused
[2024-09-12T19:40:06.117+0000] {_metadata.py:139} WARNING - Compute Engine Metadata server unavailable on attempt 2 of 3. Reason: [Errno 111] Connection refused
[2024-09-12T19:40:06.118+0000] {_metadata.py:139} WARNING - Compute Engine Metadata server unavailable on attempt 3 of 3. Reason: [Errno 111] Connection refused
[2024-09-12T19:40:06.119+0000] {_default.py:338} WARNING - Authentication failed using Compute Engine authentication due to unavailable metadata server.
[2024-09-12T19:40:06.119+0000] {taskinstance.py:441} INFO - ::group::Post task execution logs
[2024-09-12T19:40:06.119+0000] {taskinstance.py:2905} ERROR - Task failed with exception
Traceback (most recent call last):
  File "/home/airflow/.local/lib/python3.12/site-packages/airflow/models/taskinstance.py", line 465, in _execute_task
    result = _execute_callable(context=context, **execute_callable_kwargs)
             ^^^^^^^^^^^^^^^^^^^^^^^^^^^^^^^^^^^^^^^^^^^^^^^^^^^^^^^^^^^^^
  File "/home/airflow/.local/lib/python3.12/site-packages/airflow/models/taskinstance.py", line 432, in _execute_callable
    return execute_callable(context=context, **execute_callable_kwargs)
           ^^^^^^^^^^^^^^^^^^^^^^^^^^^^^^^^^^^^^^^^^^^^^^^^^^^^^^^^^^^^
  File "/home/airflow/.local/lib/python3.12/site-packages/airflow/models/baseoperator.py", line 400, in wrapper
    return func(self, *args, **kwargs)
           ^^^^^^^^^^^^^^^^^^^^^^^^^^^
  File "/home/airflow/.local/lib/python3.12/site-packages/airflow/operators/python.py", line 235, in execute
    return_value = self.execute_callable()
                   ^^^^^^^^^^^^^^^^^^^^^^^
  File "/home/airflow/.local/lib/python3.12/site-packages/airflow/operators/python.py", line 252, in execute_callable
    return self.python_callable(*self.op_args, **self.op_kwargs)
           ^^^^^^^^^^^^^^^^^^^^^^^^^^^^^^^^^^^^^^^^^^^^^^^^^^^^^
  File "/opt/airflow/dags/example_python_operator_hook.py", line 45, in call_api
    upload_to_gcs(df)
  File "/opt/airflow/dags/example_python_operator_hook.py", line 56, in upload_to_gcs
    client = storage.Client()
             ^^^^^^^^^^^^^^^^
  File "/home/airflow/.local/lib/python3.12/site-packages/google/cloud/storage/client.py", line 226, in __init__
    super(Client, self).__init__(
  File "/home/airflow/.local/lib/python3.12/site-packages/google/cloud/client/__init__.py", line 320, in __init__
    _ClientProjectMixin.__init__(self, project=project, credentials=credentials)
  File "/home/airflow/.local/lib/python3.12/site-packages/google/cloud/client/__init__.py", line 268, in __init__
    project = self._determine_default(project)
              ^^^^^^^^^^^^^^^^^^^^^^^^^^^^^^^^
  File "/home/airflow/.local/lib/python3.12/site-packages/google/cloud/client/__init__.py", line 287, in _determine_default
    return _determine_default_project(project)
           ^^^^^^^^^^^^^^^^^^^^^^^^^^^^^^^^^^^
  File "/home/airflow/.local/lib/python3.12/site-packages/google/cloud/_helpers/__init__.py", line 152, in _determine_default_project
    _, project = google.auth.default()
                 ^^^^^^^^^^^^^^^^^^^^^
  File "/home/airflow/.local/lib/python3.12/site-packages/google/auth/_default.py", line 691, in default
    raise exceptions.DefaultCredentialsError(_CLOUD_SDK_MISSING_CREDENTIALS)
google.auth.exceptions.DefaultCredentialsError: Your default credentials were not found. To set up Application Default Credentials, see https://cloud.google.com/docs/authentication/external/set-up-adc for more information.
[2024-09-12T19:40:06.129+0000] {taskinstance.py:1206} INFO - Marking task as FAILED. dag_id=example_python_operator_hook, task_id=call_api_task, run_id=manual__2024-09-12T19:37:03.370956+00:00, execution_date=20240912T193703, start_date=20240912T194005, end_date=20240912T194006
[2024-09-12T19:40:06.137+0000] {standard_task_runner.py:110} ERROR - Failed to execute job 48 for task call_api_task (Your default credentials were not found. To set up Application Default Credentials, see https://cloud.google.com/docs/authentication/external/set-up-adc for more information.; 2152)
[2024-09-12T19:40:06.169+0000] {local_task_job_runner.py:240} INFO - Task exited with return code 1
[2024-09-12T19:40:06.180+0000] {taskinstance.py:3498} INFO - 0 downstream tasks scheduled from follow-on schedule check
[2024-09-12T19:40:06.182+0000] {local_task_job_runner.py:222} INFO - ::endgroup::
