[2024-09-12T18:31:50.036+0000] {local_task_job_runner.py:120} INFO - ::group::Pre task execution logs
[2024-09-12T18:31:50.046+0000] {taskinstance.py:2076} INFO - Dependencies all met for dep_context=non-requeueable deps ti=<TaskInstance: example_python_operator_hook.call_api_task manual__2024-09-12T18:28:47.929367+00:00 [queued]>
[2024-09-12T18:31:50.051+0000] {taskinstance.py:2076} INFO - Dependencies all met for dep_context=requeueable deps ti=<TaskInstance: example_python_operator_hook.call_api_task manual__2024-09-12T18:28:47.929367+00:00 [queued]>
[2024-09-12T18:31:50.052+0000] {taskinstance.py:2306} INFO - Starting attempt 2 of 2
[2024-09-12T18:31:50.061+0000] {taskinstance.py:2330} INFO - Executing <Task(PythonOperator): call_api_task> on 2024-09-12 18:28:47.929367+00:00
[2024-09-12T18:31:50.067+0000] {standard_task_runner.py:90} INFO - Running: ['***', 'tasks', 'run', 'example_python_operator_hook', 'call_api_task', 'manual__2024-09-12T18:28:47.929367+00:00', '--job-id', '31', '--raw', '--subdir', 'DAGS_FOLDER/example_python_operator_hook.py', '--cfg-path', '/tmp/tmpzw02othm']
[2024-09-12T18:31:50.068+0000] {standard_task_runner.py:91} INFO - Job 31: Subtask call_api_task
[2024-09-12T18:31:50.069+0000] {logging_mixin.py:188} WARNING - /home/***/.local/lib/python3.12/site-packages/***/task/task_runner/standard_task_runner.py:61 DeprecationWarning: This process (pid=455) is multi-threaded, use of fork() may lead to deadlocks in the child.
[2024-09-12T18:31:50.069+0000] {standard_task_runner.py:63} INFO - Started process 457 to run task
[2024-09-12T18:31:50.094+0000] {task_command.py:426} INFO - Running <TaskInstance: example_python_operator_hook.call_api_task manual__2024-09-12T18:28:47.929367+00:00 [running]> on host 3bade3032056
[2024-09-12T18:31:50.223+0000] {taskinstance.py:2648} INFO - Exporting env vars: AIRFLOW_CTX_DAG_OWNER='***' AIRFLOW_CTX_DAG_ID='example_python_operator_hook' AIRFLOW_CTX_TASK_ID='call_api_task' AIRFLOW_CTX_EXECUTION_DATE='2024-09-12T18:28:47.929367+00:00' AIRFLOW_CTX_TRY_NUMBER='2' AIRFLOW_CTX_DAG_RUN_ID='manual__2024-09-12T18:28:47.929367+00:00'
[2024-09-12T18:31:50.224+0000] {taskinstance.py:430} INFO - ::endgroup::
[2024-09-12T18:31:50.237+0000] {base.py:84} INFO - Using connection ID 'ingestion_api' for task execution.
[2024-09-12T18:31:50.387+0000] {logging_mixin.py:188} INFO - Response Type: <class 'dict'>
[2024-09-12T18:31:50.387+0000] {logging_mixin.py:188} INFO - Response Content: {'city_id': '2674672', 'city_name': 'Gamla Stan', 'country_code': 'SE', 'data': [{'clouds': 50, 'datetime': '2024-09-09', 'dewpt': 12.3, 'dhi': 41, 'dni': 344, 'ghi': 183, 'max_dhi': 100, 'max_dni': 812, 'max_ghi': 567, 'max_temp': 23, 'max_temp_ts': 1725876000, 'max_uv': 3.2, 'max_wind_dir': 123, 'max_wind_spd': 9, 'max_wind_spd_ts': 1725890400, 'min_temp': 16, 'min_temp_ts': 1725854400, 'precip': 6.1, 'precip_gpm': 6.1, 'pres': 1006, 'revision_status': 'interim', 'rh': 64, 'slp': 1007, 'snow': 0, 'snow_depth': None, 'solar_rad': 123, 't_dhi': 982, 't_dni': 8258, 't_ghi': 4397, 't_solar_rad': 2944, 'temp': 19.8, 'ts': 1725832800, 'wind_dir': 123, 'wind_gust_spd': 11.1, 'wind_spd': 6.1}, {'clouds': 50, 'datetime': '2024-09-10', 'dewpt': 12.4, 'dhi': 41, 'dni': 341, 'ghi': 180, 'max_dhi': 100, 'max_dni': 810, 'max_ghi': 561, 'max_temp': 19, 'max_temp_ts': 1725976800, 'max_uv': 3.9, 'max_wind_dir': 172, 'max_wind_spd': 8.5, 'max_wind_spd_ts': 1725930000, 'min_temp': 13, 'min_temp_ts': 1726002000, 'precip': 16, 'precip_gpm': 16, 'pres': 996, 'revision_status': 'interim', 'rh': 77, 'slp': 997, 'snow': 0, 'snow_depth': None, 'solar_rad': 142, 't_dhi': 973, 't_dni': 8180, 't_ghi': 4326, 't_solar_rad': 3398, 'temp': 16.8, 'ts': 1725919200, 'wind_dir': 172, 'wind_gust_spd': 10.3, 'wind_spd': 4.9}, {'clouds': 65, 'datetime': '2024-09-11', 'dewpt': 11.7, 'dhi': 40, 'dni': 337, 'ghi': 177, 'max_dhi': 99, 'max_dni': 808, 'max_ghi': 554, 'max_temp': 16, 'max_temp_ts': 1726034400, 'max_uv': 1.9, 'max_wind_dir': 173, 'max_wind_spd': 6.8, 'max_wind_spd_ts': 1726059600, 'min_temp': 9, 'min_temp_ts': 1726088400, 'precip': 24, 'precip_gpm': 24, 'pres': 997, 'revision_status': 'interim', 'rh': 87, 'slp': 998, 'snow': 0, 'snow_depth': None, 'solar_rad': 90, 't_dhi': 963, 't_dni': 8100, 't_ghi': 4254, 't_solar_rad': 2163, 'temp': 13.9, 'ts': 1726005600, 'wind_dir': 173, 'wind_gust_spd': 8, 'wind_spd': 4.1}], 'lat': 59.33, 'lon': 18.07, 'sources': ['024840-99999', '024830-99999', 'SWE00138886', 'SWM00002485', 'SWE00136129', 'SWE00138910', 'SWE00138894', 'SWE00138952', 'imerg', 'era5', 'modis', 'snodas'], 'state_code': '26', 'station_id': '024830-99999', 'timezone': 'Europe/Stockholm'}
[2024-09-12T18:31:50.424+0000] {logging_mixin.py:188} INFO - DataFrame saved to PostgreSQL successfully.
[2024-09-12T18:31:50.427+0000] {logging_mixin.py:188} INFO - Cleaned data saved to cleaned_weather_data.csv
[2024-09-12T18:31:50.428+0000] {python.py:237} INFO - Done. Returned value was: None
[2024-09-12T18:31:50.428+0000] {taskinstance.py:441} INFO - ::group::Post task execution logs
[2024-09-12T18:31:50.434+0000] {taskinstance.py:1206} INFO - Marking task as SUCCESS. dag_id=example_python_operator_hook, task_id=call_api_task, run_id=manual__2024-09-12T18:28:47.929367+00:00, execution_date=20240912T182847, start_date=20240912T183150, end_date=20240912T183150
[2024-09-12T18:31:50.483+0000] {local_task_job_runner.py:240} INFO - Task exited with return code 0
[2024-09-12T18:31:50.494+0000] {taskinstance.py:3498} INFO - 0 downstream tasks scheduled from follow-on schedule check
[2024-09-12T18:31:50.496+0000] {local_task_job_runner.py:222} INFO - ::endgroup::
