[2024-09-18T04:48:25.032+0000] {processor.py:161} INFO - Started process (PID=184) to work on /opt/airflow/dags/example_python_operator_hook.py
[2024-09-18T04:48:25.033+0000] {processor.py:830} INFO - Processing file /opt/airflow/dags/example_python_operator_hook.py for tasks to queue
[2024-09-18T04:48:25.034+0000] {logging_mixin.py:188} INFO - [2024-09-18T04:48:25.034+0000] {dagbag.py:545} INFO - Filling up the DagBag from /opt/airflow/dags/example_python_operator_hook.py
[2024-09-18T04:48:25.068+0000] {processor.py:840} INFO - DAG(s) 'example_python_operator_hook' retrieved from /opt/airflow/dags/example_python_operator_hook.py
[2024-09-18T04:48:25.195+0000] {logging_mixin.py:188} INFO - [2024-09-18T04:48:25.194+0000] {dag.py:3096} INFO - Sync 1 DAGs
[2024-09-18T04:48:25.214+0000] {logging_mixin.py:188} INFO - [2024-09-18T04:48:25.214+0000] {dag.py:3954} INFO - Setting next_dagrun for example_python_operator_hook to 2024-09-18 00:00:00+00:00, run_after=2024-09-19 00:00:00+00:00
[2024-09-18T04:48:25.233+0000] {processor.py:183} INFO - Processing /opt/airflow/dags/example_python_operator_hook.py took 0.209 seconds
[2024-09-18T04:48:55.357+0000] {processor.py:161} INFO - Started process (PID=203) to work on /opt/airflow/dags/example_python_operator_hook.py
[2024-09-18T04:48:55.358+0000] {processor.py:830} INFO - Processing file /opt/airflow/dags/example_python_operator_hook.py for tasks to queue
[2024-09-18T04:48:55.359+0000] {logging_mixin.py:188} INFO - [2024-09-18T04:48:55.359+0000] {dagbag.py:545} INFO - Filling up the DagBag from /opt/airflow/dags/example_python_operator_hook.py
[2024-09-18T04:48:55.391+0000] {processor.py:840} INFO - DAG(s) 'example_python_operator_hook' retrieved from /opt/airflow/dags/example_python_operator_hook.py
[2024-09-18T04:48:55.408+0000] {logging_mixin.py:188} INFO - [2024-09-18T04:48:55.408+0000] {dag.py:3096} INFO - Sync 1 DAGs
[2024-09-18T04:48:55.426+0000] {logging_mixin.py:188} INFO - [2024-09-18T04:48:55.425+0000] {dag.py:3954} INFO - Setting next_dagrun for example_python_operator_hook to 2024-09-18 00:00:00+00:00, run_after=2024-09-19 00:00:00+00:00
[2024-09-18T04:48:55.444+0000] {processor.py:183} INFO - Processing /opt/airflow/dags/example_python_operator_hook.py took 0.094 seconds
[2024-09-18T04:49:25.549+0000] {processor.py:161} INFO - Started process (PID=214) to work on /opt/airflow/dags/example_python_operator_hook.py
[2024-09-18T04:49:25.550+0000] {processor.py:830} INFO - Processing file /opt/airflow/dags/example_python_operator_hook.py for tasks to queue
[2024-09-18T04:49:25.551+0000] {logging_mixin.py:188} INFO - [2024-09-18T04:49:25.551+0000] {dagbag.py:545} INFO - Filling up the DagBag from /opt/airflow/dags/example_python_operator_hook.py
[2024-09-18T04:49:25.582+0000] {processor.py:840} INFO - DAG(s) 'example_python_operator_hook' retrieved from /opt/airflow/dags/example_python_operator_hook.py
[2024-09-18T04:49:25.598+0000] {logging_mixin.py:188} INFO - [2024-09-18T04:49:25.598+0000] {dag.py:3096} INFO - Sync 1 DAGs
[2024-09-18T04:49:25.617+0000] {logging_mixin.py:188} INFO - [2024-09-18T04:49:25.617+0000] {dag.py:3954} INFO - Setting next_dagrun for example_python_operator_hook to 2024-09-18 00:00:00+00:00, run_after=2024-09-19 00:00:00+00:00
[2024-09-18T04:49:25.631+0000] {processor.py:183} INFO - Processing /opt/airflow/dags/example_python_operator_hook.py took 0.090 seconds
[2024-09-18T04:49:55.741+0000] {processor.py:161} INFO - Started process (PID=225) to work on /opt/airflow/dags/example_python_operator_hook.py
[2024-09-18T04:49:55.741+0000] {processor.py:830} INFO - Processing file /opt/airflow/dags/example_python_operator_hook.py for tasks to queue
[2024-09-18T04:49:55.743+0000] {logging_mixin.py:188} INFO - [2024-09-18T04:49:55.742+0000] {dagbag.py:545} INFO - Filling up the DagBag from /opt/airflow/dags/example_python_operator_hook.py
[2024-09-18T04:49:55.774+0000] {processor.py:840} INFO - DAG(s) 'example_python_operator_hook' retrieved from /opt/airflow/dags/example_python_operator_hook.py
[2024-09-18T04:49:55.791+0000] {logging_mixin.py:188} INFO - [2024-09-18T04:49:55.790+0000] {dag.py:3096} INFO - Sync 1 DAGs
[2024-09-18T04:49:55.808+0000] {logging_mixin.py:188} INFO - [2024-09-18T04:49:55.808+0000] {dag.py:3954} INFO - Setting next_dagrun for example_python_operator_hook to 2024-09-18 00:00:00+00:00, run_after=2024-09-19 00:00:00+00:00
[2024-09-18T04:49:55.822+0000] {processor.py:183} INFO - Processing /opt/airflow/dags/example_python_operator_hook.py took 0.089 seconds
[2024-09-18T04:50:25.928+0000] {processor.py:161} INFO - Started process (PID=236) to work on /opt/airflow/dags/example_python_operator_hook.py
[2024-09-18T04:50:25.928+0000] {processor.py:830} INFO - Processing file /opt/airflow/dags/example_python_operator_hook.py for tasks to queue
[2024-09-18T04:50:25.930+0000] {logging_mixin.py:188} INFO - [2024-09-18T04:50:25.930+0000] {dagbag.py:545} INFO - Filling up the DagBag from /opt/airflow/dags/example_python_operator_hook.py
[2024-09-18T04:50:25.961+0000] {processor.py:840} INFO - DAG(s) 'example_python_operator_hook' retrieved from /opt/airflow/dags/example_python_operator_hook.py
[2024-09-18T04:50:25.978+0000] {logging_mixin.py:188} INFO - [2024-09-18T04:50:25.978+0000] {dag.py:3096} INFO - Sync 1 DAGs
[2024-09-18T04:50:25.997+0000] {logging_mixin.py:188} INFO - [2024-09-18T04:50:25.996+0000] {dag.py:3954} INFO - Setting next_dagrun for example_python_operator_hook to 2024-09-18 00:00:00+00:00, run_after=2024-09-19 00:00:00+00:00
[2024-09-18T04:50:26.012+0000] {processor.py:183} INFO - Processing /opt/airflow/dags/example_python_operator_hook.py took 0.091 seconds
[2024-09-18T04:50:56.125+0000] {processor.py:161} INFO - Started process (PID=247) to work on /opt/airflow/dags/example_python_operator_hook.py
[2024-09-18T04:50:56.125+0000] {processor.py:830} INFO - Processing file /opt/airflow/dags/example_python_operator_hook.py for tasks to queue
[2024-09-18T04:50:56.127+0000] {logging_mixin.py:188} INFO - [2024-09-18T04:50:56.127+0000] {dagbag.py:545} INFO - Filling up the DagBag from /opt/airflow/dags/example_python_operator_hook.py
[2024-09-18T04:50:56.163+0000] {processor.py:840} INFO - DAG(s) 'example_python_operator_hook' retrieved from /opt/airflow/dags/example_python_operator_hook.py
[2024-09-18T04:50:56.181+0000] {logging_mixin.py:188} INFO - [2024-09-18T04:50:56.180+0000] {dag.py:3096} INFO - Sync 1 DAGs
[2024-09-18T04:50:56.198+0000] {logging_mixin.py:188} INFO - [2024-09-18T04:50:56.198+0000] {dag.py:3954} INFO - Setting next_dagrun for example_python_operator_hook to 2024-09-18 00:00:00+00:00, run_after=2024-09-19 00:00:00+00:00
[2024-09-18T04:50:56.212+0000] {processor.py:183} INFO - Processing /opt/airflow/dags/example_python_operator_hook.py took 0.096 seconds
[2024-09-18T04:51:26.323+0000] {processor.py:161} INFO - Started process (PID=258) to work on /opt/airflow/dags/example_python_operator_hook.py
[2024-09-18T04:51:26.324+0000] {processor.py:830} INFO - Processing file /opt/airflow/dags/example_python_operator_hook.py for tasks to queue
[2024-09-18T04:51:26.325+0000] {logging_mixin.py:188} INFO - [2024-09-18T04:51:26.325+0000] {dagbag.py:545} INFO - Filling up the DagBag from /opt/airflow/dags/example_python_operator_hook.py
[2024-09-18T04:51:26.357+0000] {processor.py:840} INFO - DAG(s) 'example_python_operator_hook' retrieved from /opt/airflow/dags/example_python_operator_hook.py
[2024-09-18T04:51:26.373+0000] {logging_mixin.py:188} INFO - [2024-09-18T04:51:26.373+0000] {dag.py:3096} INFO - Sync 1 DAGs
[2024-09-18T04:51:26.390+0000] {logging_mixin.py:188} INFO - [2024-09-18T04:51:26.390+0000] {dag.py:3954} INFO - Setting next_dagrun for example_python_operator_hook to 2024-09-18 00:00:00+00:00, run_after=2024-09-19 00:00:00+00:00
[2024-09-18T04:51:26.405+0000] {processor.py:183} INFO - Processing /opt/airflow/dags/example_python_operator_hook.py took 0.089 seconds
[2024-09-18T04:51:56.442+0000] {processor.py:161} INFO - Started process (PID=269) to work on /opt/airflow/dags/example_python_operator_hook.py
[2024-09-18T04:51:56.443+0000] {processor.py:830} INFO - Processing file /opt/airflow/dags/example_python_operator_hook.py for tasks to queue
[2024-09-18T04:51:56.445+0000] {logging_mixin.py:188} INFO - [2024-09-18T04:51:56.444+0000] {dagbag.py:545} INFO - Filling up the DagBag from /opt/airflow/dags/example_python_operator_hook.py
[2024-09-18T04:51:56.475+0000] {processor.py:840} INFO - DAG(s) 'example_python_operator_hook' retrieved from /opt/airflow/dags/example_python_operator_hook.py
[2024-09-18T04:51:56.491+0000] {logging_mixin.py:188} INFO - [2024-09-18T04:51:56.491+0000] {dag.py:3096} INFO - Sync 1 DAGs
[2024-09-18T04:51:56.508+0000] {logging_mixin.py:188} INFO - [2024-09-18T04:51:56.508+0000] {dag.py:3954} INFO - Setting next_dagrun for example_python_operator_hook to 2024-09-18 00:00:00+00:00, run_after=2024-09-19 00:00:00+00:00
[2024-09-18T04:51:56.522+0000] {processor.py:183} INFO - Processing /opt/airflow/dags/example_python_operator_hook.py took 0.087 seconds
[2024-09-18T04:52:26.633+0000] {processor.py:161} INFO - Started process (PID=280) to work on /opt/airflow/dags/example_python_operator_hook.py
[2024-09-18T04:52:26.634+0000] {processor.py:830} INFO - Processing file /opt/airflow/dags/example_python_operator_hook.py for tasks to queue
[2024-09-18T04:52:26.635+0000] {logging_mixin.py:188} INFO - [2024-09-18T04:52:26.635+0000] {dagbag.py:545} INFO - Filling up the DagBag from /opt/airflow/dags/example_python_operator_hook.py
[2024-09-18T04:52:26.668+0000] {processor.py:840} INFO - DAG(s) 'example_python_operator_hook' retrieved from /opt/airflow/dags/example_python_operator_hook.py
[2024-09-18T04:52:26.685+0000] {logging_mixin.py:188} INFO - [2024-09-18T04:52:26.685+0000] {dag.py:3096} INFO - Sync 1 DAGs
[2024-09-18T04:52:26.703+0000] {logging_mixin.py:188} INFO - [2024-09-18T04:52:26.703+0000] {dag.py:3954} INFO - Setting next_dagrun for example_python_operator_hook to 2024-09-18 00:00:00+00:00, run_after=2024-09-19 00:00:00+00:00
[2024-09-18T04:52:26.717+0000] {processor.py:183} INFO - Processing /opt/airflow/dags/example_python_operator_hook.py took 0.091 seconds
[2024-09-18T04:52:56.757+0000] {processor.py:161} INFO - Started process (PID=291) to work on /opt/airflow/dags/example_python_operator_hook.py
[2024-09-18T04:52:56.757+0000] {processor.py:830} INFO - Processing file /opt/airflow/dags/example_python_operator_hook.py for tasks to queue
[2024-09-18T04:52:56.759+0000] {logging_mixin.py:188} INFO - [2024-09-18T04:52:56.759+0000] {dagbag.py:545} INFO - Filling up the DagBag from /opt/airflow/dags/example_python_operator_hook.py
[2024-09-18T04:52:56.790+0000] {processor.py:840} INFO - DAG(s) 'example_python_operator_hook' retrieved from /opt/airflow/dags/example_python_operator_hook.py
[2024-09-18T04:52:56.806+0000] {logging_mixin.py:188} INFO - [2024-09-18T04:52:56.806+0000] {dag.py:3096} INFO - Sync 1 DAGs
[2024-09-18T04:52:56.825+0000] {logging_mixin.py:188} INFO - [2024-09-18T04:52:56.825+0000] {dag.py:3954} INFO - Setting next_dagrun for example_python_operator_hook to 2024-09-18 00:00:00+00:00, run_after=2024-09-19 00:00:00+00:00
[2024-09-18T04:52:56.839+0000] {processor.py:183} INFO - Processing /opt/airflow/dags/example_python_operator_hook.py took 0.090 seconds
[2024-09-18T04:53:26.966+0000] {processor.py:161} INFO - Started process (PID=302) to work on /opt/airflow/dags/example_python_operator_hook.py
[2024-09-18T04:53:26.967+0000] {processor.py:830} INFO - Processing file /opt/airflow/dags/example_python_operator_hook.py for tasks to queue
[2024-09-18T04:53:26.969+0000] {logging_mixin.py:188} INFO - [2024-09-18T04:53:26.968+0000] {dagbag.py:545} INFO - Filling up the DagBag from /opt/airflow/dags/example_python_operator_hook.py
[2024-09-18T04:53:27.000+0000] {processor.py:840} INFO - DAG(s) 'example_python_operator_hook' retrieved from /opt/airflow/dags/example_python_operator_hook.py
[2024-09-18T04:53:27.016+0000] {logging_mixin.py:188} INFO - [2024-09-18T04:53:27.016+0000] {dag.py:3096} INFO - Sync 1 DAGs
[2024-09-18T04:53:27.032+0000] {logging_mixin.py:188} INFO - [2024-09-18T04:53:27.032+0000] {dag.py:3954} INFO - Setting next_dagrun for example_python_operator_hook to 2024-09-18 00:00:00+00:00, run_after=2024-09-19 00:00:00+00:00
[2024-09-18T04:53:27.046+0000] {processor.py:183} INFO - Processing /opt/airflow/dags/example_python_operator_hook.py took 0.087 seconds
[2024-09-18T04:53:57.089+0000] {processor.py:161} INFO - Started process (PID=313) to work on /opt/airflow/dags/example_python_operator_hook.py
[2024-09-18T04:53:57.090+0000] {processor.py:830} INFO - Processing file /opt/airflow/dags/example_python_operator_hook.py for tasks to queue
[2024-09-18T04:53:57.091+0000] {logging_mixin.py:188} INFO - [2024-09-18T04:53:57.091+0000] {dagbag.py:545} INFO - Filling up the DagBag from /opt/airflow/dags/example_python_operator_hook.py
[2024-09-18T04:53:57.121+0000] {processor.py:840} INFO - DAG(s) 'example_python_operator_hook' retrieved from /opt/airflow/dags/example_python_operator_hook.py
[2024-09-18T04:53:57.137+0000] {logging_mixin.py:188} INFO - [2024-09-18T04:53:57.137+0000] {dag.py:3096} INFO - Sync 1 DAGs
[2024-09-18T04:53:57.153+0000] {logging_mixin.py:188} INFO - [2024-09-18T04:53:57.153+0000] {dag.py:3954} INFO - Setting next_dagrun for example_python_operator_hook to 2024-09-18 00:00:00+00:00, run_after=2024-09-19 00:00:00+00:00
[2024-09-18T04:53:57.167+0000] {processor.py:183} INFO - Processing /opt/airflow/dags/example_python_operator_hook.py took 0.085 seconds
[2024-09-18T04:54:27.272+0000] {processor.py:161} INFO - Started process (PID=324) to work on /opt/airflow/dags/example_python_operator_hook.py
[2024-09-18T04:54:27.272+0000] {processor.py:830} INFO - Processing file /opt/airflow/dags/example_python_operator_hook.py for tasks to queue
[2024-09-18T04:54:27.274+0000] {logging_mixin.py:188} INFO - [2024-09-18T04:54:27.273+0000] {dagbag.py:545} INFO - Filling up the DagBag from /opt/airflow/dags/example_python_operator_hook.py
[2024-09-18T04:54:27.303+0000] {processor.py:840} INFO - DAG(s) 'example_python_operator_hook' retrieved from /opt/airflow/dags/example_python_operator_hook.py
[2024-09-18T04:54:27.319+0000] {logging_mixin.py:188} INFO - [2024-09-18T04:54:27.319+0000] {dag.py:3096} INFO - Sync 1 DAGs
[2024-09-18T04:54:27.335+0000] {logging_mixin.py:188} INFO - [2024-09-18T04:54:27.335+0000] {dag.py:3954} INFO - Setting next_dagrun for example_python_operator_hook to 2024-09-18 00:00:00+00:00, run_after=2024-09-19 00:00:00+00:00
[2024-09-18T04:54:27.349+0000] {processor.py:183} INFO - Processing /opt/airflow/dags/example_python_operator_hook.py took 0.085 seconds
[2024-09-18T04:54:57.395+0000] {processor.py:161} INFO - Started process (PID=335) to work on /opt/airflow/dags/example_python_operator_hook.py
[2024-09-18T04:54:57.396+0000] {processor.py:830} INFO - Processing file /opt/airflow/dags/example_python_operator_hook.py for tasks to queue
[2024-09-18T04:54:57.397+0000] {logging_mixin.py:188} INFO - [2024-09-18T04:54:57.397+0000] {dagbag.py:545} INFO - Filling up the DagBag from /opt/airflow/dags/example_python_operator_hook.py
[2024-09-18T04:54:57.427+0000] {processor.py:840} INFO - DAG(s) 'example_python_operator_hook' retrieved from /opt/airflow/dags/example_python_operator_hook.py
[2024-09-18T04:54:57.444+0000] {logging_mixin.py:188} INFO - [2024-09-18T04:54:57.443+0000] {dag.py:3096} INFO - Sync 1 DAGs
[2024-09-18T04:54:57.461+0000] {logging_mixin.py:188} INFO - [2024-09-18T04:54:57.461+0000] {dag.py:3954} INFO - Setting next_dagrun for example_python_operator_hook to 2024-09-18 00:00:00+00:00, run_after=2024-09-19 00:00:00+00:00
[2024-09-18T04:54:57.476+0000] {processor.py:183} INFO - Processing /opt/airflow/dags/example_python_operator_hook.py took 0.088 seconds
[2024-09-18T04:55:27.581+0000] {processor.py:161} INFO - Started process (PID=346) to work on /opt/airflow/dags/example_python_operator_hook.py
[2024-09-18T04:55:27.582+0000] {processor.py:830} INFO - Processing file /opt/airflow/dags/example_python_operator_hook.py for tasks to queue
[2024-09-18T04:55:27.583+0000] {logging_mixin.py:188} INFO - [2024-09-18T04:55:27.583+0000] {dagbag.py:545} INFO - Filling up the DagBag from /opt/airflow/dags/example_python_operator_hook.py
[2024-09-18T04:55:27.618+0000] {processor.py:840} INFO - DAG(s) 'example_python_operator_hook' retrieved from /opt/airflow/dags/example_python_operator_hook.py
[2024-09-18T04:55:27.633+0000] {logging_mixin.py:188} INFO - [2024-09-18T04:55:27.633+0000] {dag.py:3096} INFO - Sync 1 DAGs
[2024-09-18T04:55:27.650+0000] {logging_mixin.py:188} INFO - [2024-09-18T04:55:27.650+0000] {dag.py:3954} INFO - Setting next_dagrun for example_python_operator_hook to 2024-09-18 00:00:00+00:00, run_after=2024-09-19 00:00:00+00:00
[2024-09-18T04:55:27.664+0000] {processor.py:183} INFO - Processing /opt/airflow/dags/example_python_operator_hook.py took 0.090 seconds
[2024-09-18T04:55:57.708+0000] {processor.py:161} INFO - Started process (PID=357) to work on /opt/airflow/dags/example_python_operator_hook.py
[2024-09-18T04:55:57.708+0000] {processor.py:830} INFO - Processing file /opt/airflow/dags/example_python_operator_hook.py for tasks to queue
[2024-09-18T04:55:57.710+0000] {logging_mixin.py:188} INFO - [2024-09-18T04:55:57.710+0000] {dagbag.py:545} INFO - Filling up the DagBag from /opt/airflow/dags/example_python_operator_hook.py
[2024-09-18T04:55:57.742+0000] {processor.py:840} INFO - DAG(s) 'example_python_operator_hook' retrieved from /opt/airflow/dags/example_python_operator_hook.py
[2024-09-18T04:55:57.759+0000] {logging_mixin.py:188} INFO - [2024-09-18T04:55:57.759+0000] {dag.py:3096} INFO - Sync 1 DAGs
[2024-09-18T04:55:57.777+0000] {logging_mixin.py:188} INFO - [2024-09-18T04:55:57.777+0000] {dag.py:3954} INFO - Setting next_dagrun for example_python_operator_hook to 2024-09-18 00:00:00+00:00, run_after=2024-09-19 00:00:00+00:00
[2024-09-18T04:55:57.791+0000] {processor.py:183} INFO - Processing /opt/airflow/dags/example_python_operator_hook.py took 0.091 seconds
[2024-09-18T04:56:27.896+0000] {processor.py:161} INFO - Started process (PID=368) to work on /opt/airflow/dags/example_python_operator_hook.py
[2024-09-18T04:56:27.897+0000] {processor.py:830} INFO - Processing file /opt/airflow/dags/example_python_operator_hook.py for tasks to queue
[2024-09-18T04:56:27.899+0000] {logging_mixin.py:188} INFO - [2024-09-18T04:56:27.898+0000] {dagbag.py:545} INFO - Filling up the DagBag from /opt/airflow/dags/example_python_operator_hook.py
[2024-09-18T04:56:27.929+0000] {processor.py:840} INFO - DAG(s) 'example_python_operator_hook' retrieved from /opt/airflow/dags/example_python_operator_hook.py
[2024-09-18T04:56:27.946+0000] {logging_mixin.py:188} INFO - [2024-09-18T04:56:27.946+0000] {dag.py:3096} INFO - Sync 1 DAGs
[2024-09-18T04:56:27.962+0000] {logging_mixin.py:188} INFO - [2024-09-18T04:56:27.962+0000] {dag.py:3954} INFO - Setting next_dagrun for example_python_operator_hook to 2024-09-18 00:00:00+00:00, run_after=2024-09-19 00:00:00+00:00
[2024-09-18T04:56:27.976+0000] {processor.py:183} INFO - Processing /opt/airflow/dags/example_python_operator_hook.py took 0.086 seconds
[2024-09-18T04:56:58.022+0000] {processor.py:161} INFO - Started process (PID=379) to work on /opt/airflow/dags/example_python_operator_hook.py
[2024-09-18T04:56:58.023+0000] {processor.py:830} INFO - Processing file /opt/airflow/dags/example_python_operator_hook.py for tasks to queue
[2024-09-18T04:56:58.024+0000] {logging_mixin.py:188} INFO - [2024-09-18T04:56:58.024+0000] {dagbag.py:545} INFO - Filling up the DagBag from /opt/airflow/dags/example_python_operator_hook.py
[2024-09-18T04:56:58.056+0000] {processor.py:840} INFO - DAG(s) 'example_python_operator_hook' retrieved from /opt/airflow/dags/example_python_operator_hook.py
[2024-09-18T04:56:58.073+0000] {logging_mixin.py:188} INFO - [2024-09-18T04:56:58.073+0000] {dag.py:3096} INFO - Sync 1 DAGs
[2024-09-18T04:56:58.090+0000] {logging_mixin.py:188} INFO - [2024-09-18T04:56:58.090+0000] {dag.py:3954} INFO - Setting next_dagrun for example_python_operator_hook to 2024-09-18 00:00:00+00:00, run_after=2024-09-19 00:00:00+00:00
[2024-09-18T04:56:58.104+0000] {processor.py:183} INFO - Processing /opt/airflow/dags/example_python_operator_hook.py took 0.089 seconds
[2024-09-18T04:57:28.212+0000] {processor.py:161} INFO - Started process (PID=390) to work on /opt/airflow/dags/example_python_operator_hook.py
[2024-09-18T04:57:28.213+0000] {processor.py:830} INFO - Processing file /opt/airflow/dags/example_python_operator_hook.py for tasks to queue
[2024-09-18T04:57:28.214+0000] {logging_mixin.py:188} INFO - [2024-09-18T04:57:28.214+0000] {dagbag.py:545} INFO - Filling up the DagBag from /opt/airflow/dags/example_python_operator_hook.py
[2024-09-18T04:57:28.246+0000] {processor.py:840} INFO - DAG(s) 'example_python_operator_hook' retrieved from /opt/airflow/dags/example_python_operator_hook.py
[2024-09-18T04:57:28.263+0000] {logging_mixin.py:188} INFO - [2024-09-18T04:57:28.263+0000] {dag.py:3096} INFO - Sync 1 DAGs
[2024-09-18T04:57:28.280+0000] {logging_mixin.py:188} INFO - [2024-09-18T04:57:28.280+0000] {dag.py:3954} INFO - Setting next_dagrun for example_python_operator_hook to 2024-09-18 00:00:00+00:00, run_after=2024-09-19 00:00:00+00:00
[2024-09-18T04:57:28.295+0000] {processor.py:183} INFO - Processing /opt/airflow/dags/example_python_operator_hook.py took 0.090 seconds
[2024-09-18T04:57:58.345+0000] {processor.py:161} INFO - Started process (PID=401) to work on /opt/airflow/dags/example_python_operator_hook.py
[2024-09-18T04:57:58.345+0000] {processor.py:830} INFO - Processing file /opt/airflow/dags/example_python_operator_hook.py for tasks to queue
[2024-09-18T04:57:58.347+0000] {logging_mixin.py:188} INFO - [2024-09-18T04:57:58.347+0000] {dagbag.py:545} INFO - Filling up the DagBag from /opt/airflow/dags/example_python_operator_hook.py
[2024-09-18T04:57:58.380+0000] {processor.py:840} INFO - DAG(s) 'example_python_operator_hook' retrieved from /opt/airflow/dags/example_python_operator_hook.py
[2024-09-18T04:57:58.397+0000] {logging_mixin.py:188} INFO - [2024-09-18T04:57:58.397+0000] {dag.py:3096} INFO - Sync 1 DAGs
[2024-09-18T04:57:58.414+0000] {logging_mixin.py:188} INFO - [2024-09-18T04:57:58.414+0000] {dag.py:3954} INFO - Setting next_dagrun for example_python_operator_hook to 2024-09-18 00:00:00+00:00, run_after=2024-09-19 00:00:00+00:00
[2024-09-18T04:57:58.429+0000] {processor.py:183} INFO - Processing /opt/airflow/dags/example_python_operator_hook.py took 0.092 seconds
[2024-09-18T04:58:28.559+0000] {processor.py:161} INFO - Started process (PID=412) to work on /opt/airflow/dags/example_python_operator_hook.py
[2024-09-18T04:58:28.560+0000] {processor.py:830} INFO - Processing file /opt/airflow/dags/example_python_operator_hook.py for tasks to queue
[2024-09-18T04:58:28.561+0000] {logging_mixin.py:188} INFO - [2024-09-18T04:58:28.561+0000] {dagbag.py:545} INFO - Filling up the DagBag from /opt/airflow/dags/example_python_operator_hook.py
[2024-09-18T04:58:28.593+0000] {processor.py:840} INFO - DAG(s) 'example_python_operator_hook' retrieved from /opt/airflow/dags/example_python_operator_hook.py
[2024-09-18T04:58:28.610+0000] {logging_mixin.py:188} INFO - [2024-09-18T04:58:28.609+0000] {dag.py:3096} INFO - Sync 1 DAGs
[2024-09-18T04:58:28.627+0000] {logging_mixin.py:188} INFO - [2024-09-18T04:58:28.627+0000] {dag.py:3954} INFO - Setting next_dagrun for example_python_operator_hook to 2024-09-18 00:00:00+00:00, run_after=2024-09-19 00:00:00+00:00
[2024-09-18T04:58:28.642+0000] {processor.py:183} INFO - Processing /opt/airflow/dags/example_python_operator_hook.py took 0.090 seconds
[2024-09-18T04:58:58.682+0000] {processor.py:161} INFO - Started process (PID=423) to work on /opt/airflow/dags/example_python_operator_hook.py
[2024-09-18T04:58:58.683+0000] {processor.py:830} INFO - Processing file /opt/airflow/dags/example_python_operator_hook.py for tasks to queue
[2024-09-18T04:58:58.684+0000] {logging_mixin.py:188} INFO - [2024-09-18T04:58:58.684+0000] {dagbag.py:545} INFO - Filling up the DagBag from /opt/airflow/dags/example_python_operator_hook.py
[2024-09-18T04:58:58.716+0000] {processor.py:840} INFO - DAG(s) 'example_python_operator_hook' retrieved from /opt/airflow/dags/example_python_operator_hook.py
[2024-09-18T04:58:58.732+0000] {logging_mixin.py:188} INFO - [2024-09-18T04:58:58.732+0000] {dag.py:3096} INFO - Sync 1 DAGs
[2024-09-18T04:58:58.750+0000] {logging_mixin.py:188} INFO - [2024-09-18T04:58:58.750+0000] {dag.py:3954} INFO - Setting next_dagrun for example_python_operator_hook to 2024-09-18 00:00:00+00:00, run_after=2024-09-19 00:00:00+00:00
[2024-09-18T04:58:58.764+0000] {processor.py:183} INFO - Processing /opt/airflow/dags/example_python_operator_hook.py took 0.090 seconds
[2024-09-18T04:59:28.874+0000] {processor.py:161} INFO - Started process (PID=434) to work on /opt/airflow/dags/example_python_operator_hook.py
[2024-09-18T04:59:28.875+0000] {processor.py:830} INFO - Processing file /opt/airflow/dags/example_python_operator_hook.py for tasks to queue
[2024-09-18T04:59:28.876+0000] {logging_mixin.py:188} INFO - [2024-09-18T04:59:28.876+0000] {dagbag.py:545} INFO - Filling up the DagBag from /opt/airflow/dags/example_python_operator_hook.py
[2024-09-18T04:59:28.907+0000] {processor.py:840} INFO - DAG(s) 'example_python_operator_hook' retrieved from /opt/airflow/dags/example_python_operator_hook.py
[2024-09-18T04:59:28.923+0000] {logging_mixin.py:188} INFO - [2024-09-18T04:59:28.922+0000] {dag.py:3096} INFO - Sync 1 DAGs
[2024-09-18T04:59:28.939+0000] {logging_mixin.py:188} INFO - [2024-09-18T04:59:28.939+0000] {dag.py:3954} INFO - Setting next_dagrun for example_python_operator_hook to 2024-09-18 00:00:00+00:00, run_after=2024-09-19 00:00:00+00:00
[2024-09-18T04:59:28.954+0000] {processor.py:183} INFO - Processing /opt/airflow/dags/example_python_operator_hook.py took 0.086 seconds
[2024-09-18T04:59:59.003+0000] {processor.py:161} INFO - Started process (PID=445) to work on /opt/airflow/dags/example_python_operator_hook.py
[2024-09-18T04:59:59.004+0000] {processor.py:830} INFO - Processing file /opt/airflow/dags/example_python_operator_hook.py for tasks to queue
[2024-09-18T04:59:59.006+0000] {logging_mixin.py:188} INFO - [2024-09-18T04:59:59.005+0000] {dagbag.py:545} INFO - Filling up the DagBag from /opt/airflow/dags/example_python_operator_hook.py
[2024-09-18T04:59:59.036+0000] {processor.py:840} INFO - DAG(s) 'example_python_operator_hook' retrieved from /opt/airflow/dags/example_python_operator_hook.py
[2024-09-18T04:59:59.053+0000] {logging_mixin.py:188} INFO - [2024-09-18T04:59:59.052+0000] {dag.py:3096} INFO - Sync 1 DAGs
[2024-09-18T04:59:59.070+0000] {logging_mixin.py:188} INFO - [2024-09-18T04:59:59.069+0000] {dag.py:3954} INFO - Setting next_dagrun for example_python_operator_hook to 2024-09-18 00:00:00+00:00, run_after=2024-09-19 00:00:00+00:00
[2024-09-18T04:59:59.083+0000] {processor.py:183} INFO - Processing /opt/airflow/dags/example_python_operator_hook.py took 0.088 seconds
[2024-09-18T05:00:29.183+0000] {processor.py:161} INFO - Started process (PID=456) to work on /opt/airflow/dags/example_python_operator_hook.py
[2024-09-18T05:00:29.183+0000] {processor.py:830} INFO - Processing file /opt/airflow/dags/example_python_operator_hook.py for tasks to queue
[2024-09-18T05:00:29.185+0000] {logging_mixin.py:188} INFO - [2024-09-18T05:00:29.185+0000] {dagbag.py:545} INFO - Filling up the DagBag from /opt/airflow/dags/example_python_operator_hook.py
[2024-09-18T05:00:29.214+0000] {processor.py:840} INFO - DAG(s) 'example_python_operator_hook' retrieved from /opt/airflow/dags/example_python_operator_hook.py
[2024-09-18T05:00:29.231+0000] {logging_mixin.py:188} INFO - [2024-09-18T05:00:29.231+0000] {dag.py:3096} INFO - Sync 1 DAGs
[2024-09-18T05:00:29.249+0000] {logging_mixin.py:188} INFO - [2024-09-18T05:00:29.249+0000] {dag.py:3954} INFO - Setting next_dagrun for example_python_operator_hook to 2024-09-18 00:00:00+00:00, run_after=2024-09-19 00:00:00+00:00
[2024-09-18T05:00:29.264+0000] {processor.py:183} INFO - Processing /opt/airflow/dags/example_python_operator_hook.py took 0.088 seconds
[2024-09-18T05:00:59.308+0000] {processor.py:161} INFO - Started process (PID=467) to work on /opt/airflow/dags/example_python_operator_hook.py
[2024-09-18T05:00:59.309+0000] {processor.py:830} INFO - Processing file /opt/airflow/dags/example_python_operator_hook.py for tasks to queue
[2024-09-18T05:00:59.310+0000] {logging_mixin.py:188} INFO - [2024-09-18T05:00:59.310+0000] {dagbag.py:545} INFO - Filling up the DagBag from /opt/airflow/dags/example_python_operator_hook.py
[2024-09-18T05:00:59.341+0000] {processor.py:840} INFO - DAG(s) 'example_python_operator_hook' retrieved from /opt/airflow/dags/example_python_operator_hook.py
[2024-09-18T05:00:59.358+0000] {logging_mixin.py:188} INFO - [2024-09-18T05:00:59.357+0000] {dag.py:3096} INFO - Sync 1 DAGs
[2024-09-18T05:00:59.375+0000] {logging_mixin.py:188} INFO - [2024-09-18T05:00:59.375+0000] {dag.py:3954} INFO - Setting next_dagrun for example_python_operator_hook to 2024-09-18 00:00:00+00:00, run_after=2024-09-19 00:00:00+00:00
[2024-09-18T05:00:59.390+0000] {processor.py:183} INFO - Processing /opt/airflow/dags/example_python_operator_hook.py took 0.090 seconds
[2024-09-18T05:01:29.498+0000] {processor.py:161} INFO - Started process (PID=478) to work on /opt/airflow/dags/example_python_operator_hook.py
[2024-09-18T05:01:29.499+0000] {processor.py:830} INFO - Processing file /opt/airflow/dags/example_python_operator_hook.py for tasks to queue
[2024-09-18T05:01:29.500+0000] {logging_mixin.py:188} INFO - [2024-09-18T05:01:29.500+0000] {dagbag.py:545} INFO - Filling up the DagBag from /opt/airflow/dags/example_python_operator_hook.py
[2024-09-18T05:01:29.531+0000] {processor.py:840} INFO - DAG(s) 'example_python_operator_hook' retrieved from /opt/airflow/dags/example_python_operator_hook.py
[2024-09-18T05:01:29.547+0000] {logging_mixin.py:188} INFO - [2024-09-18T05:01:29.547+0000] {dag.py:3096} INFO - Sync 1 DAGs
[2024-09-18T05:01:29.564+0000] {logging_mixin.py:188} INFO - [2024-09-18T05:01:29.564+0000] {dag.py:3954} INFO - Setting next_dagrun for example_python_operator_hook to 2024-09-18 00:00:00+00:00, run_after=2024-09-19 00:00:00+00:00
[2024-09-18T05:01:29.579+0000] {processor.py:183} INFO - Processing /opt/airflow/dags/example_python_operator_hook.py took 0.088 seconds
[2024-09-18T05:01:59.623+0000] {processor.py:161} INFO - Started process (PID=489) to work on /opt/airflow/dags/example_python_operator_hook.py
[2024-09-18T05:01:59.624+0000] {processor.py:830} INFO - Processing file /opt/airflow/dags/example_python_operator_hook.py for tasks to queue
[2024-09-18T05:01:59.625+0000] {logging_mixin.py:188} INFO - [2024-09-18T05:01:59.625+0000] {dagbag.py:545} INFO - Filling up the DagBag from /opt/airflow/dags/example_python_operator_hook.py
[2024-09-18T05:01:59.656+0000] {processor.py:840} INFO - DAG(s) 'example_python_operator_hook' retrieved from /opt/airflow/dags/example_python_operator_hook.py
[2024-09-18T05:01:59.673+0000] {logging_mixin.py:188} INFO - [2024-09-18T05:01:59.673+0000] {dag.py:3096} INFO - Sync 1 DAGs
[2024-09-18T05:01:59.691+0000] {logging_mixin.py:188} INFO - [2024-09-18T05:01:59.691+0000] {dag.py:3954} INFO - Setting next_dagrun for example_python_operator_hook to 2024-09-18 00:00:00+00:00, run_after=2024-09-19 00:00:00+00:00
[2024-09-18T05:01:59.705+0000] {processor.py:183} INFO - Processing /opt/airflow/dags/example_python_operator_hook.py took 0.089 seconds
[2024-09-18T05:02:29.815+0000] {processor.py:161} INFO - Started process (PID=500) to work on /opt/airflow/dags/example_python_operator_hook.py
[2024-09-18T05:02:29.815+0000] {processor.py:830} INFO - Processing file /opt/airflow/dags/example_python_operator_hook.py for tasks to queue
[2024-09-18T05:02:29.817+0000] {logging_mixin.py:188} INFO - [2024-09-18T05:02:29.817+0000] {dagbag.py:545} INFO - Filling up the DagBag from /opt/airflow/dags/example_python_operator_hook.py
[2024-09-18T05:02:29.847+0000] {processor.py:840} INFO - DAG(s) 'example_python_operator_hook' retrieved from /opt/airflow/dags/example_python_operator_hook.py
[2024-09-18T05:02:29.864+0000] {logging_mixin.py:188} INFO - [2024-09-18T05:02:29.863+0000] {dag.py:3096} INFO - Sync 1 DAGs
[2024-09-18T05:02:29.881+0000] {logging_mixin.py:188} INFO - [2024-09-18T05:02:29.880+0000] {dag.py:3954} INFO - Setting next_dagrun for example_python_operator_hook to 2024-09-18 00:00:00+00:00, run_after=2024-09-19 00:00:00+00:00
[2024-09-18T05:02:29.895+0000] {processor.py:183} INFO - Processing /opt/airflow/dags/example_python_operator_hook.py took 0.087 seconds
[2024-09-18T05:02:59.944+0000] {processor.py:161} INFO - Started process (PID=511) to work on /opt/airflow/dags/example_python_operator_hook.py
[2024-09-18T05:02:59.945+0000] {processor.py:830} INFO - Processing file /opt/airflow/dags/example_python_operator_hook.py for tasks to queue
[2024-09-18T05:02:59.946+0000] {logging_mixin.py:188} INFO - [2024-09-18T05:02:59.946+0000] {dagbag.py:545} INFO - Filling up the DagBag from /opt/airflow/dags/example_python_operator_hook.py
[2024-09-18T05:02:59.978+0000] {processor.py:840} INFO - DAG(s) 'example_python_operator_hook' retrieved from /opt/airflow/dags/example_python_operator_hook.py
[2024-09-18T05:02:59.994+0000] {logging_mixin.py:188} INFO - [2024-09-18T05:02:59.994+0000] {dag.py:3096} INFO - Sync 1 DAGs
[2024-09-18T05:03:00.011+0000] {logging_mixin.py:188} INFO - [2024-09-18T05:03:00.011+0000] {dag.py:3954} INFO - Setting next_dagrun for example_python_operator_hook to 2024-09-18 00:00:00+00:00, run_after=2024-09-19 00:00:00+00:00
[2024-09-18T05:03:00.026+0000] {processor.py:183} INFO - Processing /opt/airflow/dags/example_python_operator_hook.py took 0.089 seconds
[2024-09-18T05:03:30.162+0000] {processor.py:161} INFO - Started process (PID=522) to work on /opt/airflow/dags/example_python_operator_hook.py
[2024-09-18T05:03:30.162+0000] {processor.py:830} INFO - Processing file /opt/airflow/dags/example_python_operator_hook.py for tasks to queue
[2024-09-18T05:03:30.164+0000] {logging_mixin.py:188} INFO - [2024-09-18T05:03:30.163+0000] {dagbag.py:545} INFO - Filling up the DagBag from /opt/airflow/dags/example_python_operator_hook.py
[2024-09-18T05:03:30.195+0000] {processor.py:840} INFO - DAG(s) 'example_python_operator_hook' retrieved from /opt/airflow/dags/example_python_operator_hook.py
[2024-09-18T05:03:30.211+0000] {logging_mixin.py:188} INFO - [2024-09-18T05:03:30.211+0000] {dag.py:3096} INFO - Sync 1 DAGs
[2024-09-18T05:03:30.228+0000] {logging_mixin.py:188} INFO - [2024-09-18T05:03:30.228+0000] {dag.py:3954} INFO - Setting next_dagrun for example_python_operator_hook to 2024-09-18 00:00:00+00:00, run_after=2024-09-19 00:00:00+00:00
[2024-09-18T05:03:30.242+0000] {processor.py:183} INFO - Processing /opt/airflow/dags/example_python_operator_hook.py took 0.088 seconds
[2024-09-18T05:04:00.284+0000] {processor.py:161} INFO - Started process (PID=533) to work on /opt/airflow/dags/example_python_operator_hook.py
[2024-09-18T05:04:00.285+0000] {processor.py:830} INFO - Processing file /opt/airflow/dags/example_python_operator_hook.py for tasks to queue
[2024-09-18T05:04:00.287+0000] {logging_mixin.py:188} INFO - [2024-09-18T05:04:00.286+0000] {dagbag.py:545} INFO - Filling up the DagBag from /opt/airflow/dags/example_python_operator_hook.py
[2024-09-18T05:04:00.317+0000] {processor.py:840} INFO - DAG(s) 'example_python_operator_hook' retrieved from /opt/airflow/dags/example_python_operator_hook.py
[2024-09-18T05:04:00.332+0000] {logging_mixin.py:188} INFO - [2024-09-18T05:04:00.332+0000] {dag.py:3096} INFO - Sync 1 DAGs
[2024-09-18T05:04:00.349+0000] {logging_mixin.py:188} INFO - [2024-09-18T05:04:00.349+0000] {dag.py:3954} INFO - Setting next_dagrun for example_python_operator_hook to 2024-09-18 00:00:00+00:00, run_after=2024-09-19 00:00:00+00:00
[2024-09-18T05:04:00.363+0000] {processor.py:183} INFO - Processing /opt/airflow/dags/example_python_operator_hook.py took 0.086 seconds
[2024-09-18T05:04:30.474+0000] {processor.py:161} INFO - Started process (PID=544) to work on /opt/airflow/dags/example_python_operator_hook.py
[2024-09-18T05:04:30.474+0000] {processor.py:830} INFO - Processing file /opt/airflow/dags/example_python_operator_hook.py for tasks to queue
[2024-09-18T05:04:30.476+0000] {logging_mixin.py:188} INFO - [2024-09-18T05:04:30.476+0000] {dagbag.py:545} INFO - Filling up the DagBag from /opt/airflow/dags/example_python_operator_hook.py
[2024-09-18T05:04:30.507+0000] {processor.py:840} INFO - DAG(s) 'example_python_operator_hook' retrieved from /opt/airflow/dags/example_python_operator_hook.py
[2024-09-18T05:04:30.523+0000] {logging_mixin.py:188} INFO - [2024-09-18T05:04:30.523+0000] {dag.py:3096} INFO - Sync 1 DAGs
[2024-09-18T05:04:30.540+0000] {logging_mixin.py:188} INFO - [2024-09-18T05:04:30.540+0000] {dag.py:3954} INFO - Setting next_dagrun for example_python_operator_hook to 2024-09-18 00:00:00+00:00, run_after=2024-09-19 00:00:00+00:00
[2024-09-18T05:04:30.554+0000] {processor.py:183} INFO - Processing /opt/airflow/dags/example_python_operator_hook.py took 0.088 seconds
[2024-09-18T05:05:00.601+0000] {processor.py:161} INFO - Started process (PID=555) to work on /opt/airflow/dags/example_python_operator_hook.py
[2024-09-18T05:05:00.602+0000] {processor.py:830} INFO - Processing file /opt/airflow/dags/example_python_operator_hook.py for tasks to queue
[2024-09-18T05:05:00.603+0000] {logging_mixin.py:188} INFO - [2024-09-18T05:05:00.603+0000] {dagbag.py:545} INFO - Filling up the DagBag from /opt/airflow/dags/example_python_operator_hook.py
[2024-09-18T05:05:00.635+0000] {processor.py:840} INFO - DAG(s) 'example_python_operator_hook' retrieved from /opt/airflow/dags/example_python_operator_hook.py
[2024-09-18T05:05:00.651+0000] {logging_mixin.py:188} INFO - [2024-09-18T05:05:00.651+0000] {dag.py:3096} INFO - Sync 1 DAGs
[2024-09-18T05:05:00.669+0000] {logging_mixin.py:188} INFO - [2024-09-18T05:05:00.669+0000] {dag.py:3954} INFO - Setting next_dagrun for example_python_operator_hook to 2024-09-18 00:00:00+00:00, run_after=2024-09-19 00:00:00+00:00
[2024-09-18T05:05:00.684+0000] {processor.py:183} INFO - Processing /opt/airflow/dags/example_python_operator_hook.py took 0.090 seconds
