[2024-09-09T14:01:01.768+0000] {local_task_job_runner.py:120} INFO - ::group::Pre task execution logs
[2024-09-09T14:01:01.781+0000] {taskinstance.py:2076} INFO - Dependencies all met for dep_context=non-requeueable deps ti=<TaskInstance: example_python_operator_hook.call_api_task manual__2024-09-09T14:01:00.520817+00:00 [queued]>
[2024-09-09T14:01:01.787+0000] {taskinstance.py:2076} INFO - Dependencies all met for dep_context=requeueable deps ti=<TaskInstance: example_python_operator_hook.call_api_task manual__2024-09-09T14:01:00.520817+00:00 [queued]>
[2024-09-09T14:01:01.788+0000] {taskinstance.py:2306} INFO - Starting attempt 1 of 4
[2024-09-09T14:01:01.798+0000] {taskinstance.py:2330} INFO - Executing <Task(PythonOperator): call_api_task> on 2024-09-09 14:01:00.520817+00:00
[2024-09-09T14:01:01.804+0000] {standard_task_runner.py:90} INFO - Running: ['***', 'tasks', 'run', 'example_python_operator_hook', 'call_api_task', 'manual__2024-09-09T14:01:00.520817+00:00', '--job-id', '22', '--raw', '--subdir', 'DAGS_FOLDER/example_python_operator_hook.py', '--cfg-path', '/tmp/tmp6v6mzzus']
[2024-09-09T14:01:01.806+0000] {standard_task_runner.py:91} INFO - Job 22: Subtask call_api_task
[2024-09-09T14:01:01.807+0000] {logging_mixin.py:188} WARNING - /home/***/.local/lib/python3.12/site-packages/***/task/task_runner/standard_task_runner.py:61 DeprecationWarning: This process (pid=780) is multi-threaded, use of fork() may lead to deadlocks in the child.
[2024-09-09T14:01:01.808+0000] {standard_task_runner.py:63} INFO - Started process 782 to run task
[2024-09-09T14:01:01.837+0000] {task_command.py:426} INFO - Running <TaskInstance: example_python_operator_hook.call_api_task manual__2024-09-09T14:01:00.520817+00:00 [running]> on host d3466d5464ee
[2024-09-09T14:01:01.903+0000] {taskinstance.py:2648} INFO - Exporting env vars: AIRFLOW_CTX_DAG_OWNER='***' AIRFLOW_CTX_DAG_ID='example_python_operator_hook' AIRFLOW_CTX_TASK_ID='call_api_task' AIRFLOW_CTX_EXECUTION_DATE='2024-09-09T14:01:00.520817+00:00' AIRFLOW_CTX_TRY_NUMBER='1' AIRFLOW_CTX_DAG_RUN_ID='manual__2024-09-09T14:01:00.520817+00:00'
[2024-09-09T14:01:01.904+0000] {taskinstance.py:430} INFO - ::endgroup::
[2024-09-09T14:01:02.032+0000] {base.py:84} INFO - Using connection ID 'ingestion_api' for task execution.
[2024-09-09T14:01:02.232+0000] {logging_mixin.py:188} INFO - Response Type: <class 'dict'>
[2024-09-09T14:01:02.233+0000] {logging_mixin.py:188} INFO - Response Content: {'count': 1, 'data': [{'app_temp': 20.4, 'aqi': 63, 'city_name': 'Gamla Stan', 'clouds': 89, 'country_code': 'SE', 'datetime': '2024-09-09:13', 'dewpt': 11.8, 'dhi': 84, 'dni': 714, 'elev_angle': 24.19, 'ghi': 370, 'gust': 11.8, 'h_angle': 45, 'lat': 59.33, 'lon': 18.07, 'ob_time': '2024-09-09 13:46', 'pod': 'd', 'precip': 0, 'pres': 1001, 'rh': 56, 'slp': 1004, 'snow': 0, 'solar_rad': 170.8, 'sources': ['analysis', 'radar', 'satellite'], 'state_code': '26', 'station': 'ESSB', 'sunrise': '04:05', 'sunset': '17:25', 'temp': 20.8, 'timezone': 'Europe/Stockholm', 'ts': 1725889566, 'uv': 1, 'vis': 16, 'weather': {'description': 'Broken clouds', 'code': 803, 'icon': 'c03d'}, 'wind_cdir': 'SE', 'wind_cdir_full': 'southeast', 'wind_dir': 142, 'wind_spd': 5}]}
[2024-09-09T14:01:02.240+0000] {logging_mixin.py:188} INFO - CSV file saved successfully.
[2024-09-09T14:01:02.240+0000] {python.py:237} INFO - Done. Returned value was: None
[2024-09-09T14:01:02.241+0000] {taskinstance.py:441} INFO - ::group::Post task execution logs
[2024-09-09T14:01:02.247+0000] {taskinstance.py:1206} INFO - Marking task as SUCCESS. dag_id=example_python_operator_hook, task_id=call_api_task, run_id=manual__2024-09-09T14:01:00.520817+00:00, execution_date=20240909T140100, start_date=20240909T140101, end_date=20240909T140102
[2024-09-09T14:01:02.302+0000] {local_task_job_runner.py:240} INFO - Task exited with return code 0
[2024-09-09T14:01:02.313+0000] {taskinstance.py:3498} INFO - 0 downstream tasks scheduled from follow-on schedule check
[2024-09-09T14:01:02.316+0000] {local_task_job_runner.py:222} INFO - ::endgroup::
