[2024-09-12T22:25:01.296+0000] {local_task_job_runner.py:120} INFO - ::group::Pre task execution logs
[2024-09-12T22:25:01.308+0000] {taskinstance.py:2076} INFO - Dependencies all met for dep_context=non-requeueable deps ti=<TaskInstance: example_python_operator_hook.call_api_task manual__2024-09-12T22:25:00.007356+00:00 [queued]>
[2024-09-12T22:25:01.314+0000] {taskinstance.py:2076} INFO - Dependencies all met for dep_context=requeueable deps ti=<TaskInstance: example_python_operator_hook.call_api_task manual__2024-09-12T22:25:00.007356+00:00 [queued]>
[2024-09-12T22:25:01.315+0000] {taskinstance.py:2306} INFO - Starting attempt 1 of 2
[2024-09-12T22:25:01.325+0000] {taskinstance.py:2330} INFO - Executing <Task(PythonOperator): call_api_task> on 2024-09-12 22:25:00.007356+00:00
[2024-09-12T22:25:01.332+0000] {standard_task_runner.py:90} INFO - Running: ['***', 'tasks', 'run', 'example_python_operator_hook', 'call_api_task', 'manual__2024-09-12T22:25:00.007356+00:00', '--job-id', '91', '--raw', '--subdir', 'DAGS_FOLDER/example_python_operator_hook.py', '--cfg-path', '/tmp/tmplxvgxdhe']
[2024-09-12T22:25:01.333+0000] {standard_task_runner.py:91} INFO - Job 91: Subtask call_api_task
[2024-09-12T22:25:01.335+0000] {logging_mixin.py:188} WARNING - /home/***/.local/lib/python3.12/site-packages/***/task/task_runner/standard_task_runner.py:61 DeprecationWarning: This process (pid=1895) is multi-threaded, use of fork() may lead to deadlocks in the child.
[2024-09-12T22:25:01.335+0000] {standard_task_runner.py:63} INFO - Started process 1897 to run task
[2024-09-12T22:25:01.366+0000] {task_command.py:426} INFO - Running <TaskInstance: example_python_operator_hook.call_api_task manual__2024-09-12T22:25:00.007356+00:00 [running]> on host 1ab47b72986b
[2024-09-12T22:25:01.430+0000] {taskinstance.py:2648} INFO - Exporting env vars: AIRFLOW_CTX_DAG_OWNER='***' AIRFLOW_CTX_DAG_ID='example_python_operator_hook' AIRFLOW_CTX_TASK_ID='call_api_task' AIRFLOW_CTX_EXECUTION_DATE='2024-09-12T22:25:00.007356+00:00' AIRFLOW_CTX_TRY_NUMBER='1' AIRFLOW_CTX_DAG_RUN_ID='manual__2024-09-12T22:25:00.007356+00:00'
[2024-09-12T22:25:01.431+0000] {taskinstance.py:430} INFO - ::endgroup::
[2024-09-12T22:25:01.447+0000] {base.py:84} INFO - Using connection ID 'ingestion_api' for task execution.
[2024-09-12T22:25:01.685+0000] {logging_mixin.py:188} INFO - DataFrame saved to PostgreSQL successfully.
[2024-09-12T22:25:01.690+0000] {connection.py:274} WARNING - Connection schemes (type: google_cloud_platform) shall not contain '_' according to RFC3986.
[2024-09-12T22:25:01.694+0000] {base.py:84} INFO - Using connection ID 'google_cloud_default' for task execution.
[2024-09-12T22:25:02.173+0000] {logging_mixin.py:188} INFO - File uploaded to weather_bucket_it_skolan/weather_data.csv
[2024-09-12T22:25:02.174+0000] {python.py:237} INFO - Done. Returned value was:    clouds    datetime  dewpt  ...  wind_dir  wind_gust_spd  wind_spd
0      50  2024-09-09   12.3  ...       123           12.4       6.1
1      50  2024-09-10   12.4  ...       172           13.2       4.9
2      65  2024-09-11   11.7  ...       173           12.8       4.1

[3 rows x 35 columns]
[2024-09-12T22:25:02.203+0000] {taskinstance.py:441} INFO - ::group::Post task execution logs
[2024-09-12T22:25:02.231+0000] {taskinstance.py:1206} INFO - Marking task as SUCCESS. dag_id=example_python_operator_hook, task_id=call_api_task, run_id=manual__2024-09-12T22:25:00.007356+00:00, execution_date=20240912T222500, start_date=20240912T222501, end_date=20240912T222502
[2024-09-12T22:25:02.270+0000] {local_task_job_runner.py:240} INFO - Task exited with return code 0
[2024-09-12T22:25:02.284+0000] {taskinstance.py:3498} INFO - 1 downstream tasks scheduled from follow-on schedule check
[2024-09-12T22:25:02.286+0000] {local_task_job_runner.py:222} INFO - ::endgroup::
