[2024-09-12T22:32:26.813+0000] {local_task_job_runner.py:120} INFO - ::group::Pre task execution logs
[2024-09-12T22:32:26.826+0000] {taskinstance.py:2076} INFO - Dependencies all met for dep_context=non-requeueable deps ti=<TaskInstance: example_python_operator_hook.upload_to_bigquery_task manual__2024-09-12T22:29:21.560059+00:00 [queued]>
[2024-09-12T22:32:26.832+0000] {taskinstance.py:2076} INFO - Dependencies all met for dep_context=requeueable deps ti=<TaskInstance: example_python_operator_hook.upload_to_bigquery_task manual__2024-09-12T22:29:21.560059+00:00 [queued]>
[2024-09-12T22:32:26.833+0000] {taskinstance.py:2306} INFO - Starting attempt 2 of 2
[2024-09-12T22:32:26.847+0000] {taskinstance.py:2330} INFO - Executing <Task(PythonOperator): upload_to_bigquery_task> on 2024-09-12 22:29:21.560059+00:00
[2024-09-12T22:32:26.856+0000] {logging_mixin.py:188} WARNING - /home/***/.local/lib/python3.12/site-packages/***/task/task_runner/standard_task_runner.py:61 DeprecationWarning: This process (pid=2105) is multi-threaded, use of fork() may lead to deadlocks in the child.
[2024-09-12T22:32:26.857+0000] {standard_task_runner.py:63} INFO - Started process 2107 to run task
[2024-09-12T22:32:26.856+0000] {standard_task_runner.py:90} INFO - Running: ['***', 'tasks', 'run', 'example_python_operator_hook', 'upload_to_bigquery_task', 'manual__2024-09-12T22:29:21.560059+00:00', '--job-id', '101', '--raw', '--subdir', 'DAGS_FOLDER/example_python_operator_hook.py', '--cfg-path', '/tmp/tmphgvqvfwz']
[2024-09-12T22:32:26.858+0000] {standard_task_runner.py:91} INFO - Job 101: Subtask upload_to_bigquery_task
[2024-09-12T22:32:26.906+0000] {task_command.py:426} INFO - Running <TaskInstance: example_python_operator_hook.upload_to_bigquery_task manual__2024-09-12T22:29:21.560059+00:00 [running]> on host 1ab47b72986b
[2024-09-12T22:32:27.004+0000] {taskinstance.py:2648} INFO - Exporting env vars: AIRFLOW_CTX_DAG_OWNER='***' AIRFLOW_CTX_DAG_ID='example_python_operator_hook' AIRFLOW_CTX_TASK_ID='upload_to_bigquery_task' AIRFLOW_CTX_EXECUTION_DATE='2024-09-12T22:29:21.560059+00:00' AIRFLOW_CTX_TRY_NUMBER='2' AIRFLOW_CTX_DAG_RUN_ID='manual__2024-09-12T22:29:21.560059+00:00'
[2024-09-12T22:32:27.005+0000] {taskinstance.py:430} INFO - ::endgroup::
[2024-09-12T22:32:27.087+0000] {taskinstance.py:441} INFO - ::group::Post task execution logs
[2024-09-12T22:32:27.088+0000] {taskinstance.py:2905} ERROR - Task failed with exception
Traceback (most recent call last):
  File "/home/airflow/.local/lib/python3.12/site-packages/airflow/models/taskinstance.py", line 465, in _execute_task
    result = _execute_callable(context=context, **execute_callable_kwargs)
             ^^^^^^^^^^^^^^^^^^^^^^^^^^^^^^^^^^^^^^^^^^^^^^^^^^^^^^^^^^^^^
  File "/home/airflow/.local/lib/python3.12/site-packages/airflow/models/taskinstance.py", line 432, in _execute_callable
    return execute_callable(context=context, **execute_callable_kwargs)
           ^^^^^^^^^^^^^^^^^^^^^^^^^^^^^^^^^^^^^^^^^^^^^^^^^^^^^^^^^^^^
  File "/home/airflow/.local/lib/python3.12/site-packages/airflow/models/baseoperator.py", line 400, in wrapper
    return func(self, *args, **kwargs)
           ^^^^^^^^^^^^^^^^^^^^^^^^^^^
  File "/home/airflow/.local/lib/python3.12/site-packages/airflow/operators/python.py", line 235, in execute
    return_value = self.execute_callable()
                   ^^^^^^^^^^^^^^^^^^^^^^^
  File "/home/airflow/.local/lib/python3.12/site-packages/airflow/operators/python.py", line 252, in execute_callable
    return self.python_callable(*self.op_args, **self.op_kwargs)
           ^^^^^^^^^^^^^^^^^^^^^^^^^^^^^^^^^^^^^^^^^^^^^^^^^^^^^
  File "/opt/airflow/dags/example_python_operator_hook.py", line 74, in upload_to_bigquery
    if df_dict:
       ^^^^^^^
  File "/home/airflow/.local/lib/python3.12/site-packages/pandas/core/generic.py", line 1519, in __nonzero__
    raise ValueError(
ValueError: The truth value of a DataFrame is ambiguous. Use a.empty, a.bool(), a.item(), a.any() or a.all().
[2024-09-12T22:32:27.099+0000] {taskinstance.py:1206} INFO - Marking task as FAILED. dag_id=example_python_operator_hook, task_id=upload_to_bigquery_task, run_id=manual__2024-09-12T22:29:21.560059+00:00, execution_date=20240912T222921, start_date=20240912T223226, end_date=20240912T223227
[2024-09-12T22:32:27.108+0000] {standard_task_runner.py:110} ERROR - Failed to execute job 101 for task upload_to_bigquery_task (The truth value of a DataFrame is ambiguous. Use a.empty, a.bool(), a.item(), a.any() or a.all().; 2107)
[2024-09-12T22:32:27.152+0000] {local_task_job_runner.py:240} INFO - Task exited with return code 1
[2024-09-12T22:32:27.163+0000] {taskinstance.py:3498} INFO - 0 downstream tasks scheduled from follow-on schedule check
[2024-09-12T22:32:27.165+0000] {local_task_job_runner.py:222} INFO - ::endgroup::
